2017-04-15 13:18:14  开始调度
2017-04-15 14:26:15  停止调度
2017-04-15 14:26:31  开始调度
2017-04-15 14:26:36  停止调度
2017-04-15 14:26:43  开始调度
2017-04-15 14:26:58  停止调度
2017-04-15 14:27:41  开始调度
2017-04-15 14:27:46  停止调度
2017-04-15 14:27:48 988 后期处理失败{,}print asgsafklasfsa{,}True{,}
2017-04-15 14:56:09  开始调度
2017-04-15 14:59:37  停止调度
2017-04-15 14:59:39 988 【SQL执行结果】同步出现错误,有大量重复日志产生!
2017-04-15 15:20:53  开始调度
2017-04-15 15:20:58  停止调度
2017-04-15 15:21:00 988 【SQL执行结果】同步出现错误,有大量重复日志产生!
2017-04-15 15:21:12  开始调度
2017-04-15 15:21:14  停止调度
2017-04-15 15:21:15 988 【SQL执行结果】同步出现严重错误,有大量重复日志产生!
2017-04-15 15:25:16  开始调度
2017-04-15 15:25:19  停止调度
2017-04-15 15:25:28 988 【SQL执行结果】同步出现严重错误,有大量重复日志产生!
2017-04-15 15:25:49  开始调度
2017-04-15 15:30:10  停止调度
2017-04-15 15:30:10  开始调度
2017-04-15 15:31:25  停止调度
2017-04-15 15:31:25  开始调度
2017-04-15 15:34:32  停止调度
2017-04-15 15:34:39  开始调度
2017-04-15 15:34:53  停止调度
2017-04-15 15:34:54  开始调度
2017-04-15 15:35:09  停止调度
2017-04-15 15:35:11  开始调度
2017-04-15 15:37:56  停止调度
2017-04-15 15:37:57  开始调度
2017-04-15 15:43:45  开始调度
2017-04-15 15:50:46  开始调度
2017-04-15 15:50:47 44 【44】相同任务或其它互斥任务正在执行，当前任务加入等待列表!
2017-04-15 15:50:48 44 【44】相同任务或其它互斥任务正在执行，当前任务加入等待列表!
2017-04-15 15:50:48 988 任务开始
2017-04-15 15:50:48 988 SCM一卡通middle table create success
2017-04-15 15:50:48 988 无分组
2017-04-15 15:50:48  数据库操作异常无法打开登录所请求的数据库 "TCPIPGDJ"。登录失败。
用户 'J7-20151128EIND\Administrator' 登录失败。
2017-04-15 15:50:48 988 获取原始数据失败get data errorrun sql:select deptno,'00',deptname from department 
2017-04-15 15:50:49 44 【44】相同任务或其它互斥任务正在执行，当前任务加入等待列表!
2017-04-15 15:50:50 44 【44】相同任务或其它互斥任务正在执行，当前任务加入等待列表!
2017-04-15 15:50:51 44 【44】相同任务或其它互斥任务正在执行，当前任务加入等待列表!
2017-04-15 15:50:51 988 任务开始
2017-04-15 15:50:51 988 SCM一卡通middle table create success
2017-04-15 15:50:51 988 无分组
2017-04-15 15:50:51  数据库操作异常无法打开登录所请求的数据库 "TCPIPGDJ"。登录失败。
用户 'J7-20151128EIND\Administrator' 登录失败。
2017-04-15 15:50:51 988 获取原始数据失败get data errorrun sql:select deptno,'00',deptname from department 
2017-04-15 15:50:52 44 【44】相同任务或其它互斥任务正在执行，当前任务加入等待列表!
2017-04-15 15:50:53 44 【44】相同任务或其它互斥任务正在执行，当前任务加入等待列表!
2017-04-15 15:50:54 44 【44】相同任务或其它互斥任务正在执行，当前任务加入等待列表!
2017-04-15 15:50:54 988 任务开始
2017-04-15 15:50:54 988 SCM一卡通middle table create success
2017-04-15 15:50:54 988 无分组
2017-04-15 15:50:54  数据库操作异常无法打开登录所请求的数据库 "TCPIPGDJ"。登录失败。
用户 'J7-20151128EIND\Administrator' 登录失败。
2017-04-15 15:50:54 988 获取原始数据失败get data errorrun sql:select deptno,'00',deptname from department 
2017-04-15 15:50:55 44 【44】相同任务或其它互斥任务正在执行，当前任务加入等待列表!
2017-04-15 15:50:56 44 【44】相同任务或其它互斥任务正在执行，当前任务加入等待列表!
2017-04-15 15:50:57 44 【44】相同任务或其它互斥任务正在执行，当前任务加入等待列表!
2017-04-15 15:50:57 988 任务开始
2017-04-15 15:50:57 988 SCM一卡通middle table create success
2017-04-15 15:50:57 988 无分组
2017-04-15 15:50:57  数据库操作异常无法打开登录所请求的数据库 "TCPIPGDJ"。登录失败。
用户 'J7-20151128EIND\Administrator' 登录失败。
2017-04-15 15:50:57 988 获取原始数据失败get data errorrun sql:select deptno,'00',deptname from department 
2017-04-15 15:50:58 44 【44】相同任务或其它互斥任务正在执行，当前任务加入等待列表!
2017-04-15 15:50:59 44 【44】相同任务或其它互斥任务正在执行，当前任务加入等待列表!
2017-04-15 15:51:00 44 【44】相同任务或其它互斥任务正在执行，当前任务加入等待列表!
2017-04-15 15:51:00 988 任务开始
2017-04-15 15:51:00 988 SCM一卡通middle table create success
2017-04-15 15:51:00 988 无分组
2017-04-15 15:51:00  数据库操作异常无法打开登录所请求的数据库 "TCPIPGDJ"。登录失败。
用户 'J7-20151128EIND\Administrator' 登录失败。
2017-04-15 15:51:00 988 获取原始数据失败get data errorrun sql:select deptno,'00',deptname from department 
2017-04-15 15:51:01 44 【44】相同任务或其它互斥任务正在执行，当前任务加入等待列表!
2017-04-15 15:51:02 44 【44】相同任务或其它互斥任务正在执行，当前任务加入等待列表!
2017-04-15 15:51:03 44 【44】相同任务或其它互斥任务正在执行，当前任务加入等待列表!
2017-04-15 15:51:03 988 任务开始
2017-04-15 15:51:03 988 SCM一卡通middle table create success
2017-04-15 15:51:03 988 无分组
2017-04-15 15:51:03  数据库操作异常无法打开登录所请求的数据库 "TCPIPGDJ"。登录失败。
用户 'J7-20151128EIND\Administrator' 登录失败。
2017-04-15 15:51:03 988 获取原始数据失败get data errorrun sql:select deptno,'00',deptname from department 
2017-04-15 15:51:04 44 【44】相同任务或其它互斥任务正在执行，当前任务加入等待列表!
2017-04-15 15:51:05 44 【44】相同任务或其它互斥任务正在执行，当前任务加入等待列表!
2017-04-15 15:51:06 44 【44】相同任务或其它互斥任务正在执行，当前任务加入等待列表!
2017-04-15 15:51:06 988 任务开始
2017-04-15 15:51:06 988 SCM一卡通middle table create success
2017-04-15 15:51:06 988 无分组
2017-04-15 15:51:06  数据库操作异常无法打开登录所请求的数据库 "TCPIPGDJ"。登录失败。
用户 'J7-20151128EIND\Administrator' 登录失败。
2017-04-15 15:51:06 988 获取原始数据失败get data errorrun sql:select deptno,'00',deptname from department 
2017-04-15 15:51:07 44 【44】相同任务或其它互斥任务正在执行，当前任务加入等待列表!
2017-04-15 15:51:07  停止调度
2017-04-15 15:51:07  开始调度
2017-04-15 15:51:12 988 任务开始
2017-04-15 15:51:12 988 SCM一卡通middle table create success
2017-04-15 15:51:12 988 无分组
2017-04-15 15:51:12  数据库操作异常无法打开登录所请求的数据库 "TCPIPGDJ"。登录失败。
用户 'J7-20151128EIND\Administrator' 登录失败。
2017-04-15 15:51:12 988 获取原始数据失败get data errorrun sql:select deptno,'00',deptname from department 
2017-04-15 15:51:15 988 任务开始
2017-04-15 15:51:15 988 SCM一卡通middle table create success
2017-04-15 15:51:15 988 无分组
2017-04-15 15:51:15  数据库操作异常无法打开登录所请求的数据库 "TCPIPGDJ"。登录失败。
用户 'J7-20151128EIND\Administrator' 登录失败。
2017-04-15 15:51:15 988 获取原始数据失败get data errorrun sql:select deptno,'00',deptname from department 
2017-04-15 15:51:18 988 任务开始
2017-04-15 15:51:18 988 SCM一卡通middle table create success
2017-04-15 15:51:18 988 无分组
2017-04-15 15:51:18  数据库操作异常无法打开登录所请求的数据库 "TCPIPGDJ"。登录失败。
用户 'J7-20151128EIND\Administrator' 登录失败。
2017-04-15 15:51:18 988 获取原始数据失败get data errorrun sql:select deptno,'00',deptname from department 
2017-04-15 15:51:21 988 任务开始
2017-04-15 15:51:21 988 SCM一卡通middle table create success
2017-04-15 15:51:21 988 无分组
2017-04-15 15:51:21  数据库操作异常无法打开登录所请求的数据库 "TCPIPGDJ"。登录失败。
用户 'J7-20151128EIND\Administrator' 登录失败。
2017-04-15 15:51:21 988 获取原始数据失败get data errorrun sql:select deptno,'00',deptname from department 
2017-04-15 15:51:24 988 任务开始
2017-04-15 15:51:24 988 SCM一卡通middle table create success
2017-04-15 15:51:24 988 无分组
2017-04-15 15:51:24  数据库操作异常无法打开登录所请求的数据库 "TCPIPGDJ"。登录失败。
用户 'J7-20151128EIND\Administrator' 登录失败。
2017-04-15 15:51:24 988 获取原始数据失败get data errorrun sql:select deptno,'00',deptname from department 
2017-04-15 15:51:27 988 任务开始
2017-04-15 15:51:27 988 SCM一卡通middle table create success
2017-04-15 15:51:27 988 无分组
2017-04-15 15:51:27  数据库操作异常无法打开登录所请求的数据库 "TCPIPGDJ"。登录失败。
用户 'J7-20151128EIND\Administrator' 登录失败。
2017-04-15 15:51:27 988 获取原始数据失败get data errorrun sql:select deptno,'00',deptname from department 
2017-04-15 15:51:30 988 任务开始
2017-04-15 15:51:30 988 SCM一卡通middle table create success
2017-04-15 15:51:30 988 无分组
2017-04-15 15:51:30  数据库操作异常无法打开登录所请求的数据库 "TCPIPGDJ"。登录失败。
用户 'J7-20151128EIND\Administrator' 登录失败。
2017-04-15 15:51:30 988 获取原始数据失败get data errorrun sql:select deptno,'00',deptname from department 
2017-04-15 15:51:33 988 任务开始
2017-04-15 15:51:33 988 SCM一卡通middle table create success
2017-04-15 15:51:33 988 无分组
2017-04-15 15:51:33  数据库操作异常无法打开登录所请求的数据库 "TCPIPGDJ"。登录失败。
用户 'J7-20151128EIND\Administrator' 登录失败。
2017-04-15 15:51:33 988 获取原始数据失败get data errorrun sql:select deptno,'00',deptname from department 
2017-04-15 15:51:36 988 任务开始
2017-04-15 15:51:36 988 SCM一卡通middle table create success
2017-04-15 15:51:36 988 无分组
2017-04-15 15:51:36  数据库操作异常无法打开登录所请求的数据库 "TCPIPGDJ"。登录失败。
用户 'J7-20151128EIND\Administrator' 登录失败。
2017-04-15 15:51:36 988 获取原始数据失败get data errorrun sql:select deptno,'00',deptname from department 
2017-04-15 15:51:39 988 任务开始
2017-04-15 15:51:39 988 SCM一卡通middle table create success
2017-04-15 15:51:39 988 无分组
2017-04-15 15:51:39  数据库操作异常无法打开登录所请求的数据库 "TCPIPGDJ"。登录失败。
用户 'J7-20151128EIND\Administrator' 登录失败。
2017-04-15 15:51:39 988 获取原始数据失败get data errorrun sql:select deptno,'00',deptname from department 
2017-04-15 15:51:42 988 任务开始
2017-04-15 15:51:42 988 SCM一卡通middle table create success
2017-04-15 15:51:42 988 无分组
2017-04-15 15:51:42  数据库操作异常无法打开登录所请求的数据库 "TCPIPGDJ"。登录失败。
用户 'J7-20151128EIND\Administrator' 登录失败。
2017-04-15 15:51:42 988 获取原始数据失败get data errorrun sql:select deptno,'00',deptname from department 
2017-04-15 15:51:45 988 任务开始
2017-04-15 15:51:45  停止调度
2017-04-15 15:51:45 988 SCM一卡通middle table create success
2017-04-15 15:51:45 988 无分组
2017-04-15 15:51:45  数据库操作异常无法打开登录所请求的数据库 "TCPIPGDJ"。登录失败。
用户 'J7-20151128EIND\Administrator' 登录失败。
2017-04-15 15:51:45 988 获取原始数据失败get data errorrun sql:select deptno,'00',deptname from department 
2017-04-15 15:52:00  开始调度
2017-04-15 15:52:03 988 【988】相同任务或其它互斥任务正在执行，当前任务加入等待列表!
2017-04-15 15:52:06 988 【988】相同任务或其它互斥任务正在执行，当前任务加入等待列表!
2017-04-15 15:52:09 988 【988】相同任务或其它互斥任务正在执行，当前任务加入等待列表!
2017-04-15 15:52:12 988 【988】相同任务或其它互斥任务正在执行，当前任务加入等待列表!
2017-04-15 15:52:15 988 【988】相同任务或其它互斥任务正在执行，当前任务加入等待列表!
2017-04-15 15:52:18 988 【988】相同任务或其它互斥任务正在执行，当前任务加入等待列表!
2017-04-15 15:52:21 988 【988】相同任务或其它互斥任务正在执行，当前任务加入等待列表!
2017-04-15 15:52:23  停止调度
2017-04-15 15:52:27 988 格式错误
2017-04-15 15:52:33 988 格式错误
2017-04-15 15:52:48  开始调度
2017-04-15 15:52:51 988 【988】相同任务或其它互斥任务正在执行，当前任务加入等待列表!
2017-04-15 15:52:54 988 【988】相同任务或其它互斥任务正在执行，当前任务加入等待列表!
2017-04-15 15:52:55  停止调度
2017-04-15 15:54:06  开始调度
2017-04-15 15:54:12 988 【988】相同任务或其它互斥任务正在执行，当前任务加入等待列表!
2017-04-15 15:54:12 988 【SQL执行结果】同步出现严重错误,有大量重复日志产生!
2017-04-15 15:54:12 988 【988】任务后期处理成功{,}exec check_wt_user_up{,}True{,}
2017-04-15 15:54:12 988 停止调度
2017-04-15 15:54:13 988 【SQL执行结果】同步出现严重错误,有大量重复日志产生!
2017-04-15 15:54:13 988 【988】任务后期处理成功{,}exec check_wt_user_up{,}True{,}
2017-04-15 15:54:13 988 停止调度
2017-04-15 15:54:15 988 【SQL执行结果】同步出现严重错误,有大量重复日志产生!
2017-04-15 15:54:15 988 【988】任务后期处理成功{,}exec check_wt_user_up{,}True{,}
2017-04-15 15:54:15 988 停止调度
2017-04-15 15:54:18 988 【SQL执行结果】同步出现严重错误,有大量重复日志产生!
2017-04-15 15:54:18 988 【988】任务后期处理成功{,}exec check_wt_user_up{,}True{,}
2017-04-15 15:54:18 988 停止调度
2017-04-15 15:54:21 988 【SQL执行结果】同步出现严重错误,有大量重复日志产生!
2017-04-15 15:54:21 988 【988】任务后期处理成功{,}exec check_wt_user_up{,}True{,}
2017-04-15 15:54:21 988 停止调度
2017-04-15 15:54:24 988 【SQL执行结果】同步出现严重错误,有大量重复日志产生!
2017-04-15 15:54:24 988 【988】任务后期处理成功{,}exec check_wt_user_up{,}True{,}
2017-04-15 15:54:24 988 停止调度
2017-04-15 15:54:27 988 【SQL执行结果】同步出现严重错误,有大量重复日志产生!
2017-04-15 15:54:27 988 【988】任务后期处理成功{,}exec check_wt_user_up{,}True{,}
2017-04-15 15:54:27 988 停止调度
2017-04-15 15:54:30 988 【SQL执行结果】同步出现严重错误,有大量重复日志产生!
2017-04-15 15:54:30 988 【988】任务后期处理成功{,}exec check_wt_user_up{,}True{,}
2017-04-15 15:54:30 988 停止调度
2017-04-15 15:54:33 988 【SQL执行结果】同步出现严重错误,有大量重复日志产生!
2017-04-15 15:54:33 988 【988】任务后期处理成功{,}exec check_wt_user_up{,}True{,}
2017-04-15 15:54:33 988 停止调度
2017-04-15 15:54:36 988 【SQL执行结果】同步出现严重错误,有大量重复日志产生!
2017-04-15 15:54:36 988 【988】任务后期处理成功{,}exec check_wt_user_up{,}True{,}
2017-04-15 15:54:36 988 停止调度
2017-04-15 15:54:39 988 【SQL执行结果】同步出现严重错误,有大量重复日志产生!
2017-04-15 15:54:39 988 【988】任务后期处理成功{,}exec check_wt_user_up{,}True{,}
2017-04-15 15:54:39 988 停止调度
2017-04-15 15:54:42 988 【SQL执行结果】同步出现严重错误,有大量重复日志产生!
2017-04-15 15:54:42 988 【988】任务后期处理成功{,}exec check_wt_user_up{,}True{,}
2017-04-15 15:54:42 988 停止调度
2017-04-15 15:54:45 988 【SQL执行结果】同步出现严重错误,有大量重复日志产生!
2017-04-15 15:54:45 988 【988】任务后期处理成功{,}exec check_wt_user_up{,}True{,}
2017-04-15 15:54:45 988 停止调度
2017-04-15 15:54:48 988 【SQL执行结果】同步出现严重错误,有大量重复日志产生!
2017-04-15 15:54:48 988 【988】任务后期处理成功{,}exec check_wt_user_up{,}True{,}
2017-04-15 15:54:48 988 停止调度
2017-04-15 15:54:50  停止调度
2017-04-15 15:56:36  开始调度
2017-04-15 15:56:39 988 【SQL执行结果】同步出现严重错误,有大量重复日志产生!
2017-04-15 15:56:39 988 【988】任务后期处理成功{,}exec check_wt_user_up{,}True{,}
2017-04-15 15:56:39  停止调度
2017-04-15 15:58:52  开始调度
2017-04-15 15:58:55 988 【SQL执行结果】同步出现严重错误,有大量重复日志产生!
2017-04-15 15:58:55 988 【988】任务后期处理成功{,}exec check_wt_user_up{,}True{,}
2017-04-15 15:58:55  停止调度
2017-04-15 16:02:08  开始调度
2017-04-15 16:02:09 988 【SQL执行结果】同步出现严重错误,有大量重复日志产生!
2017-04-15 16:02:09 988 【988】任务后期处理成功{,}exec check_wt_user_up{,}True{,}
2017-04-15 16:02:09  停止调度
2017-04-15 16:02:11  开始调度
2017-04-15 16:02:12 988 【SQL执行结果】同步出现严重错误,有大量重复日志产生!
2017-04-15 16:02:12 988 【988】任务后期处理成功{,}exec check_wt_user_up{,}True{,}
2017-04-15 16:02:12  停止调度
2017-04-15 16:02:15  开始调度
2017-04-15 16:02:18 988 【SQL执行结果】同步出现严重错误,有大量重复日志产生!
2017-04-15 16:02:18 988 【988】任务后期处理成功{,}exec check_wt_user_up{,}True{,}
2017-04-15 16:02:18  停止调度
2017-04-15 16:02:39  开始调度
2017-04-15 16:02:44 988 【SQL执行结果】同步出现严重错误,有大量重复日志产生!
2017-04-15 16:02:44 988 【988】任务后期处理成功{,}exec check_wt_user_up{,}True{,}
2017-04-15 16:02:45  停止调度
2017-04-15 17:18:46  开始调度
2017-04-15 17:18:48 988 【SQL执行结果】同步出现严重错误,有大量重复日志产生!
2017-04-15 17:18:48 988 【988】任务后期处理成功{,}exec check_wt_user_up{,}True{,}
2017-04-15 17:18:48  停止调度
2017-04-15 17:19:07  开始调度
2017-04-15 17:19:10 988 【SQL执行结果】同步出现严重错误,有大量重复日志产生!
2017-04-15 17:19:10 988 【988】任务后期处理成功{,}exec check_wt_user_up{,}True{,}
2017-04-15 17:19:10  停止调度
