15:33:08  ------------任务开始，【任务编号】:20130222152800----------↓
15:33:08  【数据库操作异常】:ExecuteReader: CommandText 属性尚未初始化
15:33:08  获取对方原始数据成功，【执行语句】:select user_serial,user_no,user_lname,user_fname,dep_no,user_dep,user_ac,user_depname,user_workday,user_duty,user_card,user_finger,user_password,pwd_begin,pwd_end,user_type,pact_begin,pact_end,user_level,user_photo,user_sex,user_nation,user_xueli,user_native,user_birthday,user_id,user_post,user_linkman,user_telephone,user_address,user_email,user_1,user_2,user_bz,kq_rule,kq_taoban,kq_tiaoxiu,xf_time,xf_jiange,xf_je,user_sj,user_rank,gly_img from dt_user ,【数据条数】:756
15:33:10  向我方插入新数据成功，【数据行数】:756
15:33:10  【数据库操作异常】:不允许从数据类型 datetime 到数据类型 smallint 的隐性转换（表 'scm_main_dalian.dbo.dt_user'，列 'user_type'）。请使用 CONVERT 函数来运行此查询。
不允许从数据类型 datetime 到数据类型 int 的隐性转换（表 'scm_main_dalian.dbo.dt_user'，列 'user_level'）。请使用 CONVERT 函数来运行此查询。
不允许从数据类型 datetime 到数据类型 int 的隐性转换（表 'scm_main_dalian.dbo.dt_user'，列 'xf_jiange'）。请使用 CONVERT 函数来运行此查询。
15:33:10  我方临时表更新正式表失败，【执行语句】:begin 
delete from dt_user; insert into dt_user(user_serial,user_no,user_lname,user_fname,dep_no,user_dep,user_depname,user_workday,user_duty,user_card,user_finger,user_password,pwd_begin,pwd_end,user_type,pact_begin,pact_end,user_level,user_photo,user_sex,user_nation,user_xueli,user_native,user_birthday,user_id,user_post,user_linkman,user_telephone,user_address,user_email,user_1,user_2,user_bz,kq_rule,kq_taoban,kq_tiaoxiu,xf_time,xf_jiange,xf_je,user_sj,user_rank,gly_img,user_ac) select user_serial,user_no,user_lname,user_fname,dep_no,user_dep,user_ac,user_depname,user_workday,user_duty,user_card,user_finger,user_password,pwd_begin,pwd_end,user_type,pact_begin,pact_end,user_level,user_photo,user_sex,user_nation,user_xueli,user_native,user_birthday,user_id,user_post,user_linkman,user_telephone,user_address,user_email,user_1,user_2,user_bz,kq_rule,kq_taoban,kq_tiaoxiu,xf_time,xf_jiange,xf_je,user_sj,user_rank,gly_img from tmp_dt_user; 
end;
15:33:10  ---------任务【失败】结束，【任务编号】:20130222152800-------↑
15:33:10  
15:43:19  ------------任务开始，【任务编号】:20130222152800----------↓
15:43:19  【数据库操作异常】:ExecuteReader: CommandText 属性尚未初始化
15:43:19  获取对方原始数据成功，【执行语句】:select user_serial,user_no,user_lname,user_fname,dep_no,user_dep,user_ac,user_depname,user_workday,user_duty,user_card,user_finger,user_password,pwd_begin,pwd_end,user_type,pact_begin,pact_end,user_level,user_photo,user_sex,user_nation,user_xueli,user_native,user_birthday,user_id,user_post,user_linkman,user_telephone,user_address,user_email,user_1,user_2,user_bz,kq_rule,kq_taoban,kq_tiaoxiu,xf_time,xf_jiange,xf_je,user_sj,user_rank,gly_img from dt_user ,【数据条数】:756
15:43:20  向我方插入新数据成功，【数据行数】:756
15:43:21  我方临时表更新正式表成功，【执行语句】:begin 
delete from dt_user; insert into dt_user(user_serial,user_no,user_lname,user_fname,dep_no,user_dep) select user_serial,user_no,user_lname,user_fname,dep_no,user_dep from tmp_dt_user; 
end;
15:43:21  ---------任务【成功】结束，【任务编号】:20130222152800-------↑
15:43:21  
15:45:26  ------------任务开始，【任务编号】:20130222152800----------↓
15:45:26  【数据库操作异常】:ExecuteReader: CommandText 属性尚未初始化
15:45:26  获取对方原始数据成功，【执行语句】:select user_serial,user_no,user_lname,user_fname,dep_no,user_dep,user_ac,user_depname,user_workday,user_duty,user_card,user_finger,user_password,pwd_begin,pwd_end,user_type,pact_begin,pact_end,user_level,user_photo,user_sex,user_nation,user_xueli,user_native,user_birthday,user_id,user_post,user_linkman,user_telephone,user_address,user_email,user_1,user_2,user_bz,kq_rule,kq_taoban,kq_tiaoxiu,xf_time,xf_jiange,xf_je,user_sj,user_rank,gly_img from dt_user ,【数据条数】:756
15:45:28  向我方插入新数据成功，【数据行数】:756
15:45:29  我方临时表更新正式表成功，【执行语句】:begin 
delete from dt_user; insert into dt_user(user_serial,user_no,user_lname,user_fname,dep_no,user_dep) select user_serial,user_no,user_lname,user_fname,dep_no,user_dep from tmp_dt_user; 
end;
15:45:29  ---------任务【成功】结束，【任务编号】:20130222152800-------↑
15:45:29  
15:45:48  ------------任务开始，【任务编号】:20130222152800----------↓
15:45:48  【数据库操作异常】:ExecuteReader: CommandText 属性尚未初始化
15:45:48  获取对方原始数据成功，【执行语句】:select user_serial,user_no,user_lname,user_fname,dep_no,user_dep,user_ac,user_depname,user_workday,user_duty,user_card,user_finger,user_password,pwd_begin,pwd_end,user_type,pact_begin,pact_end,user_level,user_photo,user_sex,user_nation,user_xueli,user_native,user_birthday,user_id,user_post,user_linkman,user_telephone,user_address,user_email,user_1,user_2,user_bz,kq_rule,kq_taoban,kq_tiaoxiu,xf_time,xf_jiange,xf_je,user_sj,user_rank,gly_img from dt_user ,【数据条数】:756
15:45:50  向我方插入新数据成功，【数据行数】:756
15:45:51  我方临时表更新正式表成功，【执行语句】:begin 
delete from dt_user; insert into dt_user(user_serial,user_no,user_lname,user_fname,dep_no,user_dep) select user_serial,user_no,user_lname,user_fname,dep_no,user_dep from tmp_dt_user; 
end;
15:45:51  ---------任务【成功】结束，【任务编号】:20130222152800-------↑
15:45:51  
15:48:16  ------------任务开始，【任务编号】:20130222152800----------↓
15:48:16  【数据库操作异常】:ExecuteReader: CommandText 属性尚未初始化
15:48:16  获取对方原始数据成功，【执行语句】:select user_serial,user_no,user_lname,user_fname,dep_no,user_dep,user_ac,user_depname,user_workday,user_duty,user_card,user_finger,user_password,pwd_begin,pwd_end,user_type,pact_begin,pact_end,user_level,user_photo,user_sex,user_nation,user_xueli,user_native,user_birthday,user_id,user_post,user_linkman,user_telephone,user_address,user_email,user_1,user_2,user_bz,kq_rule,kq_taoban,kq_tiaoxiu,xf_time,xf_jiange,xf_je,user_sj,user_rank,gly_img from dt_user ,【数据条数】:756
15:48:17  向我方插入新数据成功，【数据行数】:756
15:48:17  我方临时表更新正式表成功，【执行语句】:begin 
delete from  dt_user  where not exists  ( select * from tmp_dt_user where tmp_dt_user.user_serial = dt_user.user_serial ); 

update dt_user set dt_user.user_serial = tmp_dt_user.user_serial,dt_user.user_no = tmp_dt_user.user_no,dt_user.user_lname = tmp_dt_user.user_lname,dt_user.user_fname = tmp_dt_user.user_fname,dt_user.dep_no = tmp_dt_user.dep_no,dt_user.user_dep = tmp_dt_user.user_dep from dt_user inner join tmp_dt_user on tmp_dt_user.user_serial = dt_user.user_serial; 


end;
15:48:17  ---------任务【成功】结束，【任务编号】:20130222152800-------↑
15:48:17  
15:48:43  ------------任务开始，【任务编号】:20130222152800----------↓
15:48:43  【数据库操作异常】:ExecuteReader: CommandText 属性尚未初始化
15:48:43  获取对方原始数据成功，【执行语句】:select user_serial,user_no,user_lname,user_fname,dep_no,user_dep,user_ac,user_depname,user_workday,user_duty,user_card,user_finger,user_password,pwd_begin,pwd_end,user_type,pact_begin,pact_end,user_level,user_photo,user_sex,user_nation,user_xueli,user_native,user_birthday,user_id,user_post,user_linkman,user_telephone,user_address,user_email,user_1,user_2,user_bz,kq_rule,kq_taoban,kq_tiaoxiu,xf_time,xf_jiange,xf_je,user_sj,user_rank,gly_img from dt_user ,【数据条数】:756
15:48:44  向我方插入新数据成功，【数据行数】:756
15:48:44  我方临时表更新正式表成功，【执行语句】:begin 
delete from  dt_user  where not exists  ( select * from tmp_dt_user where tmp_dt_user.user_serial = dt_user.user_serial ); 

update dt_user set dt_user.user_serial = tmp_dt_user.user_serial,dt_user.user_no = tmp_dt_user.user_no,dt_user.user_lname = tmp_dt_user.user_lname,dt_user.user_fname = tmp_dt_user.user_fname,dt_user.dep_no = tmp_dt_user.dep_no,dt_user.user_dep = tmp_dt_user.user_dep from dt_user inner join tmp_dt_user on tmp_dt_user.user_serial = dt_user.user_serial; 

insert into dt_user(user_serial,user_no,user_lname,user_fname,dep_no,user_dep)  select user_serial,user_no,user_lname,user_fname,dep_no,user_dep from  tmp_dt_user  where not exists  ( select * from dt_user where tmp_dt_user.user_serial = dt_user.user_serial ); 
end;
15:48:44  ---------任务【成功】结束，【任务编号】:20130222152800-------↑
15:48:44  
15:50:30  ------------任务开始，【任务编号】:20130222152800----------↓
15:50:30  【数据库操作异常】:ExecuteReader: CommandText 属性尚未初始化
15:50:30  获取对方原始数据成功，【执行语句】:select user_serial,user_no,user_lname,user_fname,dep_no,user_dep,user_ac,user_depname,user_workday,user_duty,user_card,user_finger,user_password,pwd_begin,pwd_end,user_type,pact_begin,pact_end,user_level,user_photo,user_sex,user_nation,user_xueli,user_native,user_birthday,user_id,user_post,user_linkman,user_telephone,user_address,user_email,user_1,user_2,user_bz,kq_rule,kq_taoban,kq_tiaoxiu,xf_time,xf_jiange,xf_je,user_sj,user_rank,gly_img from dt_user ,【数据条数】:756
15:50:31  向我方插入新数据成功，【数据行数】:756
15:50:31  我方临时表更新正式表成功，【执行语句】:begin 
update dt_user set dt_user.user_serial = tmp_dt_user.user_serial,dt_user.user_no = tmp_dt_user.user_no,dt_user.user_lname = tmp_dt_user.user_lname,dt_user.user_fname = tmp_dt_user.user_fname,dt_user.dep_no = tmp_dt_user.dep_no,dt_user.user_dep = tmp_dt_user.user_dep from dt_user inner join tmp_dt_user on tmp_dt_user.user_serial = dt_user.user_serial; 

insert into dt_user(user_serial,user_no,user_lname,user_fname,dep_no,user_dep)  select user_serial,user_no,user_lname,user_fname,dep_no,user_dep from  tmp_dt_user  where not exists  ( select * from dt_user where tmp_dt_user.user_serial = dt_user.user_serial ); 
end;
15:50:31  ---------任务【成功】结束，【任务编号】:20130222152800-------↑
15:50:31  
15:50:48  ------------任务开始，【任务编号】:20130222152800----------↓
15:50:48  【数据库操作异常】:ExecuteReader: CommandText 属性尚未初始化
15:50:48  获取对方原始数据成功，【执行语句】:select user_serial,user_no,user_lname,user_fname,dep_no,user_dep,user_ac,user_depname,user_workday,user_duty,user_card,user_finger,user_password,pwd_begin,pwd_end,user_type,pact_begin,pact_end,user_level,user_photo,user_sex,user_nation,user_xueli,user_native,user_birthday,user_id,user_post,user_linkman,user_telephone,user_address,user_email,user_1,user_2,user_bz,kq_rule,kq_taoban,kq_tiaoxiu,xf_time,xf_jiange,xf_je,user_sj,user_rank,gly_img from dt_user ,【数据条数】:756
15:50:50  向我方插入新数据成功，【数据行数】:756
15:50:50  我方临时表更新正式表成功，【执行语句】:begin 
delete from  dt_user  where not exists  ( select * from tmp_dt_user where tmp_dt_user.user_serial = dt_user.user_serial ); 

update dt_user set dt_user.user_serial = tmp_dt_user.user_serial,dt_user.user_no = tmp_dt_user.user_no,dt_user.user_lname = tmp_dt_user.user_lname,dt_user.user_fname = tmp_dt_user.user_fname,dt_user.dep_no = tmp_dt_user.dep_no,dt_user.user_dep = tmp_dt_user.user_dep from dt_user inner join tmp_dt_user on tmp_dt_user.user_serial = dt_user.user_serial; 

insert into dt_user(user_serial,user_no,user_lname,user_fname,dep_no,user_dep)  select user_serial,user_no,user_lname,user_fname,dep_no,user_dep from  tmp_dt_user  where not exists  ( select * from dt_user where tmp_dt_user.user_serial = dt_user.user_serial ); 
end;
15:50:50  ---------任务【成功】结束，【任务编号】:20130222152800-------↑
15:50:50  
15:53:24  停止调度！
15:53:24  启动调度！
15:54:00  ------------任务开始，【任务编号】:20130222152800----------↓
15:54:00  【数据库操作异常】:ExecuteReader: CommandText 属性尚未初始化
15:54:00  获取对方原始数据成功，【执行语句】:select user_serial,user_no,user_lname,user_fname,dep_no,user_dep,user_ac,user_depname,user_workday,user_duty,user_card,user_finger,user_password,pwd_begin,pwd_end,user_type,pact_begin,pact_end,user_level,user_photo,user_sex,user_nation,user_xueli,user_native,user_birthday,user_id,user_post,user_linkman,user_telephone,user_address,user_email,user_1,user_2,user_bz,kq_rule,kq_taoban,kq_tiaoxiu,xf_time,xf_jiange,xf_je,user_sj,user_rank,gly_img from dt_user ,【数据条数】:756
15:54:02  向我方插入新数据成功，【数据行数】:756
15:54:02  我方临时表更新正式表成功，【执行语句】:begin 
delete from  dt_user  where not exists  ( select * from tmp_dt_user where tmp_dt_user.user_serial = dt_user.user_serial ); 

update dt_user set dt_user.user_serial = tmp_dt_user.user_serial,dt_user.user_no = tmp_dt_user.user_no,dt_user.user_lname = tmp_dt_user.user_lname,dt_user.user_fname = tmp_dt_user.user_fname,dt_user.dep_no = tmp_dt_user.dep_no,dt_user.user_dep = tmp_dt_user.user_dep from dt_user inner join tmp_dt_user on tmp_dt_user.user_serial = dt_user.user_serial; 

insert into dt_user(user_serial,user_no,user_lname,user_fname,dep_no,user_dep)  select user_serial,user_no,user_lname,user_fname,dep_no,user_dep from  tmp_dt_user  where not exists  ( select * from dt_user where tmp_dt_user.user_serial = dt_user.user_serial ); 
end;
15:54:02  ---------任务【成功】结束，【任务编号】:20130222152800-------↑
15:54:02  
15:55:00  ------------任务开始，【任务编号】:20130222152800----------↓
15:55:00  【数据库操作异常】:ExecuteReader: CommandText 属性尚未初始化
15:55:00  获取对方原始数据成功，【执行语句】:select user_serial,user_no,user_lname,user_fname,dep_no,user_dep,user_ac,user_depname,user_workday,user_duty,user_card,user_finger,user_password,pwd_begin,pwd_end,user_type,pact_begin,pact_end,user_level,user_photo,user_sex,user_nation,user_xueli,user_native,user_birthday,user_id,user_post,user_linkman,user_telephone,user_address,user_email,user_1,user_2,user_bz,kq_rule,kq_taoban,kq_tiaoxiu,xf_time,xf_jiange,xf_je,user_sj,user_rank,gly_img from dt_user ,【数据条数】:756
15:55:02  向我方插入新数据成功，【数据行数】:756
15:55:02  我方临时表更新正式表成功，【执行语句】:begin 
delete from  dt_user  where not exists  ( select * from tmp_dt_user where tmp_dt_user.user_serial = dt_user.user_serial ); 

update dt_user set dt_user.user_serial = tmp_dt_user.user_serial,dt_user.user_no = tmp_dt_user.user_no,dt_user.user_lname = tmp_dt_user.user_lname,dt_user.user_fname = tmp_dt_user.user_fname,dt_user.dep_no = tmp_dt_user.dep_no,dt_user.user_dep = tmp_dt_user.user_dep from dt_user inner join tmp_dt_user on tmp_dt_user.user_serial = dt_user.user_serial; 

insert into dt_user(user_serial,user_no,user_lname,user_fname,dep_no,user_dep)  select user_serial,user_no,user_lname,user_fname,dep_no,user_dep from  tmp_dt_user  where not exists  ( select * from dt_user where tmp_dt_user.user_serial = dt_user.user_serial ); 
end;
15:55:02  ---------任务【成功】结束，【任务编号】:20130222152800-------↑
15:55:02  
15:56:00  ------------任务开始，【任务编号】:20130222152800----------↓
15:56:00  【数据库操作异常】:ExecuteReader: CommandText 属性尚未初始化
15:56:00  获取对方原始数据成功，【执行语句】:select user_serial,user_no,user_lname,user_fname,dep_no,user_dep,user_ac,user_depname,user_workday,user_duty,user_card,user_finger,user_password,pwd_begin,pwd_end,user_type,pact_begin,pact_end,user_level,user_photo,user_sex,user_nation,user_xueli,user_native,user_birthday,user_id,user_post,user_linkman,user_telephone,user_address,user_email,user_1,user_2,user_bz,kq_rule,kq_taoban,kq_tiaoxiu,xf_time,xf_jiange,xf_je,user_sj,user_rank,gly_img from dt_user ,【数据条数】:756
15:56:02  向我方插入新数据成功，【数据行数】:756
15:56:02  我方临时表更新正式表成功，【执行语句】:begin 
delete from  dt_user  where not exists  ( select * from tmp_dt_user where tmp_dt_user.user_serial = dt_user.user_serial ); 

update dt_user set dt_user.user_serial = tmp_dt_user.user_serial,dt_user.user_no = tmp_dt_user.user_no,dt_user.user_lname = tmp_dt_user.user_lname,dt_user.user_fname = tmp_dt_user.user_fname,dt_user.dep_no = tmp_dt_user.dep_no,dt_user.user_dep = tmp_dt_user.user_dep from dt_user inner join tmp_dt_user on tmp_dt_user.user_serial = dt_user.user_serial; 

insert into dt_user(user_serial,user_no,user_lname,user_fname,dep_no,user_dep)  select user_serial,user_no,user_lname,user_fname,dep_no,user_dep from  tmp_dt_user  where not exists  ( select * from dt_user where tmp_dt_user.user_serial = dt_user.user_serial ); 
end;
15:56:02  ---------任务【成功】结束，【任务编号】:20130222152800-------↑
15:56:02  
15:57:00  ------------任务开始，【任务编号】:20130222152800----------↓
15:57:00  【数据库操作异常】:ExecuteReader: CommandText 属性尚未初始化
15:57:00  获取对方原始数据成功，【执行语句】:select user_serial,user_no,user_lname,user_fname,dep_no,user_dep,user_ac,user_depname,user_workday,user_duty,user_card,user_finger,user_password,pwd_begin,pwd_end,user_type,pact_begin,pact_end,user_level,user_photo,user_sex,user_nation,user_xueli,user_native,user_birthday,user_id,user_post,user_linkman,user_telephone,user_address,user_email,user_1,user_2,user_bz,kq_rule,kq_taoban,kq_tiaoxiu,xf_time,xf_jiange,xf_je,user_sj,user_rank,gly_img from dt_user ,【数据条数】:756
15:57:02  向我方插入新数据成功，【数据行数】:756
15:57:02  我方临时表更新正式表成功，【执行语句】:begin 
delete from  dt_user  where not exists  ( select * from tmp_dt_user where tmp_dt_user.user_serial = dt_user.user_serial ); 

update dt_user set dt_user.user_serial = tmp_dt_user.user_serial,dt_user.user_no = tmp_dt_user.user_no,dt_user.user_lname = tmp_dt_user.user_lname,dt_user.user_fname = tmp_dt_user.user_fname,dt_user.dep_no = tmp_dt_user.dep_no,dt_user.user_dep = tmp_dt_user.user_dep from dt_user inner join tmp_dt_user on tmp_dt_user.user_serial = dt_user.user_serial; 

insert into dt_user(user_serial,user_no,user_lname,user_fname,dep_no,user_dep)  select user_serial,user_no,user_lname,user_fname,dep_no,user_dep from  tmp_dt_user  where not exists  ( select * from dt_user where tmp_dt_user.user_serial = dt_user.user_serial ); 
end;
15:57:02  ---------任务【成功】结束，【任务编号】:20130222152800-------↑
15:57:02  
15:58:00  ------------任务开始，【任务编号】:20130222152800----------↓
15:58:00  【数据库操作异常】:ExecuteReader: CommandText 属性尚未初始化
15:58:00  获取对方原始数据成功，【执行语句】:select user_serial,user_no,user_lname,user_fname,dep_no,user_dep,user_ac,user_depname,user_workday,user_duty,user_card,user_finger,user_password,pwd_begin,pwd_end,user_type,pact_begin,pact_end,user_level,user_photo,user_sex,user_nation,user_xueli,user_native,user_birthday,user_id,user_post,user_linkman,user_telephone,user_address,user_email,user_1,user_2,user_bz,kq_rule,kq_taoban,kq_tiaoxiu,xf_time,xf_jiange,xf_je,user_sj,user_rank,gly_img from dt_user ,【数据条数】:756
15:58:02  向我方插入新数据成功，【数据行数】:756
15:58:02  我方临时表更新正式表成功，【执行语句】:begin 
delete from  dt_user  where not exists  ( select * from tmp_dt_user where tmp_dt_user.user_serial = dt_user.user_serial ); 

update dt_user set dt_user.user_serial = tmp_dt_user.user_serial,dt_user.user_no = tmp_dt_user.user_no,dt_user.user_lname = tmp_dt_user.user_lname,dt_user.user_fname = tmp_dt_user.user_fname,dt_user.dep_no = tmp_dt_user.dep_no,dt_user.user_dep = tmp_dt_user.user_dep from dt_user inner join tmp_dt_user on tmp_dt_user.user_serial = dt_user.user_serial; 

insert into dt_user(user_serial,user_no,user_lname,user_fname,dep_no,user_dep)  select user_serial,user_no,user_lname,user_fname,dep_no,user_dep from  tmp_dt_user  where not exists  ( select * from dt_user where tmp_dt_user.user_serial = dt_user.user_serial ); 
end;
15:58:02  ---------任务【成功】结束，【任务编号】:20130222152800-------↑
15:58:02  
15:58:54  ------------任务开始，【任务编号】:20130222155830----------↓
15:58:54  【数据库操作异常】:ExecuteReader: CommandText 属性尚未初始化
15:58:54  获取对方原始数据成功，【执行语句】:select F1,F2,F3,F4,F5,F6,F7,F8,F9,F10 from test ,【数据条数】:39
15:58:54  向我方插入新数据成功，【数据行数】:39
15:58:54  ---------任务【成功】结束，【任务编号】:20130222155830-------↑
15:58:54  
15:59:00  ------------任务开始，【任务编号】:20130222152800----------↓
15:59:00  【数据库操作异常】:ExecuteReader: CommandText 属性尚未初始化
15:59:00  获取对方原始数据成功，【执行语句】:select user_serial,user_no,user_lname,user_fname,dep_no,user_dep,user_ac,user_depname,user_workday,user_duty,user_card,user_finger,user_password,pwd_begin,pwd_end,user_type,pact_begin,pact_end,user_level,user_photo,user_sex,user_nation,user_xueli,user_native,user_birthday,user_id,user_post,user_linkman,user_telephone,user_address,user_email,user_1,user_2,user_bz,kq_rule,kq_taoban,kq_tiaoxiu,xf_time,xf_jiange,xf_je,user_sj,user_rank,gly_img from dt_user ,【数据条数】:756
15:59:02  向我方插入新数据成功，【数据行数】:756
15:59:02  我方临时表更新正式表成功，【执行语句】:begin 
delete from  dt_user  where not exists  ( select * from tmp_dt_user where tmp_dt_user.user_serial = dt_user.user_serial ); 

update dt_user set dt_user.user_serial = tmp_dt_user.user_serial,dt_user.user_no = tmp_dt_user.user_no,dt_user.user_lname = tmp_dt_user.user_lname,dt_user.user_fname = tmp_dt_user.user_fname,dt_user.dep_no = tmp_dt_user.dep_no,dt_user.user_dep = tmp_dt_user.user_dep from dt_user inner join tmp_dt_user on tmp_dt_user.user_serial = dt_user.user_serial; 

insert into dt_user(user_serial,user_no,user_lname,user_fname,dep_no,user_dep)  select user_serial,user_no,user_lname,user_fname,dep_no,user_dep from  tmp_dt_user  where not exists  ( select * from dt_user where tmp_dt_user.user_serial = dt_user.user_serial ); 
end;
15:59:02  ---------任务【成功】结束，【任务编号】:20130222152800-------↑
15:59:02  
16:00:00  ------------任务开始，【任务编号】:20130222152800----------↓
16:00:00  【数据库操作异常】:ExecuteReader: CommandText 属性尚未初始化
16:00:00  获取对方原始数据成功，【执行语句】:select user_serial,user_no,user_lname,user_fname,dep_no,user_dep,user_ac,user_depname,user_workday,user_duty,user_card,user_finger,user_password,pwd_begin,pwd_end,user_type,pact_begin,pact_end,user_level,user_photo,user_sex,user_nation,user_xueli,user_native,user_birthday,user_id,user_post,user_linkman,user_telephone,user_address,user_email,user_1,user_2,user_bz,kq_rule,kq_taoban,kq_tiaoxiu,xf_time,xf_jiange,xf_je,user_sj,user_rank,gly_img from dt_user ,【数据条数】:756
16:00:02  向我方插入新数据成功，【数据行数】:756
16:00:02  我方临时表更新正式表成功，【执行语句】:begin 
delete from  dt_user  where not exists  ( select * from tmp_dt_user where tmp_dt_user.user_serial = dt_user.user_serial ); 

update dt_user set dt_user.user_serial = tmp_dt_user.user_serial,dt_user.user_no = tmp_dt_user.user_no,dt_user.user_lname = tmp_dt_user.user_lname,dt_user.user_fname = tmp_dt_user.user_fname,dt_user.dep_no = tmp_dt_user.dep_no,dt_user.user_dep = tmp_dt_user.user_dep from dt_user inner join tmp_dt_user on tmp_dt_user.user_serial = dt_user.user_serial; 

insert into dt_user(user_serial,user_no,user_lname,user_fname,dep_no,user_dep)  select user_serial,user_no,user_lname,user_fname,dep_no,user_dep from  tmp_dt_user  where not exists  ( select * from dt_user where tmp_dt_user.user_serial = dt_user.user_serial ); 
end;
16:00:02  ---------任务【成功】结束，【任务编号】:20130222152800-------↑
16:00:02  
16:00:04  ------------任务开始，【任务编号】:20130222155830----------↓
16:00:04  获取我方原始数据成功，【执行语句】:select F1,F2,F3,F4,F5,F6,F7,F8,F9,F10 from tmp_test ,【数据条数】:39
16:00:04  【数据库操作异常】:对象名 'tmp_test' 无效。
16:00:04  删除对方旧数据失败，【执行语句】:delete from tmp_test
16:00:04  ---------任务【失败】结束，【任务编号】:20130222155830-------↑
16:00:04  
16:01:00  ------------任务开始，【任务编号】:20130222152800----------↓
16:01:00  【数据库操作异常】:ExecuteReader: CommandText 属性尚未初始化
16:01:00  获取对方原始数据成功，【执行语句】:select user_serial,user_no,user_lname,user_fname,dep_no,user_dep,user_ac,user_depname,user_workday,user_duty,user_card,user_finger,user_password,pwd_begin,pwd_end,user_type,pact_begin,pact_end,user_level,user_photo,user_sex,user_nation,user_xueli,user_native,user_birthday,user_id,user_post,user_linkman,user_telephone,user_address,user_email,user_1,user_2,user_bz,kq_rule,kq_taoban,kq_tiaoxiu,xf_time,xf_jiange,xf_je,user_sj,user_rank,gly_img from dt_user ,【数据条数】:756
16:01:02  向我方插入新数据成功，【数据行数】:756
16:01:02  我方临时表更新正式表成功，【执行语句】:begin 
delete from  dt_user  where not exists  ( select * from tmp_dt_user where tmp_dt_user.user_serial = dt_user.user_serial ); 

update dt_user set dt_user.user_serial = tmp_dt_user.user_serial,dt_user.user_no = tmp_dt_user.user_no,dt_user.user_lname = tmp_dt_user.user_lname,dt_user.user_fname = tmp_dt_user.user_fname,dt_user.dep_no = tmp_dt_user.dep_no,dt_user.user_dep = tmp_dt_user.user_dep from dt_user inner join tmp_dt_user on tmp_dt_user.user_serial = dt_user.user_serial; 

insert into dt_user(user_serial,user_no,user_lname,user_fname,dep_no,user_dep)  select user_serial,user_no,user_lname,user_fname,dep_no,user_dep from  tmp_dt_user  where not exists  ( select * from dt_user where tmp_dt_user.user_serial = dt_user.user_serial ); 
end;
16:01:02  ---------任务【成功】结束，【任务编号】:20130222152800-------↑
16:01:02  
16:01:08  ------------任务开始，【任务编号】:20130222155830----------↓
16:01:08  获取我方原始数据成功，【执行语句】:select F1,F2,F3,F4,F5,F6,F7,F8,F9,F10 from tmp_test ,【数据条数】:39
16:01:08  向对方插入数据成功，【数据行数】:39
16:01:08  ---------任务【成功】结束，【任务编号】:20130222155830-------↑
16:01:08  
16:02:00  ------------任务开始，【任务编号】:20130222152800----------↓
16:02:00  【数据库操作异常】:ExecuteReader: CommandText 属性尚未初始化
16:02:00  获取对方原始数据成功，【执行语句】:select user_serial,user_no,user_lname,user_fname,dep_no,user_dep,user_ac,user_depname,user_workday,user_duty,user_card,user_finger,user_password,pwd_begin,pwd_end,user_type,pact_begin,pact_end,user_level,user_photo,user_sex,user_nation,user_xueli,user_native,user_birthday,user_id,user_post,user_linkman,user_telephone,user_address,user_email,user_1,user_2,user_bz,kq_rule,kq_taoban,kq_tiaoxiu,xf_time,xf_jiange,xf_je,user_sj,user_rank,gly_img from dt_user ,【数据条数】:756
16:02:02  向我方插入新数据成功，【数据行数】:756
16:02:02  我方临时表更新正式表成功，【执行语句】:begin 
delete from  dt_user  where not exists  ( select * from tmp_dt_user where tmp_dt_user.user_serial = dt_user.user_serial ); 

update dt_user set dt_user.user_serial = tmp_dt_user.user_serial,dt_user.user_no = tmp_dt_user.user_no,dt_user.user_lname = tmp_dt_user.user_lname,dt_user.user_fname = tmp_dt_user.user_fname,dt_user.dep_no = tmp_dt_user.dep_no,dt_user.user_dep = tmp_dt_user.user_dep from dt_user inner join tmp_dt_user on tmp_dt_user.user_serial = dt_user.user_serial; 

insert into dt_user(user_serial,user_no,user_lname,user_fname,dep_no,user_dep)  select user_serial,user_no,user_lname,user_fname,dep_no,user_dep from  tmp_dt_user  where not exists  ( select * from dt_user where tmp_dt_user.user_serial = dt_user.user_serial ); 
end;
16:02:02  ---------任务【成功】结束，【任务编号】:20130222152800-------↑
16:02:02  
16:03:00  ------------任务开始，【任务编号】:20130222152800----------↓
16:03:00  【数据库操作异常】:ExecuteReader: CommandText 属性尚未初始化
16:03:00  获取对方原始数据成功，【执行语句】:select user_serial,user_no,user_lname,user_fname,dep_no,user_dep,user_ac,user_depname,user_workday,user_duty,user_card,user_finger,user_password,pwd_begin,pwd_end,user_type,pact_begin,pact_end,user_level,user_photo,user_sex,user_nation,user_xueli,user_native,user_birthday,user_id,user_post,user_linkman,user_telephone,user_address,user_email,user_1,user_2,user_bz,kq_rule,kq_taoban,kq_tiaoxiu,xf_time,xf_jiange,xf_je,user_sj,user_rank,gly_img from dt_user ,【数据条数】:756
16:03:02  向我方插入新数据成功，【数据行数】:756
16:03:02  我方临时表更新正式表成功，【执行语句】:begin 
delete from  dt_user  where not exists  ( select * from tmp_dt_user where tmp_dt_user.user_serial = dt_user.user_serial ); 

update dt_user set dt_user.user_serial = tmp_dt_user.user_serial,dt_user.user_no = tmp_dt_user.user_no,dt_user.user_lname = tmp_dt_user.user_lname,dt_user.user_fname = tmp_dt_user.user_fname,dt_user.dep_no = tmp_dt_user.dep_no,dt_user.user_dep = tmp_dt_user.user_dep from dt_user inner join tmp_dt_user on tmp_dt_user.user_serial = dt_user.user_serial; 

insert into dt_user(user_serial,user_no,user_lname,user_fname,dep_no,user_dep)  select user_serial,user_no,user_lname,user_fname,dep_no,user_dep from  tmp_dt_user  where not exists  ( select * from dt_user where tmp_dt_user.user_serial = dt_user.user_serial ); 
end;
16:03:02  ---------任务【成功】结束，【任务编号】:20130222152800-------↑
16:03:02  
16:04:00  ------------任务开始，【任务编号】:20130222152800----------↓
16:04:00  【数据库操作异常】:ExecuteReader: CommandText 属性尚未初始化
16:04:00  获取对方原始数据成功，【执行语句】:select user_serial,user_no,user_lname,user_fname,dep_no,user_dep,user_ac,user_depname,user_workday,user_duty,user_card,user_finger,user_password,pwd_begin,pwd_end,user_type,pact_begin,pact_end,user_level,user_photo,user_sex,user_nation,user_xueli,user_native,user_birthday,user_id,user_post,user_linkman,user_telephone,user_address,user_email,user_1,user_2,user_bz,kq_rule,kq_taoban,kq_tiaoxiu,xf_time,xf_jiange,xf_je,user_sj,user_rank,gly_img from dt_user ,【数据条数】:756
16:04:02  向我方插入新数据成功，【数据行数】:756
16:04:02  我方临时表更新正式表成功，【执行语句】:begin 
delete from  dt_user  where not exists  ( select * from tmp_dt_user where tmp_dt_user.user_serial = dt_user.user_serial ); 

update dt_user set dt_user.user_serial = tmp_dt_user.user_serial,dt_user.user_no = tmp_dt_user.user_no,dt_user.user_lname = tmp_dt_user.user_lname,dt_user.user_fname = tmp_dt_user.user_fname,dt_user.dep_no = tmp_dt_user.dep_no,dt_user.user_dep = tmp_dt_user.user_dep from dt_user inner join tmp_dt_user on tmp_dt_user.user_serial = dt_user.user_serial; 

insert into dt_user(user_serial,user_no,user_lname,user_fname,dep_no,user_dep)  select user_serial,user_no,user_lname,user_fname,dep_no,user_dep from  tmp_dt_user  where not exists  ( select * from dt_user where tmp_dt_user.user_serial = dt_user.user_serial ); 
end;
16:04:02  ---------任务【成功】结束，【任务编号】:20130222152800-------↑
16:04:02  
16:05:01  启动调度！
16:05:17  启动调度！
16:13:04  启动调度！
