2017-05-17 15:21:37  开始调度
2017-05-17 15:21:40 988 【SQL执行结果】同步出现严重错误,有大量重复日志产生!&lock&
2017-05-17 15:21:40 988 【988】任务后期处理成功{,}exec check_wt_user_up{,}True{,}
2017-05-17 15:21:40  停止调度
2017-05-17 15:22:05 988 【SQL执行结果】同步出现严重错误,有大量重复日志产生!&lock&
2017-05-17 15:22:08 988 【SQL执行结果】同步出现严重错误,有大量重复日志产生!&lock&
2017-05-17 15:36:13 988 【SQL执行结果】&unlock&
2017-05-17 15:36:21  开始调度
2017-05-17 15:36:24 988 【SQL执行结果】&unlock&
2017-05-17 15:36:24 988 【988】任务后期处理成功{,}exec check_wt_user_up{,}True{,}
2017-05-17 15:36:28 988 【SQL执行结果】&unlock&
2017-05-17 15:36:28 988 【988】任务后期处理成功{,}exec check_wt_user_up{,}True{,}
2017-05-17 16:16:28  开始调度
2017-05-17 16:16:32 988 【SQL执行结果】&unlock&
2017-05-17 16:16:32 988 【988】任务后期处理成功{,}exec check_wt_user_up{,}True{,}
2017-05-17 16:16:36 988 【SQL执行结果】&unlock&
2017-05-17 16:16:36 988 【988】任务后期处理成功{,}exec check_wt_user_up{,}True{,}
2017-05-17 16:16:40 988 【SQL执行结果】&unlock&
2017-05-17 16:16:40 988 【988】任务后期处理成功{,}exec check_wt_user_up{,}True{,}
2017-05-17 16:16:44 988 【SQL执行结果】&unlock&
2017-05-17 16:16:44 988 【988】任务后期处理成功{,}exec check_wt_user_up{,}True{,}
2017-05-17 16:16:45 988 【SQL执行结果】&unlock&
2017-05-17 16:16:45 988 【988】任务后期处理成功{,}exec check_wt_user_up{,}True{,}
2017-05-17 16:16:48 988 【SQL执行结果】&unlock&
2017-05-17 16:16:48 988 【988】任务后期处理成功{,}exec check_wt_user_up{,}True{,}
2017-05-17 16:16:52 988 【SQL执行结果】&unlock&
2017-05-17 16:16:52 988 【988】任务后期处理成功{,}exec check_wt_user_up{,}True{,}
2017-05-17 16:16:56 988 【SQL执行结果】&unlock&
2017-05-17 16:16:56 988 【988】任务后期处理成功{,}exec check_wt_user_up{,}True{,}
2017-05-17 16:17:00 988 【SQL执行结果】&unlock&
2017-05-17 16:17:00 988 【988】任务后期处理成功{,}exec check_wt_user_up{,}True{,}
2017-05-17 16:17:04 988 【SQL执行结果】&unlock&
2017-05-17 16:17:04 988 【988】任务后期处理成功{,}exec check_wt_user_up{,}True{,}
2017-05-17 16:17:08 988 【SQL执行结果】&unlock&
2017-05-17 16:17:08 988 【988】任务后期处理成功{,}exec check_wt_user_up{,}True{,}
2017-05-17 16:17:12 988 【SQL执行结果】&unlock&
2017-05-17 16:17:12 988 【988】任务后期处理成功{,}exec check_wt_user_up{,}True{,}
2017-05-17 16:17:16 988 【SQL执行结果】&unlock&
2017-05-17 16:17:16 988 【988】任务后期处理成功{,}exec check_wt_user_up{,}True{,}
2017-05-17 16:17:20 988 【SQL执行结果】&unlock&
2017-05-17 16:17:20 988 【988】任务后期处理成功{,}exec check_wt_user_up{,}True{,}
2017-05-17 16:17:24 988 【SQL执行结果】&unlock&
2017-05-17 16:17:24 988 【988】任务后期处理成功{,}exec check_wt_user_up{,}True{,}
2017-05-17 16:17:28 988 【SQL执行结果】&unlock&
2017-05-17 16:17:28 988 【988】任务后期处理成功{,}exec check_wt_user_up{,}True{,}
2017-05-17 16:17:32 988 【SQL执行结果】&unlock&
2017-05-17 16:17:32 988 【988】任务后期处理成功{,}exec check_wt_user_up{,}True{,}
2017-05-17 16:17:36 988 【SQL执行结果】&unlock&
2017-05-17 16:17:36 988 【988】任务后期处理成功{,}exec check_wt_user_up{,}True{,}
2017-05-17 16:17:40 988 【SQL执行结果】&unlock&
2017-05-17 16:17:40 988 【988】任务后期处理成功{,}exec check_wt_user_up{,}True{,}
2017-05-17 16:17:44 988 【SQL执行结果】&unlock&
2017-05-17 16:17:44 988 【988】任务后期处理成功{,}exec check_wt_user_up{,}True{,}
2017-05-17 16:17:48 988 【SQL执行结果】&unlock&
2017-05-17 16:17:48 988 【988】任务后期处理成功{,}exec check_wt_user_up{,}True{,}
2017-05-17 16:17:52 988 【SQL执行结果】&unlock&
2017-05-17 16:17:52 988 【988】任务后期处理成功{,}exec check_wt_user_up{,}True{,}
2017-05-17 16:17:56 988 【SQL执行结果】&unlock&
2017-05-17 16:17:56 988 【988】任务后期处理成功{,}exec check_wt_user_up{,}True{,}
2017-05-17 16:18:00 988 【SQL执行结果】&unlock&
2017-05-17 16:18:00 988 【988】任务后期处理成功{,}exec check_wt_user_up{,}True{,}
2017-05-17 16:18:04 988 【SQL执行结果】&unlock&
2017-05-17 16:18:04 988 【988】任务后期处理成功{,}exec check_wt_user_up{,}True{,}
2017-05-17 16:18:08 988 【SQL执行结果】&unlock&
2017-05-17 16:18:08 988 【988】任务后期处理成功{,}exec check_wt_user_up{,}True{,}
2017-05-17 16:18:12 988 【SQL执行结果】&unlock&
2017-05-17 16:18:12 988 【988】任务后期处理成功{,}exec check_wt_user_up{,}True{,}
2017-05-17 16:18:16 988 【SQL执行结果】&unlock&
2017-05-17 16:18:16 988 【988】任务后期处理成功{,}exec check_wt_user_up{,}True{,}
2017-05-17 16:18:20 988 【SQL执行结果】&unlock&
2017-05-17 16:18:20 988 【988】任务后期处理成功{,}exec check_wt_user_up{,}True{,}
2017-05-17 16:18:24 988 【SQL执行结果】&unlock&
2017-05-17 16:18:24 988 【988】任务后期处理成功{,}exec check_wt_user_up{,}True{,}
2017-05-17 16:18:28 988 【SQL执行结果】&unlock&
2017-05-17 16:18:28 988 【988】任务后期处理成功{,}exec check_wt_user_up{,}True{,}
2017-05-17 16:18:32 988 【SQL执行结果】&unlock&
2017-05-17 16:18:32 988 【988】任务后期处理成功{,}exec check_wt_user_up{,}True{,}
2017-05-17 16:18:36 988 【SQL执行结果】&unlock&
2017-05-17 16:18:36 988 【988】任务后期处理成功{,}exec check_wt_user_up{,}True{,}
2017-05-17 16:18:40 988 【SQL执行结果】&unlock&
2017-05-17 16:18:40 988 【988】任务后期处理成功{,}exec check_wt_user_up{,}True{,}
2017-05-17 16:18:44 988 【SQL执行结果】&unlock&
2017-05-17 16:18:44 988 【988】任务后期处理成功{,}exec check_wt_user_up{,}True{,}
2017-05-17 16:18:48 988 【SQL执行结果】&unlock&
2017-05-17 16:18:48 988 【988】任务后期处理成功{,}exec check_wt_user_up{,}True{,}
2017-05-17 16:18:53 988 【SQL执行结果】&unlock&
2017-05-17 16:18:53 988 【988】任务后期处理成功{,}exec check_wt_user_up{,}True{,}
2017-05-17 16:18:56 988 【SQL执行结果】&unlock&
2017-05-17 16:18:56 988 【988】任务后期处理成功{,}exec check_wt_user_up{,}True{,}
2017-05-17 16:19:00 988 【SQL执行结果】&unlock&
2017-05-17 16:19:00 988 【988】任务后期处理成功{,}exec check_wt_user_up{,}True{,}
2017-05-17 16:19:04 988 【SQL执行结果】&unlock&
2017-05-17 16:19:04 988 【988】任务后期处理成功{,}exec check_wt_user_up{,}True{,}
2017-05-17 16:19:08 988 【SQL执行结果】&unlock&
2017-05-17 16:19:08 988 【988】任务后期处理成功{,}exec check_wt_user_up{,}True{,}
2017-05-17 16:19:12 988 【SQL执行结果】&unlock&
2017-05-17 16:19:12 988 【988】任务后期处理成功{,}exec check_wt_user_up{,}True{,}
2017-05-17 16:19:16 988 【SQL执行结果】&unlock&
2017-05-17 16:19:16 988 【988】任务后期处理成功{,}exec check_wt_user_up{,}True{,}
2017-05-17 16:19:20 988 【SQL执行结果】&unlock&
2017-05-17 16:19:20 988 【988】任务后期处理成功{,}exec check_wt_user_up{,}True{,}
2017-05-17 16:19:24 988 【SQL执行结果】&unlock&
2017-05-17 16:19:24 988 【988】任务后期处理成功{,}exec check_wt_user_up{,}True{,}
2017-05-17 16:19:28 988 【SQL执行结果】&unlock&
2017-05-17 16:19:28 988 【988】任务后期处理成功{,}exec check_wt_user_up{,}True{,}
2017-05-17 16:19:32 988 【SQL执行结果】&unlock&
2017-05-17 16:19:32 988 【988】任务后期处理成功{,}exec check_wt_user_up{,}True{,}
2017-05-17 16:19:36 988 【SQL执行结果】&unlock&
2017-05-17 16:19:36 988 【988】任务后期处理成功{,}exec check_wt_user_up{,}True{,}
2017-05-17 16:19:40 988 【SQL执行结果】&unlock&
2017-05-17 16:19:40 988 【988】任务后期处理成功{,}exec check_wt_user_up{,}True{,}
2017-05-17 16:19:44 988 【SQL执行结果】&unlock&
2017-05-17 16:19:44 988 【988】任务后期处理成功{,}exec check_wt_user_up{,}True{,}
2017-05-17 16:19:48 988 【SQL执行结果】&unlock&
2017-05-17 16:19:48 988 【988】任务后期处理成功{,}exec check_wt_user_up{,}True{,}
2017-05-17 16:19:52 988 【SQL执行结果】&unlock&
2017-05-17 16:19:52 988 【988】任务后期处理成功{,}exec check_wt_user_up{,}True{,}
2017-05-17 16:19:56 988 【SQL执行结果】&unlock&
2017-05-17 16:19:56 988 【988】任务后期处理成功{,}exec check_wt_user_up{,}True{,}
2017-05-17 16:20:00 988 【SQL执行结果】&unlock&
2017-05-17 16:20:00 988 【988】任务后期处理成功{,}exec check_wt_user_up{,}True{,}
2017-05-17 16:20:04 988 【SQL执行结果】&unlock&
2017-05-17 16:20:04 988 【988】任务后期处理成功{,}exec check_wt_user_up{,}True{,}
2017-05-17 16:20:12 988 【SQL执行结果】&unlock&
2017-05-17 16:20:12 988 【988】任务后期处理成功{,}exec check_wt_user_up{,}True{,}
2017-05-17 16:20:16 988 【SQL执行结果】&unlock&
2017-05-17 16:20:16 988 【988】任务后期处理成功{,}exec check_wt_user_up{,}True{,}
2017-05-17 16:20:20 988 【SQL执行结果】&unlock&
2017-05-17 16:20:20 988 【988】任务后期处理成功{,}exec check_wt_user_up{,}True{,}
2017-05-17 16:20:24 988 【SQL执行结果】&unlock&
2017-05-17 16:20:24 988 【988】任务后期处理成功{,}exec check_wt_user_up{,}True{,}
2017-05-17 16:20:28 988 【SQL执行结果】&unlock&
2017-05-17 16:20:28 988 【988】任务后期处理成功{,}exec check_wt_user_up{,}True{,}
2017-05-17 16:20:32 988 【SQL执行结果】&unlock&
2017-05-17 16:20:32 988 【988】任务后期处理成功{,}exec check_wt_user_up{,}True{,}
2017-05-17 16:20:36 988 【SQL执行结果】&unlock&
2017-05-17 16:20:36 988 【988】任务后期处理成功{,}exec check_wt_user_up{,}True{,}
2017-05-17 16:20:40 988 【SQL执行结果】&unlock&
2017-05-17 16:20:40 988 【988】任务后期处理成功{,}exec check_wt_user_up{,}True{,}
2017-05-17 16:20:44 988 【SQL执行结果】&unlock&
2017-05-17 16:20:44 988 【988】任务后期处理成功{,}exec check_wt_user_up{,}True{,}
2017-05-17 16:20:48 988 【SQL执行结果】&unlock&
2017-05-17 16:20:48 988 【988】任务后期处理成功{,}exec check_wt_user_up{,}True{,}
2017-05-17 16:20:52 988 【SQL执行结果】&unlock&
2017-05-17 16:20:52 988 【988】任务后期处理成功{,}exec check_wt_user_up{,}True{,}
2017-05-17 16:20:56 988 【SQL执行结果】&unlock&
2017-05-17 16:20:56 988 【988】任务后期处理成功{,}exec check_wt_user_up{,}True{,}
2017-05-17 16:21:00 988 【SQL执行结果】&unlock&
2017-05-17 16:21:00 988 【988】任务后期处理成功{,}exec check_wt_user_up{,}True{,}
2017-05-17 16:21:04 988 【SQL执行结果】&unlock&
2017-05-17 16:21:04 988 【988】任务后期处理成功{,}exec check_wt_user_up{,}True{,}
2017-05-17 16:21:08 988 【SQL执行结果】&unlock&
2017-05-17 16:21:08 988 【988】任务后期处理成功{,}exec check_wt_user_up{,}True{,}
2017-05-17 16:21:12 988 【SQL执行结果】&unlock&
2017-05-17 16:21:12 988 【988】任务后期处理成功{,}exec check_wt_user_up{,}True{,}
2017-05-17 16:21:16 988 【SQL执行结果】&unlock&
2017-05-17 16:21:16 988 【988】任务后期处理成功{,}exec check_wt_user_up{,}True{,}
2017-05-17 16:21:24 988 【SQL执行结果】&unlock&
2017-05-17 16:21:24 988 【988】任务后期处理成功{,}exec check_wt_user_up{,}True{,}
2017-05-17 16:21:28 988 【SQL执行结果】&unlock&
2017-05-17 16:21:28 988 【988】任务后期处理成功{,}exec check_wt_user_up{,}True{,}
2017-05-17 16:21:32 988 【SQL执行结果】&unlock&
2017-05-17 16:21:32 988 【988】任务后期处理成功{,}exec check_wt_user_up{,}True{,}
2017-05-17 16:21:36 988 【SQL执行结果】&unlock&
2017-05-17 16:21:36 988 【988】任务后期处理成功{,}exec check_wt_user_up{,}True{,}
2017-05-17 16:21:40 988 【SQL执行结果】&unlock&
2017-05-17 16:21:40 988 【988】任务后期处理成功{,}exec check_wt_user_up{,}True{,}
2017-05-17 16:21:44 988 【SQL执行结果】&unlock&
2017-05-17 16:21:44 988 【988】任务后期处理成功{,}exec check_wt_user_up{,}True{,}
2017-05-17 16:21:48 988 【SQL执行结果】&unlock&
2017-05-17 16:21:48 988 【988】任务后期处理成功{,}exec check_wt_user_up{,}True{,}
2017-05-17 16:21:52 988 【SQL执行结果】&unlock&
2017-05-17 16:21:52 988 【988】任务后期处理成功{,}exec check_wt_user_up{,}True{,}
2017-05-17 16:21:56 988 【SQL执行结果】&unlock&
2017-05-17 16:21:56 988 【988】任务后期处理成功{,}exec check_wt_user_up{,}True{,}
2017-05-17 16:22:00 988 【SQL执行结果】&unlock&
2017-05-17 16:22:00 988 【988】任务后期处理成功{,}exec check_wt_user_up{,}True{,}
2017-05-17 16:22:04 988 【SQL执行结果】&unlock&
2017-05-17 16:22:04 988 【988】任务后期处理成功{,}exec check_wt_user_up{,}True{,}
2017-05-17 16:22:08 988 【SQL执行结果】&unlock&
2017-05-17 16:22:08 988 【988】任务后期处理成功{,}exec check_wt_user_up{,}True{,}
2017-05-17 16:22:12 988 【SQL执行结果】&unlock&
2017-05-17 16:22:12 988 【988】任务后期处理成功{,}exec check_wt_user_up{,}True{,}
2017-05-17 16:22:16 988 【SQL执行结果】&unlock&
2017-05-17 16:22:16 988 【988】任务后期处理成功{,}exec check_wt_user_up{,}True{,}
2017-05-17 16:22:20 988 【SQL执行结果】&unlock&
2017-05-17 16:22:20 988 【988】任务后期处理成功{,}exec check_wt_user_up{,}True{,}
2017-05-17 16:22:24 988 【SQL执行结果】&unlock&
2017-05-17 16:22:24 988 【988】任务后期处理成功{,}exec check_wt_user_up{,}True{,}
2017-05-17 16:22:28 988 【SQL执行结果】&unlock&
2017-05-17 16:22:28 988 【988】任务后期处理成功{,}exec check_wt_user_up{,}True{,}
2017-05-17 16:22:36 988 【SQL执行结果】&unlock&
2017-05-17 16:22:36 988 【988】任务后期处理成功{,}exec check_wt_user_up{,}True{,}
2017-05-17 16:22:40 988 【SQL执行结果】&unlock&
2017-05-17 16:22:40 988 【988】任务后期处理成功{,}exec check_wt_user_up{,}True{,}
2017-05-17 16:22:44 988 【SQL执行结果】&unlock&
2017-05-17 16:22:44 988 【988】任务后期处理成功{,}exec check_wt_user_up{,}True{,}
2017-05-17 16:22:48 988 【SQL执行结果】&unlock&
2017-05-17 16:22:48 988 【988】任务后期处理成功{,}exec check_wt_user_up{,}True{,}
2017-05-17 16:22:52 988 【SQL执行结果】&unlock&
2017-05-17 16:22:52 988 【988】任务后期处理成功{,}exec check_wt_user_up{,}True{,}
2017-05-17 16:22:56 988 【SQL执行结果】&unlock&
2017-05-17 16:22:56 988 【988】任务后期处理成功{,}exec check_wt_user_up{,}True{,}
