2017-05-16 10:25:10  开始调度
2017-05-16 10:25:20 988 【SQL执行结果】同步出现严重错误,有大量重复日志产生!
2017-05-16 10:25:20 988 【988】任务后期处理成功{,}exec check_wt_user_up{,}True{,}
2017-05-16 10:25:20  停止调度
2017-05-16 10:33:17  开始调度
2017-05-16 10:33:20  停止调度
2017-05-16 14:36:24  开始调度
2017-05-16 14:36:30 988 【SQL执行结果】同步出现严重错误,有大量重复日志产生!
2017-05-16 14:36:30 988 【988】任务后期处理成功{,}exec check_wt_user_up{,}True{,}
2017-05-16 14:36:40 988 【SQL执行结果】同步出现严重错误,有大量重复日志产生!
2017-05-16 14:36:40 988 【988】任务后期处理成功{,}exec check_wt_user_up{,}True{,}
2017-05-16 14:36:50 988 【SQL执行结果】同步出现严重错误,有大量重复日志产生!
2017-05-16 14:36:50 988 【988】任务后期处理成功{,}exec check_wt_user_up{,}True{,}
2017-05-16 14:37:00 988 【SQL执行结果】同步出现严重错误,有大量重复日志产生!
2017-05-16 14:37:00 988 【988】任务后期处理成功{,}exec check_wt_user_up{,}True{,}
2017-05-16 14:37:10 988 【SQL执行结果】同步出现严重错误,有大量重复日志产生!
2017-05-16 14:37:10 988 【988】任务后期处理成功{,}exec check_wt_user_up{,}True{,}
2017-05-16 14:37:20 988 【SQL执行结果】同步出现严重错误,有大量重复日志产生!
2017-05-16 14:37:20 988 【988】任务后期处理成功{,}exec check_wt_user_up{,}True{,}
2017-05-16 14:37:30 988 【SQL执行结果】同步出现严重错误,有大量重复日志产生!
2017-05-16 14:37:30 988 【988】任务后期处理成功{,}exec check_wt_user_up{,}True{,}
2017-05-16 14:37:40 988 【SQL执行结果】同步出现严重错误,有大量重复日志产生!
2017-05-16 14:37:40 988 【988】任务后期处理成功{,}exec check_wt_user_up{,}True{,}
2017-05-16 14:37:50 988 【SQL执行结果】同步出现严重错误,有大量重复日志产生!
2017-05-16 14:37:50 988 【988】任务后期处理成功{,}exec check_wt_user_up{,}True{,}
2017-05-16 14:38:00 988 【SQL执行结果】同步出现严重错误,有大量重复日志产生!
2017-05-16 14:38:00 988 【988】任务后期处理成功{,}exec check_wt_user_up{,}True{,}
2017-05-16 14:38:10 988 【SQL执行结果】同步出现严重错误,有大量重复日志产生!
2017-05-16 14:38:10 988 【988】任务后期处理成功{,}exec check_wt_user_up{,}True{,}
2017-05-16 14:38:20 988 【SQL执行结果】同步出现严重错误,有大量重复日志产生!
2017-05-16 14:38:20 988 【988】任务后期处理成功{,}exec check_wt_user_up{,}True{,}
2017-05-16 14:38:30 988 【SQL执行结果】同步出现严重错误,有大量重复日志产生!
2017-05-16 14:38:30 988 【988】任务后期处理成功{,}exec check_wt_user_up{,}True{,}
2017-05-16 14:38:40 988 【SQL执行结果】同步出现严重错误,有大量重复日志产生!
2017-05-16 14:38:40 988 【988】任务后期处理成功{,}exec check_wt_user_up{,}True{,}
2017-05-16 14:41:05  开始调度
2017-05-16 14:41:10 988 【SQL执行结果】同步出现严重错误,有大量重复日志产生!
2017-05-16 14:41:10 988 【988】任务后期处理成功{,}exec check_wt_user_up{,}True{,}
2017-05-16 14:41:20 988 【SQL执行结果】同步出现严重错误,有大量重复日志产生!
2017-05-16 14:41:20 988 【988】任务后期处理成功{,}exec check_wt_user_up{,}True{,}
2017-05-16 14:41:30 988 【SQL执行结果】同步出现严重错误,有大量重复日志产生!
2017-05-16 14:41:30 988 【988】任务后期处理成功{,}exec check_wt_user_up{,}True{,}
2017-05-16 14:41:40 988 【SQL执行结果】同步出现严重错误,有大量重复日志产生!
2017-05-16 14:41:40 988 【988】任务后期处理成功{,}exec check_wt_user_up{,}True{,}
2017-05-16 14:41:50 988 【SQL执行结果】同步出现严重错误,有大量重复日志产生!
2017-05-16 14:41:50 988 【988】任务后期处理成功{,}exec check_wt_user_up{,}True{,}
2017-05-16 14:42:00 988 【SQL执行结果】同步出现严重错误,有大量重复日志产生!&lock&
2017-05-16 14:42:00 988 【988】任务后期处理成功{,}exec check_wt_user_up{,}True{,}
2017-05-16 14:42:00  停止调度
2017-05-16 14:42:08  开始调度
2017-05-16 14:42:08  停止调度
2017-05-16 14:42:09  开始调度
2017-05-16 14:42:10 988 【SQL执行结果】同步出现严重错误,有大量重复日志产生!&lock&
2017-05-16 14:42:10 988 【988】任务后期处理成功{,}exec check_wt_user_up{,}True{,}
2017-05-16 14:42:10  停止调度
2017-05-16 14:42:17  开始调度
2017-05-16 14:42:18  停止调度
2017-05-16 14:42:19  开始调度
2017-05-16 14:42:19  停止调度
2017-05-16 14:42:58  开始调度
2017-05-16 14:43:00 988 【SQL执行结果】同步出现严重错误,有大量重复日志产生!&lock&
2017-05-16 14:43:00 988 【988】任务后期处理成功{,}exec check_wt_user_up{,}True{,}
2017-05-16 14:43:00  停止调度
2017-05-16 14:44:18  开始调度
2017-05-16 14:44:20 988 【SQL执行结果】同步出现严重错误,有大量重复日志产生!&lock&
2017-05-16 14:44:20 988 【988】任务后期处理成功{,}exec check_wt_user_up{,}True{,}
2017-05-16 14:44:20  停止调度
2017-05-16 15:03:55  开始调度
2017-05-16 15:04:00 988 【SQL执行结果】同步出现严重错误,有大量重复日志产生!&lock&
2017-05-16 15:04:00 988 【988】任务后期处理成功{,}exec check_wt_user_up{,}True{,}
2017-05-16 15:04:00  停止调度
2017-05-16 15:05:03  开始调度
2017-05-16 15:05:10 988 【SQL执行结果】同步出现严重错误,有大量重复日志产生!&lock&
2017-05-16 15:05:10 988 【988】任务后期处理成功{,}exec check_wt_user_up{,}True{,}
2017-05-16 15:05:10  停止调度
2017-05-16 15:07:37  开始调度
2017-05-16 15:07:40 988 【SQL执行结果】同步出现严重错误,有大量重复日志产生!&lock&
2017-05-16 15:07:40 988 【988】任务后期处理成功{,}exec check_wt_user_up{,}True{,}
2017-05-16 15:07:40  停止调度
2017-05-16 15:07:52  开始调度
2017-05-16 15:08:00 988 【SQL执行结果】同步出现严重错误,有大量重复日志产生!&lock&
2017-05-16 15:08:00 988 【988】任务后期处理成功{,}exec check_wt_user_up{,}True{,}
2017-05-16 15:08:00  停止调度
2017-05-16 15:08:15  开始调度
2017-05-16 15:08:16 988 【SQL执行结果】同步出现严重错误,有大量重复日志产生!&lock&
2017-05-16 15:08:16 988 【988】任务后期处理成功{,}exec check_wt_user_up{,}True{,}
2017-05-16 15:08:16  停止调度
2017-05-16 15:09:52  开始调度
2017-05-16 15:09:56 988 【SQL执行结果】同步出现严重错误,有大量重复日志产生!&lock&
2017-05-16 15:09:56 988 【988】任务后期处理成功{,}exec check_wt_user_up{,}True{,}
2017-05-16 15:09:56  停止调度
2017-05-16 15:10:13  开始调度
2017-05-16 15:10:58  开始调度
2017-05-16 15:11:00 988 【SQL执行结果】同步出现严重错误,有大量重复日志产生!&lock&
2017-05-16 15:11:00 988 【988】任务后期处理成功{,}exec check_wt_user_up{,}True{,}
2017-05-16 15:11:04  停止调度
2017-05-16 15:11:14  开始调度
2017-05-16 15:11:53  开始调度
2017-05-16 15:11:56 988 【SQL执行结果】同步出现严重错误,有大量重复日志产生!&lock&
2017-05-16 15:11:56 988 【988】任务后期处理成功{,}exec check_wt_user_up{,}True{,}
2017-05-16 15:12:01  停止调度
2017-05-16 15:12:31  开始调度
2017-05-16 15:12:32 988 【SQL执行结果】同步出现严重错误,有大量重复日志产生!&lock&
2017-05-16 15:12:32 988 【988】任务后期处理成功{,}exec check_wt_user_up{,}True{,}
2017-05-16 15:12:32  停止调度
2017-05-16 15:13:53  开始调度
2017-05-16 15:13:56 988 【SQL执行结果】同步出现严重错误,有大量重复日志产生!&lock&
2017-05-16 15:13:56 988 【988】任务后期处理成功{,}exec check_wt_user_up{,}True{,}
2017-05-16 15:13:56  停止调度
2017-05-16 15:23:13  开始调度
2017-05-16 15:23:16 988 【SQL执行结果】同步出现严重错误,有大量重复日志产生!&lock&
2017-05-16 15:23:16 988 【988】任务后期处理成功{,}exec check_wt_user_up{,}True{,}
2017-05-16 15:23:28  停止调度
2017-05-16 15:26:32  开始调度
2017-05-16 15:28:54  开始调度
2017-05-16 15:28:57 988 【SQL执行结果】同步出现严重错误,有大量重复日志产生!&lock&
2017-05-16 15:28:57 988 【988】任务后期处理成功{,}exec check_wt_user_up{,}True{,}
2017-05-16 15:29:06  停止调度
2017-05-16 15:32:50  开始调度
2017-05-16 15:37:05  开始调度
2017-05-16 15:37:08 988 【SQL执行结果】同步出现严重错误,有大量重复日志产生!&lock&
2017-05-16 15:37:08 988 【988】任务后期处理成功{,}exec check_wt_user_up{,}True{,}
2017-05-16 15:37:34  停止调度
2017-05-16 15:48:57  开始调度
2017-05-16 15:49:00 988 【SQL执行结果】同步出现严重错误,有大量重复日志产生!&lock&
2017-05-16 15:49:00 988 【988】任务后期处理成功{,}exec check_wt_user_up{,}True{,}
2017-05-16 15:49:06  停止调度
2017-05-16 15:49:41  开始调度
2017-05-16 15:49:45 988 【SQL执行结果】同步出现严重错误,有大量重复日志产生!&lock&
2017-05-16 15:49:45 988 【988】任务后期处理成功{,}exec check_wt_user_up{,}True{,}
2017-05-16 15:49:48  停止调度
2017-05-16 15:57:01  开始调度
2017-05-16 15:57:08 988 【SQL执行结果】同步出现严重错误,有大量重复日志产生!&lock&
2017-05-16 15:57:08 988 【988】任务后期处理成功{,}exec check_wt_user_up{,}True{,}
2017-05-16 15:57:16 988 【SQL执行结果】同步出现严重错误,有大量重复日志产生!&lock&
2017-05-16 15:57:16 988 【988】任务后期处理成功{,}exec check_wt_user_up{,}True{,}
2017-05-16 15:57:20 988 【SQL执行结果】同步出现严重错误,有大量重复日志产生!&lock&
2017-05-16 15:57:20 988 【988】任务后期处理成功{,}exec check_wt_user_up{,}True{,}
2017-05-16 15:57:20  停止调度
2017-05-16 15:57:39  开始调度
2017-05-16 15:58:36  开始调度
2017-05-16 16:00:41  开始调度
2017-05-16 16:00:44 988 【SQL执行结果】同步出现严重错误,有大量重复日志产生!&lock&
2017-05-16 16:00:44 988 【988】任务后期处理成功{,}exec check_wt_user_up{,}True{,}
2017-05-16 16:00:46  停止调度
2017-05-16 16:51:29  开始调度
2017-05-16 16:52:29  开始调度
2017-05-16 16:52:32 988 【SQL执行结果】同步出现严重错误,有大量重复日志产生!&lock&
2017-05-16 16:52:32 988 【988】任务后期处理成功{,}exec check_wt_user_up{,}True{,}
2017-05-16 16:52:36  停止调度
2017-05-16 16:53:02  开始调度
2017-05-16 16:53:04 988 【SQL执行结果】同步出现严重错误,有大量重复日志产生!&lock&
2017-05-16 16:53:04 988 【988】任务后期处理成功{,}exec check_wt_user_up{,}True{,}
2017-05-16 16:53:04  停止调度
2017-05-16 16:55:12  开始调度
2017-05-16 16:55:16 988 【SQL执行结果】&unlock&
2017-05-16 16:55:16 988 【988】任务后期处理成功{,}exec check_wt_user_up{,}True{,}
2017-05-16 16:55:20 988 【SQL执行结果】&unlock&
2017-05-16 16:55:20 988 【988】任务后期处理成功{,}exec check_wt_user_up{,}True{,}
2017-05-16 16:55:24 988 【SQL执行结果】&unlock&
2017-05-16 16:55:24 988 【988】任务后期处理成功{,}exec check_wt_user_up{,}True{,}
2017-05-16 16:55:29  开始调度
2017-05-16 16:55:33 988 【SQL执行结果】&unlock&
2017-05-16 16:55:33 988 【988】任务后期处理成功{,}exec check_wt_user_up{,}True{,}
2017-05-16 16:55:37 988 【SQL执行结果】&unlock&
2017-05-16 16:55:37 988 【988】任务后期处理成功{,}exec check_wt_user_up{,}True{,}
