2016/3/7 8:45:28 定时同步档案 任务开始
2016/3/7 8:46:14 定时同步档案 创建新中新临时表成功!
2016/3/7 8:46:27 定时同步档案 无分组
2016/3/7 8:46:32  【数据库操作异常】无法打开登录所请求的数据库 "scm_main_成都工业职业学校"。登录失败。
用户 'sa' 登录失败。
2016/3/7 8:46:33 定时同步档案 获取原始数据失败获取数据出错，【执行语句】:select dep_name DWMC,dep_no_add DWH from dt_dep where left(dep_no_add,1) = 'x'
2016/3/7 8:50:27 定时同步档案 任务开始
2016/3/7 8:50:29 定时同步档案 创建新中新临时表成功!
2016/3/7 8:50:29 定时同步档案 无分组
2016/3/7 8:50:29 定时同步档案 获取原始数据成功【数据条数】:12,【执行语句】:select dep_name DWMC,dep_no_add DWH from dt_dep where left(dep_no_add,1) = 'x'
2016/3/7 8:50:29 定时同步档案 启用不写日志成功
2016/3/7 8:50:29 定时同步档案 关闭不写日志成功
2016/3/7 8:50:29 定时同步档案 向新中新插入新数据成功，【数据行数】:12
2016/3/7 8:50:29 定时同步档案 临时表更新正式表成功
2016/3/7 8:50:31 定时同步档案 创建新中新临时表成功!
2016/3/7 8:50:31 定时同步档案 无分组
2016/3/7 8:50:31 定时同步档案 获取原始数据成功【数据条数】:113,【执行语句】:select dep_no_add ZYH,dep_no_parent DWH,dep_name ZYMC from dt_dep where left(dep_no_add,1) = 'z'
2016/3/7 8:50:31 定时同步档案 启用不写日志成功
2016/3/7 8:50:31 定时同步档案 关闭不写日志成功
2016/3/7 8:50:31 定时同步档案 向新中新插入新数据成功，【数据行数】:113
2016/3/7 8:50:31 定时同步档案 临时表更新正式表成功
2016/3/7 8:50:32 定时同步档案 创建新中新临时表成功!
2016/3/7 8:50:32 定时同步档案 无分组
2016/3/7 8:50:32  【数据库操作异常】对象名 'v_banji' 无效。
2016/3/7 8:50:32 定时同步档案 获取原始数据失败获取数据出错，【执行语句】:select bjdm BH,bjmc BJ,zydm ZYH,yxdm SSXYDM from v_banji 
2016/3/7 8:52:59 定时同步档案 任务开始
2016/3/7 8:53:02 定时同步档案 创建新中新临时表成功!
2016/3/7 8:53:02 定时同步档案 无分组
2016/3/7 8:53:02 定时同步档案 获取原始数据成功【数据条数】:12,【执行语句】:select dep_name DWMC,dep_no_add DWH from dt_dep where left(dep_no_add,1) = 'x'
2016/3/7 8:53:02 定时同步档案 启用不写日志成功
2016/3/7 8:53:02 定时同步档案 关闭不写日志成功
2016/3/7 8:53:02 定时同步档案 向新中新插入新数据成功，【数据行数】:12
2016/3/7 8:53:02 定时同步档案 临时表更新正式表成功
2016/3/7 8:53:02 定时同步档案 创建新中新临时表成功!
2016/3/7 8:53:02 定时同步档案 无分组
2016/3/7 8:53:02 定时同步档案 获取原始数据成功【数据条数】:113,【执行语句】:select dep_no_add ZYH,dep_no_parent DWH,dep_name ZYMC from dt_dep where left(dep_no_add,1) = 'z'
2016/3/7 8:53:02 定时同步档案 启用不写日志成功
2016/3/7 8:53:02 定时同步档案 关闭不写日志成功
2016/3/7 8:53:02 定时同步档案 向新中新插入新数据成功，【数据行数】:113
2016/3/7 8:53:02 定时同步档案 临时表更新正式表成功
2016/3/7 8:53:03 定时同步档案 创建新中新临时表成功!
2016/3/7 8:53:03 定时同步档案 无分组
2016/3/7 8:53:03 定时同步档案 获取原始数据成功【数据条数】:696,【执行语句】:select bjdm BH,bjmc BJ,zydm ZYH,yxdm SSXYDM from v_banji 
2016/3/7 8:53:03 定时同步档案 启用不写日志成功
2016/3/7 8:53:03 定时同步档案 关闭不写日志成功
2016/3/7 8:53:03 定时同步档案 向新中新插入新数据成功，【数据行数】:696
2016/3/7 8:53:03 定时同步档案 临时表更新正式表成功
2016/3/7 8:53:03 定时同步档案 创建新中新临时表成功!
2016/3/7 8:53:03 定时同步档案 无分组
2016/3/7 8:53:03 定时同步档案 获取原始数据成功【数据条数】:2643,【执行语句】:select user_no ZGH,user_lname XM,case when isnull(user_sex,'') = '' then '0' else user_sex end XB,case when isnull(user_nation,'') = '' then '0' else user_nation end MZ,'b_t' BM,zh DZYXDZ,user_telephone LXDH,user_id SFZH from dt_user where user_lx <> 4 
2016/3/7 8:53:03 定时同步档案 启用不写日志成功
2016/3/7 8:53:03 定时同步档案 关闭不写日志成功
2016/3/7 8:53:03 定时同步档案 向新中新插入新数据成功，【数据行数】:2643
2016/3/7 8:53:04 定时同步档案 临时表更新正式表成功
2016/3/7 8:53:04 定时同步档案 创建新中新临时表成功!
2016/3/7 8:53:04 定时同步档案 无分组
2016/3/7 8:53:04  【数据库操作异常】关键字 'like' 附近有语法错误。
'MZ' 附近有语法错误。
2016/3/7 8:53:04 定时同步档案 获取原始数据失败获取数据出错，【执行语句】:select user_no XH,user_lname XM,case user_sex when '男' then '1' when '女' then '2' else '0' end XB,case user_nation when like '%汉%' then 1 when like '%蒙古%' then 2 else 0 end MZ,dep_no_add XZB,zh DZYXDZ,user_telephone LXDH,user_id SFZH from dt_user where user_lx = 4
2016/3/7 8:54:45 定时同步档案 任务开始
2016/3/7 8:54:47 定时同步档案 创建新中新临时表成功!
2016/3/7 8:54:47 定时同步档案 无分组
2016/3/7 8:54:47 定时同步档案 获取原始数据成功【数据条数】:12,【执行语句】:select dep_name DWMC,dep_no_add DWH from dt_dep where left(dep_no_add,1) = 'x'
2016/3/7 8:54:47 定时同步档案 启用不写日志成功
2016/3/7 8:54:47 定时同步档案 关闭不写日志成功
2016/3/7 8:54:47 定时同步档案 向新中新插入新数据成功，【数据行数】:12
2016/3/7 8:54:47 定时同步档案 临时表更新正式表成功
2016/3/7 8:54:48 定时同步档案 创建新中新临时表成功!
2016/3/7 8:54:48 定时同步档案 无分组
2016/3/7 8:54:48 定时同步档案 获取原始数据成功【数据条数】:113,【执行语句】:select dep_no_add ZYH,dep_no_parent DWH,dep_name ZYMC from dt_dep where left(dep_no_add,1) = 'z'
2016/3/7 8:54:48 定时同步档案 启用不写日志成功
2016/3/7 8:54:48 定时同步档案 关闭不写日志成功
2016/3/7 8:54:48 定时同步档案 向新中新插入新数据成功，【数据行数】:113
2016/3/7 8:54:48 定时同步档案 临时表更新正式表成功
2016/3/7 8:54:49 定时同步档案 创建新中新临时表成功!
2016/3/7 8:54:49 定时同步档案 无分组
2016/3/7 8:54:49 定时同步档案 获取原始数据成功【数据条数】:696,【执行语句】:select bjdm BH,bjmc BJ,zydm ZYH,yxdm SSXYDM from v_banji 
2016/3/7 8:54:49 定时同步档案 启用不写日志成功
2016/3/7 8:54:49 定时同步档案 关闭不写日志成功
2016/3/7 8:54:49 定时同步档案 向新中新插入新数据成功，【数据行数】:696
2016/3/7 8:54:49 定时同步档案 临时表更新正式表成功
2016/3/7 8:54:49 定时同步档案 创建新中新临时表成功!
2016/3/7 8:54:49 定时同步档案 无分组
2016/3/7 8:54:49 定时同步档案 获取原始数据成功【数据条数】:2643,【执行语句】:select user_no ZGH,user_lname XM,case when isnull(user_sex,'') = '' then '0' else user_sex end XB,case when isnull(user_nation,'') = '' then '0' else user_nation end MZ,'b_t' BM,zh DZYXDZ,user_telephone LXDH,user_id SFZH from dt_user where user_lx <> 4 
2016/3/7 8:54:49 定时同步档案 启用不写日志成功
2016/3/7 8:54:49 定时同步档案 关闭不写日志成功
2016/3/7 8:54:49 定时同步档案 向新中新插入新数据成功，【数据行数】:2643
2016/3/7 8:54:49 定时同步档案 临时表更新正式表成功
2016/3/7 8:54:50 定时同步档案 创建新中新临时表成功!
2016/3/7 8:54:50 定时同步档案 无分组
2016/3/7 8:54:50 定时同步档案 获取原始数据成功【数据条数】:44093,【执行语句】:select user_no XH,user_lname XM,case user_sex when '男' then '1' when '女' then '2' else '0' end XB,case when  user_nation like '%汉%' then 1 when  user_nation like '%蒙古%' then 2 else 0 end MZ,dep_no_add XZB,zh DZYXDZ,user_telephone LXDH,user_id SFZH from dt_user where user_lx = 4
2016/3/7 8:54:50 定时同步档案 启用不写日志成功
2016/3/7 8:54:50 定时同步档案 关闭不写日志成功
2016/3/7 8:54:50 定时同步档案 向新中新插入新数据成功，【数据行数】:44093
2016/3/7 8:54:51 定时同步档案 临时表更新正式表成功
2016/3/7 8:54:51 定时同步档案 【成功】结束
2016/3/7 8:54:51  数据库操作异常对象名 'tmp_dt_user_student_inc' 无效。
2016/3/7 8:54:51 定时同步档案 任务后期处理失败
2016/3/7 8:55:17 定时同步档案 任务开始
2016/3/7 8:55:18 定时同步档案 创建新中新临时表成功!
2016/3/7 8:55:18 定时同步档案 无分组
2016/3/7 8:55:18 定时同步档案 获取原始数据成功【数据条数】:12,【执行语句】:select dep_name DWMC,dep_no_add DWH from dt_dep where left(dep_no_add,1) = 'x'
2016/3/7 8:55:18 定时同步档案 启用不写日志成功
2016/3/7 8:55:18 定时同步档案 关闭不写日志成功
2016/3/7 8:55:18 定时同步档案 向新中新插入新数据成功，【数据行数】:12
2016/3/7 8:55:18 定时同步档案 临时表更新正式表成功
2016/3/7 8:55:19 定时同步档案 创建新中新临时表成功!
2016/3/7 8:55:19 定时同步档案 无分组
2016/3/7 8:55:19 定时同步档案 获取原始数据成功【数据条数】:113,【执行语句】:select dep_no_add ZYH,dep_no_parent DWH,dep_name ZYMC from dt_dep where left(dep_no_add,1) = 'z'
2016/3/7 8:55:19 定时同步档案 启用不写日志成功
2016/3/7 8:55:19 定时同步档案 关闭不写日志成功
2016/3/7 8:55:19 定时同步档案 向新中新插入新数据成功，【数据行数】:113
2016/3/7 8:55:19 定时同步档案 临时表更新正式表成功
2016/3/7 8:55:19 定时同步档案 创建新中新临时表成功!
2016/3/7 8:55:19 定时同步档案 无分组
2016/3/7 8:55:19 定时同步档案 获取原始数据成功【数据条数】:696,【执行语句】:select bjdm BH,bjmc BJ,zydm ZYH,yxdm SSXYDM from v_banji 
2016/3/7 8:55:19 定时同步档案 启用不写日志成功
2016/3/7 8:55:19 定时同步档案 关闭不写日志成功
2016/3/7 8:55:19 定时同步档案 向新中新插入新数据成功，【数据行数】:696
2016/3/7 8:55:19 定时同步档案 临时表更新正式表成功
2016/3/7 8:55:19 定时同步档案 创建新中新临时表成功!
2016/3/7 8:55:19 定时同步档案 无分组
2016/3/7 8:55:20 定时同步档案 获取原始数据成功【数据条数】:2643,【执行语句】:select user_no ZGH,user_lname XM,case when isnull(user_sex,'') = '' then '0' else user_sex end XB,case when isnull(user_nation,'') = '' then '0' else user_nation end MZ,'b_t' BM,zh DZYXDZ,user_telephone LXDH,user_id SFZH from dt_user where user_lx <> 4 
2016/3/7 8:55:20 定时同步档案 启用不写日志成功
2016/3/7 8:55:20 定时同步档案 关闭不写日志成功
2016/3/7 8:55:20 定时同步档案 向新中新插入新数据成功，【数据行数】:2643
2016/3/7 8:55:20 定时同步档案 临时表更新正式表成功
2016/3/7 8:55:20 定时同步档案 创建新中新临时表成功!
2016/3/7 8:55:20 定时同步档案 无分组
2016/3/7 8:55:20 定时同步档案 获取原始数据成功【数据条数】:44093,【执行语句】:select user_no XH,user_lname XM,case user_sex when '男' then '1' when '女' then '2' else '0' end XB,case when  user_nation like '%汉%' then 1 when  user_nation like '%蒙古%' then 2 else 0 end MZ,dep_no_add XZB,zh DZYXDZ,user_telephone LXDH,user_id SFZH from dt_user where user_lx = 4
2016/3/7 8:55:20 定时同步档案 启用不写日志成功
2016/3/7 8:55:21 定时同步档案 关闭不写日志成功
2016/3/7 8:55:21 定时同步档案 向新中新插入新数据成功，【数据行数】:44093
2016/3/7 8:55:21 定时同步档案 临时表更新正式表成功
2016/3/7 8:55:21 定时同步档案 【成功】结束
2016/3/7 8:55:45 定时同步档案 任务开始
2016/3/7 8:55:48 定时同步档案 创建新中新临时表成功!
2016/3/7 8:55:48 定时同步档案 无分组
2016/3/7 8:55:48 定时同步档案 获取原始数据成功【数据条数】:12,【执行语句】:select dep_name DWMC,dep_no_add DWH from dt_dep where left(dep_no_add,1) = 'x'
2016/3/7 8:55:48 定时同步档案 启用不写日志成功
2016/3/7 8:55:48 定时同步档案 关闭不写日志成功
2016/3/7 8:55:48 定时同步档案 向新中新插入新数据成功，【数据行数】:12
2016/3/7 8:55:48 定时同步档案 临时表更新正式表成功
2016/3/7 8:55:48 定时同步档案 创建新中新临时表成功!
2016/3/7 8:55:48 定时同步档案 无分组
2016/3/7 8:55:48 定时同步档案 获取原始数据成功【数据条数】:113,【执行语句】:select dep_no_add ZYH,dep_no_parent DWH,dep_name ZYMC from dt_dep where left(dep_no_add,1) = 'z'
2016/3/7 8:55:48 定时同步档案 启用不写日志成功
2016/3/7 8:55:48 定时同步档案 关闭不写日志成功
2016/3/7 8:55:48 定时同步档案 向新中新插入新数据成功，【数据行数】:113
2016/3/7 8:55:48 定时同步档案 临时表更新正式表成功
2016/3/7 8:55:48 定时同步档案 创建新中新临时表成功!
2016/3/7 8:55:48 定时同步档案 无分组
2016/3/7 8:55:48 定时同步档案 获取原始数据成功【数据条数】:696,【执行语句】:select bjdm BH,bjmc BJ,zydm ZYH,yxdm SSXYDM from v_banji 
2016/3/7 8:55:48 定时同步档案 启用不写日志成功
2016/3/7 8:55:48 定时同步档案 关闭不写日志成功
2016/3/7 8:55:48 定时同步档案 向新中新插入新数据成功，【数据行数】:696
2016/3/7 8:55:48 定时同步档案 临时表更新正式表成功
2016/3/7 8:55:48 定时同步档案 创建新中新临时表成功!
2016/3/7 8:55:48 定时同步档案 无分组
2016/3/7 8:55:48 定时同步档案 获取原始数据成功【数据条数】:2643,【执行语句】:select user_no ZGH,user_lname XM,case when isnull(user_sex,'') = '' then '0' else user_sex end XB,case when isnull(user_nation,'') = '' then '0' else user_nation end MZ,'b_t' BM,zh DZYXDZ,user_telephone LXDH,user_id SFZH from dt_user where user_lx <> 4 
2016/3/7 8:55:48 定时同步档案 启用不写日志成功
2016/3/7 8:55:48 定时同步档案 关闭不写日志成功
2016/3/7 8:55:48 定时同步档案 向新中新插入新数据成功，【数据行数】:2643
2016/3/7 8:55:48 定时同步档案 临时表更新正式表成功
2016/3/7 8:55:48 定时同步档案 创建新中新临时表成功!
2016/3/7 8:55:48 定时同步档案 无分组
2016/3/7 8:55:48 定时同步档案 获取原始数据成功【数据条数】:44093,【执行语句】:select user_no XH,user_lname XM,case user_sex when '男' then '1' when '女' then '2' else '0' end XB,case when  user_nation like '%汉%' then 1 when  user_nation like '%蒙古%' then 2 else 0 end MZ,dep_no_add XZB,zh DZYXDZ,user_telephone LXDH,user_id SFZH from dt_user where user_lx = 4
2016/3/7 8:55:48 定时同步档案 启用不写日志成功
2016/3/7 8:55:49 定时同步档案 关闭不写日志成功
2016/3/7 8:55:49 定时同步档案 向新中新插入新数据成功，【数据行数】:44093
2016/3/7 8:55:49 定时同步档案 临时表更新正式表成功
2016/3/7 8:55:49 定时同步档案 【成功】结束
2016/3/7 8:56:01 定时同步档案 任务开始
2016/3/7 8:56:02 定时同步档案 创建新中新临时表成功!
2016/3/7 8:56:02 定时同步档案 无分组
2016/3/7 8:56:02 定时同步档案 获取原始数据成功【数据条数】:12,【执行语句】:select dep_name DWMC,dep_no_add DWH from dt_dep where left(dep_no_add,1) = 'x'
2016/3/7 8:56:02 定时同步档案 启用不写日志成功
2016/3/7 8:56:02 定时同步档案 关闭不写日志成功
2016/3/7 8:56:02 定时同步档案 向新中新插入新数据成功，【数据行数】:12
2016/3/7 8:56:02 定时同步档案 临时表更新正式表成功
2016/3/7 8:56:02 定时同步档案 创建新中新临时表成功!
2016/3/7 8:56:02 定时同步档案 无分组
2016/3/7 8:56:02 定时同步档案 获取原始数据成功【数据条数】:113,【执行语句】:select dep_no_add ZYH,dep_no_parent DWH,dep_name ZYMC from dt_dep where left(dep_no_add,1) = 'z'
2016/3/7 8:56:02 定时同步档案 启用不写日志成功
2016/3/7 8:56:02 定时同步档案 关闭不写日志成功
2016/3/7 8:56:02 定时同步档案 向新中新插入新数据成功，【数据行数】:113
2016/3/7 8:56:02 定时同步档案 临时表更新正式表成功
2016/3/7 8:56:02 定时同步档案 创建新中新临时表成功!
2016/3/7 8:56:02 定时同步档案 无分组
2016/3/7 8:56:02 定时同步档案 获取原始数据成功【数据条数】:696,【执行语句】:select bjdm BH,bjmc BJ,zydm ZYH,yxdm SSXYDM from v_banji 
2016/3/7 8:56:02 定时同步档案 启用不写日志成功
2016/3/7 8:56:02 定时同步档案 关闭不写日志成功
2016/3/7 8:56:02 定时同步档案 向新中新插入新数据成功，【数据行数】:696
2016/3/7 8:56:02 定时同步档案 临时表更新正式表成功
2016/3/7 8:56:02 定时同步档案 创建新中新临时表成功!
2016/3/7 8:56:02 定时同步档案 无分组
2016/3/7 8:56:02 定时同步档案 获取原始数据成功【数据条数】:2643,【执行语句】:select user_no ZGH,user_lname XM,case when isnull(user_sex,'') = '' then '0' else user_sex end XB,case when isnull(user_nation,'') = '' then '0' else user_nation end MZ,'b_t' BM,zh DZYXDZ,user_telephone LXDH,user_id SFZH from dt_user where user_lx <> 4 
2016/3/7 8:56:02 定时同步档案 启用不写日志成功
2016/3/7 8:56:02 定时同步档案 关闭不写日志成功
2016/3/7 8:56:02 定时同步档案 向新中新插入新数据成功，【数据行数】:2643
2016/3/7 8:56:02 定时同步档案 临时表更新正式表成功
2016/3/7 8:56:02 定时同步档案 创建新中新临时表成功!
2016/3/7 8:56:02 定时同步档案 无分组
2016/3/7 8:56:02 定时同步档案 获取原始数据成功【数据条数】:44093,【执行语句】:select user_no XH,user_lname XM,case user_sex when '男' then '1' when '女' then '2' else '0' end XB,case when  user_nation like '%汉%' then 1 when  user_nation like '%蒙古%' then 2 else 0 end MZ,dep_no_add XZB,zh DZYXDZ,user_telephone LXDH,user_id SFZH from dt_user where user_lx = 4
2016/3/7 8:56:02 定时同步档案 启用不写日志成功
2016/3/7 8:56:03 定时同步档案 关闭不写日志成功
2016/3/7 8:56:03 定时同步档案 向新中新插入新数据成功，【数据行数】:44093
2016/3/7 8:56:03 定时同步档案 临时表更新正式表成功
2016/3/7 8:56:03 定时同步档案 【成功】结束
2016/3/7 9:00:32 定时同步档案 任务开始
2016/3/7 9:00:32 定时同步档案 创建新中新临时表成功!
2016/3/7 9:00:32 定时同步档案 无分组
2016/3/7 9:00:32 定时同步档案 获取原始数据成功【数据条数】:12,【执行语句】:select dep_name DWMC,dep_no_add DWH from dt_dep where left(dep_no_add,1) = 'x'
2016/3/7 9:00:32 定时同步档案 启用不写日志成功
2016/3/7 9:00:32 定时同步档案 关闭不写日志成功
2016/3/7 9:00:32 定时同步档案 向新中新插入新数据成功，【数据行数】:12
2016/3/7 9:00:32 定时同步档案 临时表更新正式表成功
2016/3/7 9:00:32 定时同步档案 创建新中新临时表成功!
2016/3/7 9:00:32 定时同步档案 无分组
2016/3/7 9:00:32 定时同步档案 获取原始数据成功【数据条数】:113,【执行语句】:select dep_no_add ZYH,dep_no_parent DWH,dep_name ZYMC from dt_dep where left(dep_no_add,1) = 'z'
2016/3/7 9:00:32 定时同步档案 启用不写日志成功
2016/3/7 9:00:32 定时同步档案 关闭不写日志成功
2016/3/7 9:00:32 定时同步档案 向新中新插入新数据成功，【数据行数】:113
2016/3/7 9:00:32 定时同步档案 临时表更新正式表成功
2016/3/7 9:00:32 定时同步档案 创建新中新临时表成功!
2016/3/7 9:00:32 定时同步档案 无分组
2016/3/7 9:00:32 定时同步档案 获取原始数据成功【数据条数】:696,【执行语句】:select bjdm BH,bjmc BJ,zydm ZYH,yxdm SSXYDM from v_banji 
2016/3/7 9:00:32 定时同步档案 启用不写日志成功
2016/3/7 9:00:32 定时同步档案 关闭不写日志成功
2016/3/7 9:00:32 定时同步档案 向新中新插入新数据成功，【数据行数】:696
2016/3/7 9:00:32 定时同步档案 临时表更新正式表成功
2016/3/7 9:00:32 定时同步档案 创建新中新临时表成功!
2016/3/7 9:00:32 定时同步档案 无分组
2016/3/7 9:00:32 定时同步档案 获取原始数据成功【数据条数】:2643,【执行语句】:select user_no ZGH,user_lname XM,case when isnull(user_sex,'') = '' then '0' else user_sex end XB,case when isnull(user_nation,'') = '' then '0' else user_nation end MZ,'b_t' BM,zh DZYXDZ,user_telephone LXDH,user_id SFZH from dt_user where user_lx <> 4 
2016/3/7 9:00:32 定时同步档案 启用不写日志成功
2016/3/7 9:00:32 定时同步档案 关闭不写日志成功
2016/3/7 9:00:32 定时同步档案 向新中新插入新数据成功，【数据行数】:2643
2016/3/7 9:00:32 定时同步档案 临时表更新正式表成功
2016/3/7 9:00:32 定时同步档案 创建新中新临时表成功!
2016/3/7 9:00:32 定时同步档案 无分组
2016/3/7 9:00:33 定时同步档案 获取原始数据成功【数据条数】:44093,【执行语句】:select user_no XH,user_lname XM,case user_sex when '男' then '1' when '女' then '2' else '0' end XB,case when  user_nation like '%汉%' then 1 when  user_nation like '%蒙古%' then 2 else 0 end MZ,dep_no_add XZB,zh DZYXDZ,user_telephone LXDH,user_id SFZH from dt_user where user_lx = 4
2016/3/7 9:00:33 定时同步档案 启用不写日志成功
2016/3/7 9:00:33 定时同步档案 关闭不写日志成功
2016/3/7 9:00:33 定时同步档案 向新中新插入新数据成功，【数据行数】:44093
2016/3/7 9:00:33 定时同步档案 临时表更新正式表成功
2016/3/7 9:00:33 定时同步档案 【成功】结束
2016/3/7 9:01:20 定时同步档案 任务开始
2016/3/7 9:01:20 定时同步档案 创建新中新临时表成功!
2016/3/7 9:01:20 定时同步档案 无分组
2016/3/7 9:01:20 定时同步档案 获取原始数据成功【数据条数】:12,【执行语句】:select dep_name DWMC,dep_no_add DWH from dt_dep where left(dep_no_add,1) = 'x'
2016/3/7 9:01:20 定时同步档案 启用不写日志成功
2016/3/7 9:01:20 定时同步档案 关闭不写日志成功
2016/3/7 9:01:20 定时同步档案 向新中新插入新数据成功，【数据行数】:12
2016/3/7 9:01:20 定时同步档案 临时表更新正式表成功
2016/3/7 9:01:20 定时同步档案 创建新中新临时表成功!
2016/3/7 9:01:20 定时同步档案 无分组
2016/3/7 9:01:20 定时同步档案 获取原始数据成功【数据条数】:113,【执行语句】:select dep_no_add ZYH,dep_no_parent DWH,dep_name ZYMC from dt_dep where left(dep_no_add,1) = 'z'
2016/3/7 9:01:20 定时同步档案 启用不写日志成功
2016/3/7 9:01:20 定时同步档案 关闭不写日志成功
2016/3/7 9:01:20 定时同步档案 向新中新插入新数据成功，【数据行数】:113
2016/3/7 9:01:21 定时同步档案 临时表更新正式表成功
2016/3/7 9:01:21 定时同步档案 创建新中新临时表成功!
2016/3/7 9:01:21 定时同步档案 无分组
2016/3/7 9:01:21 定时同步档案 获取原始数据成功【数据条数】:696,【执行语句】:select bjdm BH,bjmc BJ,zydm ZYH,yxdm SSXYDM from v_banji 
2016/3/7 9:01:21 定时同步档案 启用不写日志成功
2016/3/7 9:01:21 定时同步档案 关闭不写日志成功
2016/3/7 9:01:21 定时同步档案 向新中新插入新数据成功，【数据行数】:696
2016/3/7 9:01:21 定时同步档案 临时表更新正式表成功
2016/3/7 9:01:21 定时同步档案 创建新中新临时表成功!
2016/3/7 9:01:21 定时同步档案 无分组
2016/3/7 9:01:21 定时同步档案 获取原始数据成功【数据条数】:2643,【执行语句】:select user_no ZGH,user_lname XM,case when isnull(user_sex,'') = '' then '0' else user_sex end XB,case when isnull(user_nation,'') = '' then '0' else user_nation end MZ,'b_t' BM,zh DZYXDZ,user_telephone LXDH,user_id SFZH from dt_user where user_lx <> 4 
2016/3/7 9:01:21 定时同步档案 启用不写日志成功
2016/3/7 9:01:21 定时同步档案 关闭不写日志成功
2016/3/7 9:01:21 定时同步档案 向新中新插入新数据成功，【数据行数】:2643
2016/3/7 9:01:21 定时同步档案 临时表更新正式表成功
2016/3/7 9:01:21 定时同步档案 创建新中新临时表成功!
2016/3/7 9:01:21 定时同步档案 无分组
2016/3/7 9:01:21 定时同步档案 获取原始数据成功【数据条数】:44093,【执行语句】:select user_no XH,user_lname XM,case user_sex when '男' then '1' when '女' then '2' else '0' end XB,case when  user_nation like '%汉%' then 1 when  user_nation like '%蒙古%' then 2 else 0 end MZ,dep_no_add XZB,zh DZYXDZ,user_telephone LXDH,user_id SFZH from dt_user where user_lx = 4
2016/3/7 9:01:21 定时同步档案 启用不写日志成功
2016/3/7 9:01:22 定时同步档案 关闭不写日志成功
2016/3/7 9:01:22 定时同步档案 向新中新插入新数据成功，【数据行数】:44093
2016/3/7 9:01:22 定时同步档案 临时表更新正式表成功
2016/3/7 9:01:22 定时同步档案 【成功】结束
2016/3/7 9:01:38 定时同步档案 任务开始
2016/3/7 9:01:38 定时同步档案 创建新中新临时表成功!
2016/3/7 9:01:38 定时同步档案 无分组
2016/3/7 9:01:38 定时同步档案 获取原始数据成功【数据条数】:12,【执行语句】:select dep_name DWMC,dep_no_add DWH from dt_dep where left(dep_no_add,1) = 'x'
2016/3/7 9:01:38 定时同步档案 启用不写日志成功
2016/3/7 9:01:38 定时同步档案 关闭不写日志成功
2016/3/7 9:01:38 定时同步档案 向新中新插入新数据成功，【数据行数】:12
2016/3/7 9:01:38 定时同步档案 临时表更新正式表成功
2016/3/7 9:01:38 定时同步档案 创建新中新临时表成功!
2016/3/7 9:01:38 定时同步档案 无分组
2016/3/7 9:01:38 定时同步档案 获取原始数据成功【数据条数】:113,【执行语句】:select dep_no_add ZYH,dep_no_parent DWH,dep_name ZYMC from dt_dep where left(dep_no_add,1) = 'z'
2016/3/7 9:01:38 定时同步档案 启用不写日志成功
2016/3/7 9:01:38 定时同步档案 关闭不写日志成功
2016/3/7 9:01:38 定时同步档案 向新中新插入新数据成功，【数据行数】:113
2016/3/7 9:01:38 定时同步档案 临时表更新正式表成功
2016/3/7 9:01:38 定时同步档案 创建新中新临时表成功!
2016/3/7 9:01:38 定时同步档案 无分组
2016/3/7 9:01:38 定时同步档案 获取原始数据成功【数据条数】:696,【执行语句】:select bjdm BH,bjmc BJ,zydm ZYH,yxdm SSXYDM from v_banji 
2016/3/7 9:01:38 定时同步档案 启用不写日志成功
2016/3/7 9:01:38 定时同步档案 关闭不写日志成功
2016/3/7 9:01:38 定时同步档案 向新中新插入新数据成功，【数据行数】:696
2016/3/7 9:01:38 定时同步档案 临时表更新正式表成功
2016/3/7 9:01:38 定时同步档案 创建新中新临时表成功!
2016/3/7 9:01:38 定时同步档案 无分组
2016/3/7 9:01:38 定时同步档案 获取原始数据成功【数据条数】:2643,【执行语句】:select user_no ZGH,user_lname XM,case when isnull(user_sex,'') = '' then '0' else user_sex end XB,case when isnull(user_nation,'') = '' then '0' else user_nation end MZ,'b_t' BM,zh DZYXDZ,user_telephone LXDH,user_id SFZH from dt_user where user_lx <> 4 
2016/3/7 9:01:38 定时同步档案 启用不写日志成功
2016/3/7 9:01:38 定时同步档案 关闭不写日志成功
2016/3/7 9:01:38 定时同步档案 向新中新插入新数据成功，【数据行数】:2643
2016/3/7 9:01:38 定时同步档案 临时表更新正式表成功
2016/3/7 9:01:38 定时同步档案 创建新中新临时表成功!
2016/3/7 9:01:38 定时同步档案 无分组
2016/3/7 9:01:39 定时同步档案 获取原始数据成功【数据条数】:44093,【执行语句】:select user_no XH,user_lname XM,case user_sex when '男' then '1' when '女' then '2' else '0' end XB,case when  user_nation like '%汉%' then 1 when  user_nation like '%蒙古%' then 2 else 0 end MZ,dep_no_add XZB,zh DZYXDZ,user_telephone LXDH,user_id SFZH from dt_user where user_lx = 4
2016/3/7 9:01:39 定时同步档案 启用不写日志成功
2016/3/7 9:01:39 定时同步档案 关闭不写日志成功
2016/3/7 9:01:39 定时同步档案 向新中新插入新数据成功，【数据行数】:44093
2016/3/7 9:01:39 定时同步档案 临时表更新正式表成功
2016/3/7 9:01:39 定时同步档案 【成功】结束
2016/3/7 9:19:38 定时同步档案 任务开始
2016/3/7 9:19:43 定时同步档案 创建新中新临时表成功!
2016/3/7 9:19:43 定时同步档案 无分组
2016/3/7 9:19:43 定时同步档案 获取原始数据成功【数据条数】:12,【执行语句】:select dep_name DWMC,dep_no_add DWH from dt_dep where left(dep_no_add,1) = 'x'
2016/3/7 9:19:43 定时同步档案 启用不写日志成功
2016/3/7 9:19:43 定时同步档案 关闭不写日志成功
2016/3/7 9:19:43 定时同步档案 向新中新插入新数据成功，【数据行数】:12
2016/3/7 9:19:43 定时同步档案 临时表更新正式表成功
2016/3/7 9:19:43 定时同步档案 创建新中新临时表成功!
2016/3/7 9:19:43 定时同步档案 无分组
2016/3/7 9:19:43 定时同步档案 获取原始数据成功【数据条数】:113,【执行语句】:select dep_no_add ZYH,dep_no_parent DWH,dep_name ZYMC from dt_dep where left(dep_no_add,1) = 'z'
2016/3/7 9:19:43 定时同步档案 启用不写日志成功
2016/3/7 9:19:43 定时同步档案 关闭不写日志成功
2016/3/7 9:19:43 定时同步档案 向新中新插入新数据成功，【数据行数】:113
2016/3/7 9:19:43 定时同步档案 临时表更新正式表成功
2016/3/7 9:19:43 定时同步档案 创建新中新临时表成功!
2016/3/7 9:19:43 定时同步档案 无分组
2016/3/7 9:19:43 定时同步档案 获取原始数据成功【数据条数】:696,【执行语句】:select bjdm BH,bjmc BJ,zydm ZYH,yxdm SSXYDM from v_banji 
2016/3/7 9:19:43 定时同步档案 启用不写日志成功
2016/3/7 9:19:43 定时同步档案 关闭不写日志成功
2016/3/7 9:19:43 定时同步档案 向新中新插入新数据成功，【数据行数】:696
2016/3/7 9:19:43 定时同步档案 临时表更新正式表成功
2016/3/7 9:19:43 定时同步档案 创建新中新临时表成功!
2016/3/7 9:19:43 定时同步档案 无分组
2016/3/7 9:19:43 定时同步档案 获取原始数据成功【数据条数】:2643,【执行语句】:select user_no ZGH,user_lname XM,case when isnull(user_sex,'') = '' then '0' else user_sex end XB,case when isnull(user_nation,'') = '' then '0' else user_nation end MZ,'b_t' BM,zh DZYXDZ,user_telephone LXDH,user_id SFZH from dt_user where user_lx <> 4 
2016/3/7 9:19:43 定时同步档案 启用不写日志成功
2016/3/7 9:19:43 定时同步档案 关闭不写日志成功
2016/3/7 9:19:43 定时同步档案 向新中新插入新数据成功，【数据行数】:2643
2016/3/7 9:19:43 定时同步档案 临时表更新正式表成功
2016/3/7 9:19:44 定时同步档案 创建新中新临时表成功!
2016/3/7 9:19:44 定时同步档案 无分组
2016/3/7 9:19:44 定时同步档案 获取原始数据成功【数据条数】:44093,【执行语句】:select user_no XH,user_lname XM,case user_sex when '男' then '1' when '女' then '2' else '0' end XB,case when  user_nation like '%汉%' then 1 when  user_nation like '%蒙古%' then 2 else 0 end MZ,dep_no_add XZB,zh DZYXDZ,user_telephone LXDH,user_id SFZH from dt_user where user_lx = 4
2016/3/7 9:19:44 定时同步档案 启用不写日志成功
2016/3/7 9:19:44 定时同步档案 关闭不写日志成功
2016/3/7 9:19:44 定时同步档案 向新中新插入新数据成功，【数据行数】:44093
2016/3/7 9:19:44 定时同步档案 临时表更新正式表成功
2016/3/7 9:19:44 定时同步档案 【成功】结束
2016/3/7 9:33:45 定时同步档案 任务开始
2016/3/7 9:33:45 定时同步档案 创建新中新临时表成功!
2016/3/7 9:33:45 定时同步档案 无分组
2016/3/7 9:33:45 定时同步档案 获取原始数据成功【数据条数】:12,【执行语句】:select dep_name DWMC,dep_no_add DWH from dt_dep where left(dep_no_add,1) = 'x'
2016/3/7 9:33:45 定时同步档案 启用不写日志成功
2016/3/7 9:33:45 定时同步档案 关闭不写日志成功
2016/3/7 9:33:45 定时同步档案 向新中新插入新数据成功，【数据行数】:12
2016/3/7 9:33:45 定时同步档案 临时表更新正式表成功
2016/3/7 9:33:45 定时同步档案 创建新中新临时表成功!
2016/3/7 9:33:45 定时同步档案 无分组
2016/3/7 9:33:45 定时同步档案 获取原始数据成功【数据条数】:113,【执行语句】:select dep_no_add ZYH,dep_no_parent DWH,dep_name ZYMC from dt_dep where left(dep_no_add,1) = 'z'
2016/3/7 9:33:45 定时同步档案 启用不写日志成功
2016/3/7 9:33:45 定时同步档案 关闭不写日志成功
2016/3/7 9:33:45 定时同步档案 向新中新插入新数据成功，【数据行数】:113
2016/3/7 9:33:45 定时同步档案 临时表更新正式表成功
2016/3/7 9:33:45 定时同步档案 创建新中新临时表成功!
2016/3/7 9:33:45 定时同步档案 无分组
2016/3/7 9:33:45 定时同步档案 获取原始数据成功【数据条数】:696,【执行语句】:select bjdm BH,bjmc BJ,zydm ZYH,yxdm SSXYDM from v_banji 
2016/3/7 9:33:45 定时同步档案 启用不写日志成功
2016/3/7 9:33:45 定时同步档案 关闭不写日志成功
2016/3/7 9:33:45 定时同步档案 向新中新插入新数据成功，【数据行数】:696
2016/3/7 9:33:45 定时同步档案 临时表更新正式表成功
2016/3/7 9:33:45 定时同步档案 创建新中新临时表成功!
2016/3/7 9:33:45 定时同步档案 无分组
2016/3/7 9:33:46 定时同步档案 获取原始数据成功【数据条数】:2643,【执行语句】:select user_no ZGH,user_lname XM,case when isnull(user_sex,'') = '' then '0' else user_sex end XB,case when isnull(user_nation,'') = '' then '0' else user_nation end MZ,'b_t' BM,zh DZYXDZ,user_telephone LXDH,user_id SFZH from dt_user where user_lx <> 4 
2016/3/7 9:33:46 定时同步档案 启用不写日志成功
2016/3/7 9:33:46 定时同步档案 关闭不写日志成功
2016/3/7 9:33:46 定时同步档案 向新中新插入新数据成功，【数据行数】:2643
2016/3/7 9:33:46 定时同步档案 临时表更新正式表成功
2016/3/7 9:33:46 定时同步档案 创建新中新临时表成功!
2016/3/7 9:33:46 定时同步档案 无分组
2016/3/7 9:33:46 定时同步档案 获取原始数据成功【数据条数】:44093,【执行语句】:select user_no XH,user_lname XM,case user_sex when '男' then '1' when '女' then '2' else '0' end XB,case when  user_nation like '%汉%' then 1 when  user_nation like '%蒙古%' then 2 else 0 end MZ,dep_no_add XZB,zh DZYXDZ,user_telephone LXDH,user_id SFZH from dt_user where user_lx = 4
2016/3/7 9:33:46 定时同步档案 启用不写日志成功
2016/3/7 9:33:46 定时同步档案 关闭不写日志成功
2016/3/7 9:33:46 定时同步档案 向新中新插入新数据成功，【数据行数】:44093
2016/3/7 9:33:47 定时同步档案 临时表更新正式表成功
2016/3/7 9:33:47 定时同步档案 【成功】结束
2016/3/7 9:34:10 定时同步档案 任务开始
2016/3/7 9:34:10 定时同步档案 创建新中新临时表成功!
2016/3/7 9:34:10 定时同步档案 无分组
2016/3/7 9:34:10 定时同步档案 获取原始数据成功【数据条数】:12,【执行语句】:select dep_name DWMC,dep_no_add DWH from dt_dep where left(dep_no_add,1) = 'x'
2016/3/7 9:34:10 定时同步档案 启用不写日志成功
2016/3/7 9:34:10 定时同步档案 关闭不写日志成功
2016/3/7 9:34:10 定时同步档案 向新中新插入新数据成功，【数据行数】:12
2016/3/7 9:34:10 定时同步档案 临时表更新正式表成功
2016/3/7 9:34:10 定时同步档案 创建新中新临时表成功!
2016/3/7 9:34:10 定时同步档案 无分组
2016/3/7 9:34:10 定时同步档案 获取原始数据成功【数据条数】:113,【执行语句】:select dep_no_add ZYH,dep_no_parent DWH,dep_name ZYMC from dt_dep where left(dep_no_add,1) = 'z'
2016/3/7 9:34:10 定时同步档案 启用不写日志成功
2016/3/7 9:34:10 定时同步档案 关闭不写日志成功
2016/3/7 9:34:10 定时同步档案 向新中新插入新数据成功，【数据行数】:113
2016/3/7 9:34:10 定时同步档案 临时表更新正式表成功
2016/3/7 9:34:10 定时同步档案 在位置 0 处没有任何行。
2016/3/7 9:34:59 定时同步档案 任务开始
2016/3/7 9:35:07 定时同步档案 创建新中新临时表成功!
2016/3/7 9:35:07 定时同步档案 无分组
2016/3/7 9:35:07 定时同步档案 获取原始数据成功【数据条数】:12,【执行语句】:select dep_name DWMC,dep_no_add DWH from dt_dep where left(dep_no_add,1) = 'x'
2016/3/7 9:35:07 定时同步档案 启用不写日志成功
2016/3/7 9:35:07 定时同步档案 关闭不写日志成功
2016/3/7 9:35:07 定时同步档案 向新中新插入新数据成功，【数据行数】:12
2016/3/7 9:35:07 定时同步档案 临时表更新正式表成功
2016/3/7 9:35:11 定时同步档案 创建新中新临时表成功!
2016/3/7 9:35:11 定时同步档案 无分组
2016/3/7 9:35:11 定时同步档案 获取原始数据成功【数据条数】:113,【执行语句】:select dep_no_add ZYH,dep_no_parent DWH,dep_name ZYMC from dt_dep where left(dep_no_add,1) = 'z'
2016/3/7 9:35:11 定时同步档案 启用不写日志成功
2016/3/7 9:35:11 定时同步档案 关闭不写日志成功
2016/3/7 9:35:11 定时同步档案 向新中新插入新数据成功，【数据行数】:113
2016/3/7 9:35:11 定时同步档案 临时表更新正式表成功
2016/3/7 9:35:28 定时同步档案 在位置 0 处没有任何行。
2016/3/7 9:35:36 定时同步档案 任务开始
2016/3/7 9:35:38 定时同步档案 创建新中新临时表成功!
2016/3/7 9:35:38 定时同步档案 无分组
2016/3/7 9:35:38 定时同步档案 获取原始数据成功【数据条数】:12,【执行语句】:select dep_name DWMC,dep_no_add DWH from dt_dep where left(dep_no_add,1) = 'x'
2016/3/7 9:35:38 定时同步档案 启用不写日志成功
2016/3/7 9:35:38 定时同步档案 关闭不写日志成功
2016/3/7 9:35:38 定时同步档案 向新中新插入新数据成功，【数据行数】:12
2016/3/7 9:35:38 定时同步档案 临时表更新正式表成功
2016/3/7 9:35:39 定时同步档案 创建新中新临时表成功!
2016/3/7 9:35:39 定时同步档案 无分组
2016/3/7 9:35:39 定时同步档案 获取原始数据成功【数据条数】:113,【执行语句】:select dep_no_add ZYH,dep_no_parent DWH,dep_name ZYMC from dt_dep where left(dep_no_add,1) = 'z'
2016/3/7 9:35:39 定时同步档案 启用不写日志成功
2016/3/7 9:35:39 定时同步档案 关闭不写日志成功
2016/3/7 9:35:39 定时同步档案 向新中新插入新数据成功，【数据行数】:113
2016/3/7 9:35:39 定时同步档案 临时表更新正式表成功
2016/3/7 9:44:58 定时同步档案 在位置 0 处没有任何行。
2016/3/7 9:56:40 定时同步档案 任务开始
2016/3/7 9:56:41 定时同步档案 创建新中新临时表成功!
2016/3/7 9:56:41 定时同步档案 无分组
2016/3/7 9:56:41 定时同步档案 获取原始数据成功【数据条数】:12,【执行语句】:select dep_name DWMC,dep_no_add DWH from dt_dep where left(dep_no_add,1) = 'x'
2016/3/7 9:56:41 定时同步档案 启用不写日志成功
2016/3/7 9:56:41 定时同步档案 关闭不写日志成功
2016/3/7 9:56:41 定时同步档案 向新中新插入新数据成功，【数据行数】:12
2016/3/7 9:56:41 定时同步档案 临时表更新正式表成功
2016/3/7 9:56:41 定时同步档案 创建新中新临时表成功!
2016/3/7 9:56:41 定时同步档案 无分组
2016/3/7 9:56:41 定时同步档案 获取原始数据成功【数据条数】:113,【执行语句】:select dep_no_add ZYH,dep_no_parent DWH,dep_name ZYMC from dt_dep where left(dep_no_add,1) = 'z'
2016/3/7 9:56:41 定时同步档案 启用不写日志成功
2016/3/7 9:56:41 定时同步档案 关闭不写日志成功
2016/3/7 9:56:41 定时同步档案 向新中新插入新数据成功，【数据行数】:113
2016/3/7 9:56:41 定时同步档案 临时表更新正式表成功
2016/3/7 9:56:41 定时同步档案 请配置临时表'ykt_bjdmb'的表结构!
2016/3/7 9:57:40 定时同步档案 任务开始
2016/3/7 9:57:40 定时同步档案 创建新中新临时表成功!
2016/3/7 9:57:40 定时同步档案 无分组
2016/3/7 9:57:40 定时同步档案 获取原始数据成功【数据条数】:12,【执行语句】:select dep_name DWMC,dep_no_add DWH from dt_dep where left(dep_no_add,1) = 'x'
2016/3/7 9:57:40 定时同步档案 启用不写日志成功
2016/3/7 9:57:40 定时同步档案 关闭不写日志成功
2016/3/7 9:57:40 定时同步档案 向新中新插入新数据成功，【数据行数】:12
2016/3/7 9:57:40 定时同步档案 临时表更新正式表成功
2016/3/7 9:57:40 定时同步档案 创建新中新临时表成功!
2016/3/7 9:57:40 定时同步档案 无分组
2016/3/7 9:57:40 定时同步档案 获取原始数据成功【数据条数】:113,【执行语句】:select dep_no_add ZYH,dep_no_parent DWH,dep_name ZYMC from dt_dep where left(dep_no_add,1) = 'z'
2016/3/7 9:57:40 定时同步档案 启用不写日志成功
2016/3/7 9:57:40 定时同步档案 关闭不写日志成功
2016/3/7 9:57:40 定时同步档案 向新中新插入新数据成功，【数据行数】:113
2016/3/7 9:57:40 定时同步档案 临时表更新正式表成功
2016/3/7 9:57:40 定时同步档案 创建新中新临时表成功!
2016/3/7 9:57:40 定时同步档案 无分组
2016/3/7 9:57:41 定时同步档案 获取原始数据成功【数据条数】:696,【执行语句】:select bjdm BH,bjmc BJ,zydm ZYH,yxdm SSXYDM from v_banji 
2016/3/7 9:57:41 定时同步档案 启用不写日志成功
2016/3/7 9:57:41 定时同步档案 关闭不写日志成功
2016/3/7 9:57:41 定时同步档案 向新中新插入新数据成功，【数据行数】:696
2016/3/7 9:57:41 定时同步档案 临时表更新正式表成功
2016/3/7 9:57:41 定时同步档案 创建新中新临时表成功!
2016/3/7 9:57:41 定时同步档案 无分组
2016/3/7 9:57:41 定时同步档案 获取原始数据成功【数据条数】:2643,【执行语句】:select user_no ZGH,user_lname XM,case when isnull(user_sex,'') = '' then '0' else user_sex end XB,case when isnull(user_nation,'') = '' then '0' else user_nation end MZ,'b_t' BM,zh DZYXDZ,user_telephone LXDH,user_id SFZH from dt_user where user_lx <> 4 
