2016/3/18 15:02:12 同步 任务开始
2016/3/18 15:02:14 同步 创建Mysql考勤临时表失败，【执行语句】:truncate table dev_gly
2016/3/18 15:03:05 同步 任务开始
2016/3/18 15:03:05 同步 创建Mysql考勤临时表成功!
2016/3/18 15:03:05 同步 无分组
2016/3/18 15:03:42 同步 获取原始数据成功【数据条数】:0,【执行语句】:select gly_no,gly_pass from dev_gly 
2016/3/18 15:03:54 同步 无原始数据或获取失败!
2016/3/18 15:04:17 同步 临时表更新正式表成功
2016/3/18 15:04:23 同步 创建Mysql考勤临时表成功!
2016/3/18 15:04:35 同步 无分组
2016/3/18 15:06:49 同步 获取原始数据成功【数据条数】:0,【执行语句】:select card_hao,card_type,user_serial,xs1,xs2,xs3,xs4,card_photo from dt_card 
2016/3/18 15:06:49 同步 无原始数据或获取失败!
2016/3/18 15:06:49 同步 临时表更新正式表成功
2016/3/18 15:06:49 同步 创建Mysql考勤临时表成功!
2016/3/18 15:06:49 同步 无分组
2016/3/18 15:07:19 同步 获取原始数据成功【数据条数】:0,【执行语句】:select dep_serial,dep_parent,dep_order,dep_name,dep_no,dep_rule from dt_dep 
2016/3/18 15:07:19 同步 无原始数据或获取失败!
2016/3/18 15:07:19 同步 临时表更新正式表成功
2016/3/18 15:07:19 同步 创建Mysql考勤临时表成功!
2016/3/18 15:07:19 同步 无分组
2016/3/18 15:07:20 同步 获取原始数据成功【数据条数】:0,【执行语句】:select user_seria,dep_old,dep_new,duty_old,duty_new,day_work,day_change,tt_change,dep_xh_old,dep_xh_new,gly_no from dt_diaod 
2016/3/18 15:07:20 同步 无原始数据或获取失败!
2016/3/18 15:07:20 同步 临时表更新正式表成功
2016/3/18 15:07:20 同步 创建Mysql考勤临时表成功!
2016/3/18 15:07:20 同步 无分组
2016/3/18 15:07:21 同步 获取原始数据成功【数据条数】:0,【执行语句】:select user_serial,leave_date,tt_lizhi,gly_no from dt_lizhi 
2016/3/18 15:07:21 同步 无原始数据或获取失败!
2016/3/18 15:07:21 同步 临时表更新正式表成功
2016/3/18 15:07:21 同步 创建Mysql考勤临时表成功!
2016/3/18 15:07:21 同步 无分组
2016/3/18 15:07:23 同步 获取原始数据成功【数据条数】:0,【执行语句】:select user_serial,user_no,user_lname,user_fname,dep_no,user_dep,user_depname,user_workday,user_duty,user_card,user_finger,user_password,pwd_begin,pwd_end,user_type,pact_begin,pact_end,user_level,user_photo,user_sex,user_nation,user_xueli,user_native,user_birthday,user_id,user_post,user_linkman,user_telephone,user_address,user_email,user_1,user_2,user_bz,kq_rule,kq_taoban,kq_tiaoxiu,xf_time,xf_jiange,xf_je,user_sj from dt_user 
2016/3/18 15:07:23 同步 无原始数据或获取失败!
2016/3/18 15:07:23 同步 临时表更新正式表成功
2016/3/18 15:07:23 同步 创建Mysql考勤临时表成功!
2016/3/18 15:07:23 同步 无分组
2016/3/18 15:07:23 同步 获取原始数据成功【数据条数】:0,【执行语句】:select CODE,NAME,VAL1,VAL2,IFYOUXIAO from jk_DingCan 
2016/3/18 15:07:23 同步 无原始数据或获取失败!
2016/3/18 15:07:23 同步 临时表更新正式表成功
2016/3/18 15:07:23 同步 创建Mysql考勤临时表成功!
2016/3/18 15:07:23 同步 无分组
2016/3/18 15:07:23 同步 获取原始数据成功【数据条数】:0,【执行语句】:select user_serial,dc_sj,dc_bz,dc_cb from jk_locdc 
2016/3/18 15:07:23 同步 无原始数据或获取失败!
2016/3/18 15:07:23 同步 临时表更新正式表成功
2016/3/18 15:07:23 同步 创建Mysql考勤临时表成功!
2016/3/18 15:07:23 同步 无分组
2016/3/18 15:07:23 同步 获取原始数据成功【数据条数】:0,【执行语句】:select bh,mc,fh,bcgl,gs,gs_yaoqiu,sb,xb,jb_ks,jb_js,xx,xx_type,xx_ks,xx_js,sb_ws,xb_ws,all_ws,sbx_ws,xbs_ws,xall_ws from kt_banci 
2016/3/18 15:07:23 同步 无原始数据或获取失败!
2016/3/18 15:07:23 同步 临时表更新正式表成功
2016/3/18 15:07:23 同步 创建Mysql考勤临时表成功!
2016/3/18 15:07:23 同步 无分组
2016/3/18 15:07:23 同步 获取原始数据成功【数据条数】:0,【执行语句】:select user_serial,dev,mjgz from kt_dev 
2016/3/18 15:07:23 同步 无原始数据或获取失败!
2016/3/18 15:07:23 同步 临时表更新正式表成功
2016/3/18 15:07:24 同步 创建Mysql考勤临时表成功!
2016/3/18 15:07:24 同步 无分组
2016/3/18 15:07:24 同步 获取原始数据成功【数据条数】:0,【执行语句】:select mc,lx,ts,valuse from kt_glbc 
2016/3/18 15:07:24 同步 无原始数据或获取失败!
2016/3/18 15:07:24 同步 临时表更新正式表成功
2016/3/18 15:07:24 同步 创建Mysql考勤临时表成功!
2016/3/18 15:07:24 同步 无分组
2016/3/18 15:07:24 同步 获取原始数据成功【数据条数】:0,【执行语句】:select jbrq,user_serial,xh,bh,kssj,jssj,jsjg,if_shenhe from kt_jiaba 
2016/3/18 15:07:24 同步 无原始数据或获取失败!
2016/3/18 15:07:24 同步 临时表更新正式表成功
2016/3/18 15:07:24 同步 创建Mysql考勤临时表成功!
2016/3/18 15:07:24 同步 无分组
2016/3/18 15:07:24 同步 获取原始数据成功【数据条数】:0,【执行语句】:select bh,mc,kssj,jssj from kt_jjr 
2016/3/18 15:07:24 同步 无原始数据或获取失败!
2016/3/18 15:07:24 同步 临时表更新正式表成功
2016/3/18 15:07:24 同步 创建Mysql考勤临时表成功!
2016/3/18 15:07:24 同步 无分组
2016/3/18 15:07:24 同步 获取原始数据成功【数据条数】:0,【执行语句】:select sj,user_serial,bh,fx,iden,dev_serial,dev_state,jlzp_serial,gly_no,lx,shenhe,yich from kt_jl 
2016/3/18 15:07:24 同步 无原始数据或获取失败!
2016/3/18 15:07:24 同步 临时表更新正式表成功
2016/3/18 15:07:24 同步 创建Mysql考勤临时表成功!
2016/3/18 15:07:24 同步 无分组
2016/3/18 15:07:24 同步 获取原始数据成功【数据条数】:0,【执行语句】:select sj,user_serial,bh,fx,iden,dev_serial,dev_state,jlzp_serial,gly_no,shenhe from kt_mj 
2016/3/18 15:07:24 同步 无原始数据或获取失败!
2016/3/18 15:07:24 同步 临时表更新正式表成功
2016/3/18 15:07:24 同步 创建Mysql考勤临时表成功!
2016/3/18 15:07:24 同步 无分组
2016/3/18 15:07:24 同步 获取原始数据成功【数据条数】:0,【执行语句】:select serial,bh,mc,gz1,gz2,gz3,gz4,gz5 from kt_mjgz 
2016/3/18 15:07:24 同步 无原始数据或获取失败!
2016/3/18 15:07:24 同步 临时表更新正式表成功
2016/3/18 15:07:24 同步 创建Mysql考勤临时表成功!
2016/3/18 15:07:24 同步 无分组
2016/3/18 15:07:24 同步 获取原始数据成功【数据条数】:0,【执行语句】:select user_serial,rq,d1,d2,d3,d4,d5,d6,d7,d8,d9,d10,d11,d12,d13,d14,d15,d16,d17,d18,d19,d20,d21,d22,d23,d24,d25,d26,d27,d28,d29,d30,d31,gly_no from kt_paiba 
2016/3/18 15:07:24 同步 无原始数据或获取失败!
2016/3/18 15:07:24 同步 临时表更新正式表成功
2016/3/18 15:07:24 同步 创建Mysql考勤临时表成功!
2016/3/18 15:07:24 同步 无分组
2016/3/18 15:07:24 同步 获取原始数据成功【数据条数】:0,【执行语句】:select bh,mc,lx,sfskq,fh from kt_qingj 
2016/3/18 15:07:24 同步 无原始数据或获取失败!
2016/3/18 15:07:24 同步 临时表更新正式表成功
2016/3/18 15:07:24 同步 创建Mysql考勤临时表成功!
2016/3/18 15:07:24 同步 无分组
2016/3/18 15:07:24 同步 获取原始数据成功【数据条数】:0,【执行语句】:select bh,mc,lx,valued from kt_rule 
2016/3/18 15:07:24 同步 无原始数据或获取失败!
2016/3/18 15:07:24 同步 临时表更新正式表成功
2016/3/18 15:07:24 同步 创建Mysql考勤临时表成功!
2016/3/18 15:07:24 同步 无分组
2016/3/18 15:07:24 同步 获取原始数据成功【数据条数】:0,【执行语句】:select a_user,b_user,a_rq,b_rq,a_bc,b_bc,bz,gly_no,shenhe from kt_tiao 
2016/3/18 15:07:24 同步 无原始数据或获取失败!
2016/3/18 15:07:24 同步 临时表更新正式表成功
2016/3/18 15:07:24 同步 创建Mysql考勤临时表成功!
2016/3/18 15:07:24 同步 无分组
2016/3/18 15:07:24 同步 获取原始数据成功【数据条数】:0,【执行语句】:select user_serial,kssj,jssj,jsjg,bz,gly_no,shenhe from kt_tiaox 
2016/3/18 15:07:24 同步 无原始数据或获取失败!
2016/3/18 15:07:24 同步 临时表更新正式表成功
2016/3/18 15:07:24 同步 创建Mysql考勤临时表成功!
2016/3/18 15:07:24 同步 无分组
2016/3/18 15:07:24 同步 获取原始数据成功【数据条数】:0,【执行语句】:select jbrq,user_serial,xh,kssj,jssj,jsjg,if_shenhe from kt_waich 
2016/3/18 15:07:24 同步 无原始数据或获取失败!
2016/3/18 15:07:24 同步 临时表更新正式表成功
2016/3/18 15:07:25 同步 创建Mysql考勤临时表成功!
2016/3/18 15:07:25 同步 无分组
2016/3/18 15:07:25 同步 获取原始数据成功【数据条数】:0,【执行语句】:select user_serial,d1,d2,d3,d4,d5,d6,d7,d8,d9,d10,d11,d12,d13,d14,d15,d16,d17,d18,d19,d20,d21,d22,d23,d24,d25,d26,d27,d28,d29,d30,d31 from kt_work 
2016/3/18 15:07:25 同步 无原始数据或获取失败!
2016/3/18 15:07:25 同步 临时表更新正式表成功
2016/3/18 15:07:25 同步 创建Mysql考勤临时表成功!
2016/3/18 15:07:25 同步 无分组
2016/3/18 15:07:25 同步 获取原始数据成功【数据条数】:0,【执行语句】:select user_serial,rq,sw1,xw1,sw2,xw2,sw3,xw3,sw4,xw4 from kt_yich 
2016/3/18 15:07:25 同步 无原始数据或获取失败!
2016/3/18 15:07:25 同步 临时表更新正式表成功
2016/3/18 15:07:25 同步 创建Mysql考勤临时表成功!
2016/3/18 15:07:25 同步 无分组
2016/3/18 15:07:25 同步 获取原始数据成功【数据条数】:0,【执行语句】:select user_serial,sj,fx from kt_yijl 
2016/3/18 15:07:25 同步 无原始数据或获取失败!
2016/3/18 15:07:25 同步 临时表更新正式表成功
2016/3/18 15:07:25 同步 创建Mysql考勤临时表成功!
2016/3/18 15:07:25 同步 无分组
2016/3/18 15:07:25 同步 获取原始数据成功【数据条数】:0,【执行语句】:select user_serial,bh,kssj,jssj,jsjg,bz,gly_no,shenhe,lx,jbrq from lr_jiaba 
2016/3/18 15:07:25 同步 无原始数据或获取失败!
2016/3/18 15:07:25 同步 临时表更新正式表成功
2016/3/18 15:07:25 同步 创建Mysql考勤临时表成功!
2016/3/18 15:07:25 同步 无分组
2016/3/18 15:07:25 同步 获取原始数据成功【数据条数】:0,【执行语句】:select sj,user_serial,xh,bz,fx,gly_no,shenhe from lr_jl 
2016/3/18 15:07:25 同步 无原始数据或获取失败!
2016/3/18 15:07:25 同步 临时表更新正式表成功
2016/3/18 15:07:25 同步 创建Mysql考勤临时表成功!
2016/3/18 15:07:25 同步 无分组
2016/3/18 15:07:25 同步 获取原始数据成功【数据条数】:0,【执行语句】:select user_serial,bh,kssj,jssj,jsjg,bz,gly_no,shenhe,lx,jbrq from lr_waich 
2016/3/18 15:07:25 同步 无原始数据或获取失败!
2016/3/18 15:07:25 同步 临时表更新正式表成功
2016/3/18 15:07:25 同步 创建Mysql考勤临时表成功!
2016/3/18 15:07:25 同步 无分组
2016/3/18 15:07:25 同步 获取原始数据成功【数据条数】:0,【执行语句】:select user_serial,dkrq,yingchu,sjchidao,sjzaotui,cschidao,cszaotui,csdaka,csloushua,kuanggong,sj1,sj2,sj3,sj4,sj5,sj6,sj7,sj8,xxr,jjr,fh,waichu1,waichu2,jia1,jia2,jbzao,jbwan,jbzhouri,jbjieri,banci1,banci2,banci3,banci4,shenhe,ysbc from rep_day 
2016/3/18 15:07:25 同步 无原始数据或获取失败!
2016/3/18 15:07:25 同步 临时表更新正式表成功
2016/3/18 15:07:25 同步 创建Mysql考勤临时表成功!
2016/3/18 15:07:25 同步 无分组
2016/3/18 15:07:25 同步 获取原始数据成功【数据条数】:0,【执行语句】:select user_serial,yuefen,rilits,yingchu,sjchidao,sjzaotui,cschidao,cszaotui,csdaka,csloushua,kuanggong,xxr,jjr,waichu1,waichu2,jia1,jia2,jbzao,jbwan,jbzhouri,jbjieri,banci1,banci2,banci3,banci4,csjbzao,csjbwan,csjbzhouri,csjbjieri,csbanci1,csbanci2,csbanci3,csbanci4,shenhe from rep_mon 
2016/3/18 15:07:25 同步 无原始数据或获取失败!
2016/3/18 15:07:25 同步 临时表更新正式表成功
2016/3/18 15:07:25 同步 创建Mysql考勤临时表成功!
2016/3/18 15:07:25 同步 无分组
2016/3/18 15:07:25 同步 获取原始数据成功【数据条数】:0,【执行语句】:select id,serverip,clientip from scip 
2016/3/18 15:07:25 同步 无原始数据或获取失败!
2016/3/18 15:07:25 同步 临时表更新正式表成功
2016/3/18 15:07:25 同步 创建Mysql考勤临时表成功!
2016/3/18 15:07:25 同步 无分组
2016/3/18 15:07:25 同步 获取原始数据成功【数据条数】:0,【执行语句】:select bh,mc,bz,ip,com,port,btl,mm,zt,sj,xs,mj,pztj,pzlj,lx,yzfs,gly_no,gly_pass,mac,dev_xs,dev_lx,kmry,dyip,jksz,tjkq,on_line,run_state,dev_lb,dev_version,dev_up,max_flow_no,dev_lock from st_device 
2016/3/18 15:07:25 同步 无原始数据或获取失败!
2016/3/18 15:07:25 同步 临时表更新正式表成功
2016/3/18 15:07:25 同步 创建Mysql考勤临时表成功!
2016/3/18 15:07:25 同步 无分组
2016/3/18 15:07:25 同步 获取原始数据成功【数据条数】:0,【执行语句】:select tt_name,tt_order from tt_1 
2016/3/18 15:07:25 同步 无原始数据或获取失败!
2016/3/18 15:07:25 同步 临时表更新正式表成功
2016/3/18 15:07:25 同步 创建Mysql考勤临时表成功!
2016/3/18 15:07:25 同步 无分组
2016/3/18 15:07:25 同步 获取原始数据成功【数据条数】:0,【执行语句】:select tt_name,tt_order from tt_2 
2016/3/18 15:07:25 同步 无原始数据或获取失败!
2016/3/18 15:07:25 同步 临时表更新正式表成功
2016/3/18 15:07:25 同步 创建Mysql考勤临时表成功!
2016/3/18 15:07:25 同步 无分组
2016/3/18 15:07:25 同步 获取原始数据成功【数据条数】:0,【执行语句】:select tt_name,tt_order from tt_diaod 
2016/3/18 15:07:25 同步 无原始数据或获取失败!
2016/3/18 15:07:26 同步 临时表更新正式表成功
2016/3/18 15:07:26 同步 创建Mysql考勤临时表成功!
2016/3/18 15:07:26 同步 无分组
2016/3/18 15:07:26 同步 获取原始数据成功【数据条数】:0,【执行语句】:select tt_name,tt_order from tt_duty 
2016/3/18 15:07:26 同步 无原始数据或获取失败!
2016/3/18 15:07:26 同步 临时表更新正式表成功
2016/3/18 15:07:26 同步 创建Mysql考勤临时表成功!
2016/3/18 15:07:26 同步 无分组
2016/3/18 15:07:26 同步 获取原始数据成功【数据条数】:0,【执行语句】:select tt_name,tt_order,tt_1,tt_2,tt_3,tt_4,tt_5,gly_no from tt_lizhi 
2016/3/18 15:07:26 同步 无原始数据或获取失败!
2016/3/18 15:07:26 同步 临时表更新正式表成功
2016/3/18 15:07:26 同步 创建Mysql考勤临时表成功!
2016/3/18 15:07:26 同步 无分组
2016/3/18 15:07:26 同步 获取原始数据成功【数据条数】:0,【执行语句】:select tt_name,tt_order from tt_nation 
2016/3/18 15:07:26 同步 无原始数据或获取失败!
2016/3/18 15:07:26 同步 临时表更新正式表成功
2016/3/18 15:07:26 同步 创建Mysql考勤临时表成功!
2016/3/18 15:07:26 同步 无分组
2016/3/18 15:07:26 同步 获取原始数据成功【数据条数】:0,【执行语句】:select tt_name,tt_order from tt_native 
2016/3/18 15:07:26 同步 无原始数据或获取失败!
2016/3/18 15:07:26 同步 临时表更新正式表成功
2016/3/18 15:07:26 同步 创建Mysql考勤临时表成功!
2016/3/18 15:07:26 同步 无分组
2016/3/18 15:07:26 同步 获取原始数据成功【数据条数】:0,【执行语句】:select tt_name,tt_order from tt_sex 
2016/3/18 15:07:26 同步 无原始数据或获取失败!
2016/3/18 15:07:26 同步 临时表更新正式表成功
2016/3/18 15:07:26 同步 创建Mysql考勤临时表成功!
2016/3/18 15:07:26 同步 无分组
2016/3/18 15:07:26 同步 获取原始数据成功【数据条数】:0,【执行语句】:select tt_name,tt_order from tt_xueli 
2016/3/18 15:07:26 同步 无原始数据或获取失败!
2016/3/18 15:07:26 同步 临时表更新正式表成功
2016/3/18 15:07:26 同步 创建Mysql考勤临时表成功!
2016/3/18 15:07:26 同步 无分组
2016/3/18 15:07:26 同步 获取原始数据成功【数据条数】:0,【执行语句】:select gly_no,log_time,log_fun,log_type,log_detail,log_computer,log_ip from wt_log 
2016/3/18 15:07:26 同步 无原始数据或获取失败!
2016/3/18 15:07:26 同步 临时表更新正式表成功
2016/3/18 15:07:26 同步 创建Mysql考勤临时表成功!
2016/3/18 15:07:26 同步 无分组
2016/3/18 15:07:26 同步 获取原始数据成功【数据条数】:0,【执行语句】:select id,bh,mc,fh,kssj,jssj from zt_banci 
2016/3/18 15:07:26 同步 无原始数据或获取失败!
2016/3/18 15:07:26 同步 临时表更新正式表成功
2016/3/18 15:07:26 同步 创建Mysql考勤临时表成功!
2016/3/18 15:07:26 同步 无分组
2016/3/18 15:07:26 同步 获取原始数据成功【数据条数】:0,【执行语句】:select user_serial,dkrq,yingchu1,yingchu2,shichu1,shichu2,other1,other2,kugong,cdshi,cdci,ztshi,ztci,yqd,yqt,wqd,wqt,sj1,sj2,sj3,sj4,xxr,jjr,xx,jbzao,jbwan,jbzong,jbzhou,jbjie,fh,yfh,banci,tiao,ycd,yzt,qjsj,qjfh,xxcs,qjcs,jbcs,shenhe from zt_day 
2016/3/18 15:07:26 同步 无原始数据或获取失败!
2016/3/18 15:07:26 同步 临时表更新正式表成功
2016/3/18 15:07:26 同步 创建Mysql考勤临时表成功!
2016/3/18 15:07:26 同步 无分组
2016/3/18 15:07:26 同步 获取原始数据成功【数据条数】:0,【执行语句】:select bh,mc,lx,ts,Valuse from zt_glbc 
2016/3/18 15:07:26 同步 无原始数据或获取失败!
2016/3/18 15:07:26 同步 临时表更新正式表成功
2016/3/18 15:07:26 同步 创建Mysql考勤临时表成功!
2016/3/18 15:07:26 同步 无分组
2016/3/18 15:07:26 同步 获取原始数据成功【数据条数】:0,【执行语句】:select user_serial,yuefen,ts,yingchu1,yingchu2,yingchu3,shichu1,shichu2,shichu3,other1,other2,other3,kugong,kugongcs,cdshi,cdci,ztshi,ztci,yqd,yqt,wqd,wqt,xxr,jjr,xx,jbzao,jbzaocs,jbwan,jbwancs,jbzong,jbzhou,jbzhoucs,jbjie,jbjiecs,yfh,banci,tiao,ycd,yzt,qjsj,qjfh,xxcs,qjcs,jbcs,shenhe from zt_mon 
2016/3/18 15:07:26 同步 无原始数据或获取失败!
2016/3/18 15:07:26 同步 临时表更新正式表成功
2016/3/18 15:07:26 同步 创建Mysql考勤临时表成功!
2016/3/18 15:07:26 同步 无分组
2016/3/18 15:07:26 同步 获取原始数据成功【数据条数】:0,【执行语句】:select bh,parent,lx,sbsj,xbsj,sbks,xbjs,cdsj,ztsj,bjcd,bjzt,qdqt,sbws,xbws,alld,allt,types,mach from zt_shid 
2016/3/18 15:07:26 同步 无原始数据或获取失败!
2016/3/18 15:07:26 同步 临时表更新正式表成功
2016/3/18 15:07:27 同步 创建Mysql考勤临时表成功!
2016/3/18 15:07:27 同步 无分组
2016/3/18 15:07:27 同步 获取原始数据成功【数据条数】:0,【执行语句】:select sj,user_serial,bh,lx,shenhe from zt_yich 
2016/3/18 15:07:27 同步 无原始数据或获取失败!
2016/3/18 15:07:27 同步 临时表更新正式表成功
2016/3/18 15:07:27 同步 【成功】结束
2016/3/18 15:20:53 同步 任务开始
2016/3/18 15:20:53 同步 创建Mysql考勤临时表成功!
2016/3/18 15:20:53 同步 无分组
2016/3/18 15:20:53 同步 获取原始数据成功【数据条数】:0,【执行语句】:select gly_no,gly_pass from dev_gly 
2016/3/18 15:20:53 同步 无原始数据或获取失败!
2016/3/18 15:20:53 同步 临时表更新正式表成功
2016/3/18 15:20:53 同步 创建Mysql考勤临时表成功!
2016/3/18 15:20:53 同步 无分组
2016/3/18 15:20:53 同步 获取原始数据成功【数据条数】:0,【执行语句】:select card_hao,card_type,user_serial,xs1,xs2,xs3,xs4,card_photo from dt_card 
2016/3/18 15:20:53 同步 无原始数据或获取失败!
2016/3/18 15:20:53 同步 临时表更新正式表成功
2016/3/18 15:20:53 同步 创建Mysql考勤临时表成功!
2016/3/18 15:20:53 同步 无分组
2016/3/18 15:20:53 同步 获取原始数据成功【数据条数】:1,【执行语句】:select dep_serial,dep_parent,dep_order,dep_name,dep_no,dep_rule from dt_dep 
2016/3/18 15:20:53 同步 启用不写日志成功
2016/3/18 15:20:53 同步 关闭不写日志成功
2016/3/18 15:20:53 同步 向Mysql考勤插入新数据成功，【数据行数】:1
2016/3/18 15:20:53 同步 临时表更新正式表成功
2016/3/18 15:20:53 同步 创建Mysql考勤临时表成功!
2016/3/18 15:20:53 同步 无分组
2016/3/18 15:20:53 同步 获取原始数据成功【数据条数】:0,【执行语句】:select user_seria,dep_old,dep_new,duty_old,duty_new,day_work,day_change,tt_change,dep_xh_old,dep_xh_new,gly_no from dt_diaod 
2016/3/18 15:20:53 同步 无原始数据或获取失败!
2016/3/18 15:20:54 同步 临时表更新正式表成功
2016/3/18 15:20:54 同步 创建Mysql考勤临时表成功!
2016/3/18 15:20:54 同步 无分组
2016/3/18 15:20:54 同步 获取原始数据成功【数据条数】:0,【执行语句】:select user_serial,leave_date,tt_lizhi,gly_no from dt_lizhi 
2016/3/18 15:20:54 同步 无原始数据或获取失败!
2016/3/18 15:20:54 同步 临时表更新正式表成功
2016/3/18 15:20:54 同步 创建Mysql考勤临时表成功!
2016/3/18 15:20:54 同步 无分组
2016/3/18 15:20:54 同步 获取原始数据成功【数据条数】:0,【执行语句】:select user_serial,user_no,user_lname,user_fname,dep_no,user_dep,user_depname,user_workday,user_duty,user_card,user_finger,user_password,pwd_begin,pwd_end,user_type,pact_begin,pact_end,user_level,user_photo,user_sex,user_nation,user_xueli,user_native,user_birthday,user_id,user_post,user_linkman,user_telephone,user_address,user_email,user_1,user_2,user_bz,kq_rule,kq_taoban,kq_tiaoxiu,xf_time,xf_jiange,xf_je,user_sj from dt_user 
2016/3/18 15:20:54 同步 无原始数据或获取失败!
2016/3/18 15:20:54 同步 临时表更新正式表成功
2016/3/18 15:20:54 同步 创建Mysql考勤临时表成功!
2016/3/18 15:20:54 同步 无分组
2016/3/18 15:20:54 同步 获取原始数据成功【数据条数】:5,【执行语句】:select CODE,NAME,VAL1,VAL2,IFYOUXIAO from jk_DingCan 
2016/3/18 15:20:54 同步 启用不写日志成功
2016/3/18 15:20:54 同步 关闭不写日志成功
2016/3/18 15:20:54 同步 【任务失败】无法访问目标表“dbo.jk_DingCan”。
