2016/3/5 10:48:00 定时同步部门 任务开始
2016/3/5 10:51:02 定时同步部门 创建独立版考勤临时表成功!
2016/3/5 10:51:02 定时同步部门 无分组
2016/3/5 10:51:02 定时同步部门 获取原始数据成功【数据条数】:6,【执行语句】:select Type Type,Name Name,Price Price,Extend Extend from TabCard 
2016/3/5 10:51:02 定时同步部门 启用不写日志成功
2016/3/5 10:51:02 定时同步部门 关闭不写日志成功
2016/3/5 10:51:02 定时同步部门 向独立版考勤插入新数据成功，【数据行数】:6
2016/3/5 10:51:02 定时同步部门 临时表更新正式表成功
2016/3/5 10:51:02 定时同步部门 【成功】结束
2016/3/5 10:51:33 定时同步部门 任务开始
2016/3/5 10:51:38 定时同步部门 创建独立版考勤临时表成功!
2016/3/5 10:51:38 定时同步部门 无分组
2016/3/5 10:51:38 定时同步部门 获取原始数据成功【数据条数】:6,【执行语句】:select Type Type,Name Name,Price Price,Extend Extend from TabCard 
2016/3/5 10:51:38 定时同步部门 启用不写日志成功
2016/3/5 10:51:38 定时同步部门 关闭不写日志成功
2016/3/5 10:51:38 定时同步部门 向独立版考勤插入新数据成功，【数据行数】:6
2016/3/5 10:51:38 定时同步部门 临时表更新正式表成功
2016/3/5 10:51:38 定时同步部门 【成功】结束
2016/3/5 10:56:19 定时同步档案 任务开始
2016/3/5 11:39:16 定时同步档案 创建新中新临时表成功!
2016/3/5 11:39:31 定时同步档案 无分组
2016/3/5 11:39:40  【数据库操作异常】无法打开登录所请求的数据库 "scm_main_成都工业职业学校"。登录失败。
用户 'sa' 登录失败。
2016/3/5 11:39:53 定时同步档案 获取原始数据失败获取数据出错，【执行语句】:select dep_name DWMC,dep_no_add DWH from dt_dep where left(dep_no_add,1) = 'x'
