9:26:39  启动调度！
9:27:23  【数据库操作异常】:表 'IF_PHOTO' 己经被别的用户以独占方式打开， 或它已经被其它用户从用户界面打开，且不能被程序处理。
9:28:29  【数据库操作异常】:ORA-00906: 缺失左括号

9:28:49  【数据库操作异常】:ORA-00906: 缺失左括号

10:15:40  启动调度！
10:15:49  【数据库操作异常】:表 'IF_PHOTO' 己经被别的用户以独占方式打开， 或它已经被其它用户从用户界面打开，且不能被程序处理。
10:18:44  启动调度！
10:23:28  启动调度！
10:37:04  启动调度！
10:39:47  启动调度！
10:40:05  【数据库操作异常】:用户 'sa' 登录失败。
10:40:25  【数据库操作异常】:用户 'sa' 登录失败。
10:43:03  启动调度！
10:43:10  【数据库操作异常】:ConnectionString 属性尚未初始化。
10:43:14  【数据库操作异常】:ConnectionString 属性尚未初始化。
10:43:16  【数据库操作异常】:ConnectionString 属性尚未初始化。
10:44:20  启动调度！
10:54:24  启动调度！
10:54:32  【数据库操作异常】:在关键字 'as' 附近有语法错误。
10:54:35  【数据库操作异常】:在关键字 'as' 附近有语法错误。
10:54:36  【数据库操作异常】:在关键字 'as' 附近有语法错误。
10:55:03  【数据库操作异常】:在关键字 'as' 附近有语法错误。
10:56:27  【数据库操作异常】:在关键字 'as' 附近有语法错误。
11:05:04  【数据库操作异常】:由于将在索引、 主关键字、或关系中创建重复的值，请求对表的改变没有成功。 改变该字段中的或包含重复数据的字段中的数据，删除索引或重新定义索引以允许重复的值并再试一次。
11:05:21  【数据库操作异常】:由于将在索引、 主关键字、或关系中创建重复的值，请求对表的改变没有成功。 改变该字段中的或包含重复数据的字段中的数据，删除索引或重新定义索引以允许重复的值并再试一次。
11:05:33  【数据库操作异常】:由于将在索引、 主关键字、或关系中创建重复的值，请求对表的改变没有成功。 改变该字段中的或包含重复数据的字段中的数据，删除索引或重新定义索引以允许重复的值并再试一次。
11:08:25  【数据库操作异常】:由于将在索引、 主关键字、或关系中创建重复的值，请求对表的改变没有成功。 改变该字段中的或包含重复数据的字段中的数据，删除索引或重新定义索引以允许重复的值并再试一次。
11:08:46  【数据库操作异常】:由于将在索引、 主关键字、或关系中创建重复的值，请求对表的改变没有成功。 改变该字段中的或包含重复数据的字段中的数据，删除索引或重新定义索引以允许重复的值并再试一次。
11:08:51  【数据库操作异常】:由于将在索引、 主关键字、或关系中创建重复的值，请求对表的改变没有成功。 改变该字段中的或包含重复数据的字段中的数据，删除索引或重新定义索引以允许重复的值并再试一次。
11:08:57  【数据库操作异常】:由于将在索引、 主关键字、或关系中创建重复的值，请求对表的改变没有成功。 改变该字段中的或包含重复数据的字段中的数据，删除索引或重新定义索引以允许重复的值并再试一次。
11:10:26  启动调度！
11:10:41  【数据库操作异常】:由于将在索引、 主关键字、或关系中创建重复的值，请求对表的改变没有成功。 改变该字段中的或包含重复数据的字段中的数据，删除索引或重新定义索引以允许重复的值并再试一次。
11:13:09  启动调度！
11:23:51  启动调度！
11:33:59  启动调度！
11:34:17  【数据库操作异常】:ORA-12154: TNS: 无法解析指定的连接标识符

11:35:21  启动调度！
11:40:14  启动调度！
11:40:23  【数据库操作异常】:表 'IF_field_infor' 己经被别的用户以独占方式打开， 或它已经被其它用户从用户界面打开，且不能被程序处理。
