13:39:34  【数据库操作异常】:表 'IF_Task' 己经被别的用户以独占方式打开， 或它已经被其它用户从用户界面打开，且不能被程序处理。
13:39:35  启动调度！
13:39:50  启动调度！
13:43:09  ------------任务开始，【任务编号】:20121214133735----------↓
13:53:06  启动调度！
14:12:17  ------------任务开始，【任务编号】:20121214133735----------↓
14:32:03  启动调度！
14:32:06  ------------任务开始，【任务编号】:20121214133735----------↓
14:33:11  【数据库操作异常】:ORA-12547: TNS: 丢失连接

14:40:12  【数据库操作异常】:ORA-03135: 连接失去联系

14:40:26  获取对方原始数据出错，【执行语句】:select Year,Term_id,Class_id,student_no,Teacher_no,Sub_name,Room_name,Xqj,Zc from tmp_tkq_rank  where Year = '2009-2010' and Term_id = '1'
14:40:30  【数据库操作异常】:ORA-03114: 未连接到 ORALCE

14:40:30  获取对方原始数据出错，【执行语句】:select Year,Term_id,Class_id,student_no,Teacher_no,Sub_name,Room_name,Xqj,Zc from tmp_tkq_rank  where Year = '2010-2011' and Term_id = '1'
14:41:05  【数据库操作异常】:ORA-03135: 连接失去联系

14:41:05  获取对方原始数据出错，【执行语句】:select Year,Term_id,Class_id,student_no,Teacher_no,Sub_name,Room_name,Xqj,Zc from tmp_tkq_rank  where Year = '2012-2013' and Term_id = '2'
14:41:13  【数据库操作异常】:ORA-03114: 未连接到 ORALCE

14:43:54  【数据库操作异常】:ORA-03135: 连接失去联系

14:47:05  【数据库操作异常】:ORA-03135: 连接失去联系

14:50:00  【数据库操作异常】:ORA-03135: 连接失去联系

14:53:00  【数据库操作异常】:ORA-03135: 连接失去联系

14:53:16  获取对方原始数据出错，【执行语句】:select Year,Term_id,Class_id,student_no,Teacher_no,Sub_name,Room_name,Xqj,Zc from tmp_tkq_rank  where Year = '2009-2010' and Term_id = '2'
14:53:18  【数据库操作异常】:ORA-03114: 未连接到 ORALCE

14:53:18  获取对方原始数据出错，【执行语句】:select Year,Term_id,Class_id,student_no,Teacher_no,Sub_name,Room_name,Xqj,Zc from tmp_tkq_rank  where Year = '2010-2011' and Term_id = '2'
14:53:57  【数据库操作异常】:ORA-03135: 连接失去联系

14:53:57  获取对方原始数据出错，【执行语句】:select Year,Term_id,Class_id,student_no,Teacher_no,Sub_name,Room_name,Xqj,Zc from tmp_tkq_rank  where Year = '2011-2012' and Term_id = '2'
14:55:00  【数据库操作异常】:ORA-03113: 通信通道的文件结束

14:56:00  获取对方原始数据出错，【执行语句】:select Year,Term_id,Class_id,student_no,Teacher_no,Sub_name,Room_name,Xqj,Zc from tmp_tkq_rank  where Year = '2012-2013' and Term_id = '1'
14:56:31  【数据库操作异常】:ORA-03135: 连接失去联系

14:56:31  获取对方原始数据出错，【执行语句】:select Year,Term_id,Class_id,student_no,Teacher_no,Sub_name,Room_name,Xqj,Zc from tmp_tkq_rank  where Year = '2011-2012' and Term_id = '1'
14:56:31  ---------任务【失败】结束，【任务编号】:20121214133735-------↑
14:56:31  
14:58:04  【数据库操作异常】:ORA-03135: 连接失去联系

14:58:35  【数据库操作异常】:ORA-03135: 连接失去联系

14:59:40  启动调度！
15:00:04  ------------任务开始，【任务编号】:20121214133735----------↓
15:01:47  【数据库操作异常】:ORA-03135: 连接失去联系

15:03:24  获取对方原始数据成功，【执行语句】:select Year,Term_id,Class_id,student_no,Teacher_no,Sub_name,Room_name,Xqj,Zc from tmp_tkq_rank  where Year = '2009-2010' and Term_id = '1',【数据条数】:2726
15:03:36  向我方插入新数据成功，【数据行数】:2726
15:03:42  【数据库操作异常】:ORA-03114: 未连接到 ORALCE

15:05:50  获取对方原始数据出错，【执行语句】:select Year,Term_id,Class_id,student_no,Teacher_no,Sub_name,Room_name,Xqj,Zc from tmp_tkq_rank  where Year = '2010-2011' and Term_id = '1'
15:06:25  【数据库操作异常】:ORA-12637: 包接收失败

15:06:41  获取对方原始数据出错，【执行语句】:select Year,Term_id,Class_id,student_no,Teacher_no,Sub_name,Room_name,Xqj,Zc from tmp_tkq_rank  where Year = '2012-2013' and Term_id = '2'
15:07:09  【数据库操作异常】:ORA-12547: TNS: 丢失连接

15:07:09  获取对方原始数据出错，【执行语句】:select Year,Term_id,Class_id,student_no,Teacher_no,Sub_name,Room_name,Xqj,Zc from tmp_tkq_rank  where Year = '2009-2010' and Term_id = '2'
15:08:33  【数据库操作异常】:ORA-12637: 包接收失败

15:45:53  启动调度！
15:45:57  ------------任务开始，【任务编号】:20121214133735----------↓
15:46:26  【数据库操作异常】:ORA-12637: 包接收失败

16:22:56  启动调度！
16:23:00  ------------任务开始，【任务编号】:20121214133735----------↓
16:53:11  获取对方原始数据成功，【执行语句】:select Year,Term_id,Class_id,student_no,Teacher_no,Sub_name,Room_name,Xqj,Zc from tmp_tkq_rank  where Year = '2009-2010' and Term_id = '1',【数据条数】:310211
16:56:24  【数据库操作异常】:将截断字符串或二进制数据。
将截断字符串或二进制数据。
将截断字符串或二进制数据。
将截断字符串或二进制数据。
将截断字符串或二进制数据。
将截断字符串或二进制数据。
将截断字符串或二进制数据。
将截断字符串或二进制数据。
将截断字符串或二进制数据。
将截断字符串或二进制数据。
将截断字符串或二进制数据。
将截断字符串或二进制数据。
将截断字符串或二进制数据。
将截断字符串或二进制数据。
将截断字符串或二进制数据。
将截断字符串或二进制数据。
将截断字符串或二进制数据。
将截断字符串或二进制数据。
将截断字符串或二进制数据。
将截断字符串或二进制数据。
将截断字符串或二进制数据。
将截断字符串或二进制数据。
将截断字符串或二进制数据。
将截断字符串或二进制数据。
将截断字符串或二进制数据。
将截断字符串或二进制数据。
将截断字符串或二进制数据。
将截断字符串或二进制数据。
将截断字符串或二进制数据。
将截断字符串或二进制数据。
将截断字符串或二进制数据。
将截断字符串或二进制数据。
将截断字符串或二进制数据。
将截断字符串或二进制数据。
将截断字符串或二进制数据。
将截断字符串或二进制数据。
将截断字符串或二进制数据。
将截断字符串或二进制数据。
将截断字符串或二进制数据。
将截断字符串或二进制数据。
将截断字符串或二进制数据。
将截断字符串或二进制数据。
将截断字符串或二进制数据。
将截断字符串或二进制数据。
将截断字符串或二进制数据。
将截断字符串或二进制数据。
将截断字符串或二进制数据。
将截断字符串或二进制数据。
将截断字符串或二进制数据。
将截断字符串或二进制数据。
将截断字符串或二进制数据。
将截断字符串或二进制数据。
将截断字符串或二进制数据。
将截断字符串或二进制数据。
将截断字符串或二进制数据。
将截断字符串或二进制数据。
将截断字符串或二进制数据。
将截断字符串或二进制数据。
将截断字符串或二进制数据。
将截断字符串或二进制数据。
将截断字符串或二进制数据。
将截断字符串或二进制数据。
将截断字符串或二进制数据。
将截断字符串或二进制数据。
将截断字符串或二进制数据。
将截断字符串或二进制数据。
将截断字符串或二进制数据。
将截断字符串或二进制数据。
将截断字符串或二进制数据。
将截断字符串或二进制数据。
将截断字符串或二进制数据。
将截断字符串或二进制数据。
将截断字符串或二进制数据。
将截断字符串或二进制数据。
将截断字符串或二进制数据。
将截断字符串或二进制数据。
将截断字符串或二进制数据。
将截断字符串或二进制数据。
将截断字符串或二进制数据。
将截断字符串或二进制数据。
将截断字符串或二进制数据。
将截断字符串或二进制数据。
将截断字符串或二进制数据。
将截断字符串或二进制数据。
将截断字符串或二进制数据。
将截断字符串或二进制数据。
将截断字符串或二进制数据。
将截断字符串或二进制数据。
将截断字符串或二进制数据。
将截断字符串或二进制数据。
将截断字符串或二进制数据。
将截断字符串或二进制数据。
将截断字符串或二进制数据。
将截断字符串或二进制数据。
将截断字符串或二进制数据。
将截断字符串或二进制数据。
将截断字符串或二进制数据。
将截断字符串或二进制数据。
将截断字符串或二进制数据。
将截断字符串或二进制数据。
将截断字符串或二进制数据。
将截断字符串或二进制数据。
将截断字符串或二进制数据。
将截断字符串或二进制数据。
将截断字符串或二进制数据。
将截断字符串或二进制数据。
将截断字符串或二进制数据。
将截断字符串或二进制数据。
将截断字符串或二进制数据。
将截断字符串或二进制数据。
将截断字符串或二进制数据。
将截断字符串或二进制数据。
将截断字符串或二进制数据。
将截断字符串或二进制数据。
将截断字符串或二进制数据。
将截断字符串或二进制数据。
将截断字符串或二进制数据。
将截断字符串或二进制数据。
将截断字符串或二进制数据。
将截断字符串或二进制数据。
将截断字符串或二进制数据。
将截断字符串或二进制数据。
将截断字符串或二进制数据。
将截断字符串或二进制数据。
将截断字符串或二进制数据。
将截断字符串或二进制数据。
将截断字符串或二进制数据。
将截断字符串或二进制数据。
将截断字符串或二进制数据。
将截断字符串或二进制数据。
将截断字符串或二进制数据。
将截断字符串或二进制数据。
将截断字符串或二进制数据。
将截断字符串或二进制数据。
将截断字符串或二进制数据。
将截断字符串或二进制数据。
将截断字符串或二进制数据。
将截断字符串或二进制数据。
将截断字符串或二进制数据。
将截断字符串或二进制数据。
语句已终止。
语句已终止。
语句已终止。
语句已终止。
语句已终止。
语句已终止。
语句已终止。
语句已终止。
语句已终止。
语句已终止。
语句已终止。
语句已终止。
语句已终止。
语句已终止。
语句已终止。
语句已终止。
语句已终止。
语句已终止。
语句已终止。
语句已终止。
语句已终止。
语句已终止。
语句已终止。
语句已终止。
语句已终止。
语句已终止。
语句已终止。
语句已终止。
语句已终止。
语句已终止。
语句已终止。
语句已终止。
语句已终止。
语句已终止。
语句已终止。
语句已终止。
语句已终止。
语句已终止。
语句已终止。
语句已终止。
语句已终止。
语句已终止。
语句已终止。
语句已终止。
语句已终止。
语句已终止。
语句已终止。
语句已终止。
语句已终止。
语句已终止。
语句已终止。
语句已终止。
语句已终止。
语句已终止。
语句已终止。
语句已终止。
语句已终止。
语句已终止。
语句已终止。
语句已终止。
语句已终止。
语句已终止。
语句已终止。
语句已终止。
语句已终止。
语句已终止。
语句已终止。
语句已终止。
语句已终止。
语句已终止。
语句已终止。
语句已终止。
语句已终止。
语句已终止。
语句已终止。
语句已终止。
语句已终止。
语句已终止。
语句已终止。
语句已终止。
语句已终止。
语句已终止。
语句已终止。
语句已终止。
语句已终止。
语句已终止。
语句已终止。
语句已终止。
语句已终止。
语句已终止。
语句已终止。
语句已终止。
语句已终止。
语句已终止。
语句已终止。
语句已终止。
语句已终止。
语句已终止。
语句已终止。
语句已终止。
语句已终止。
语句已终止。
语句已终止。
语句已终止。
语句已终止。
语句已终止。
语句已终止。
语句已终止。
语句已终止。
语句已终止。
语句已终止。
语句已终止。
语句已终止。
语句已终止。
语句已终止。
语句已终止。
语句已终止。
语句已终止。
语句已终止。
语句已终止。
语句已终止。
语句已终止。
语句已终止。
语句已终止。
语句已终止。
语句已终止。
语句已终止。
语句已终止。
语句已终止。
语句已终止。
语句已终止。
语句已终止。
语句已终止。
语句已终止。
语句已终止。
语句已终止。
语句已终止。
语句已终止。
语句已终止。
语句已终止。
16:56:24  向我方插入新数据失败，【数据行数】:310211
16:58:51  【数据库操作异常】:将截断字符串或二进制数据。
将截断字符串或二进制数据。
将截断字符串或二进制数据。
将截断字符串或二进制数据。
将截断字符串或二进制数据。
将截断字符串或二进制数据。
将截断字符串或二进制数据。
将截断字符串或二进制数据。
将截断字符串或二进制数据。
将截断字符串或二进制数据。
将截断字符串或二进制数据。
将截断字符串或二进制数据。
将截断字符串或二进制数据。
将截断字符串或二进制数据。
将截断字符串或二进制数据。
将截断字符串或二进制数据。
将截断字符串或二进制数据。
将截断字符串或二进制数据。
将截断字符串或二进制数据。
将截断字符串或二进制数据。
将截断字符串或二进制数据。
将截断字符串或二进制数据。
将截断字符串或二进制数据。
将截断字符串或二进制数据。
将截断字符串或二进制数据。
将截断字符串或二进制数据。
将截断字符串或二进制数据。
将截断字符串或二进制数据。
将截断字符串或二进制数据。
将截断字符串或二进制数据。
将截断字符串或二进制数据。
将截断字符串或二进制数据。
将截断字符串或二进制数据。
将截断字符串或二进制数据。
将截断字符串或二进制数据。
将截断字符串或二进制数据。
将截断字符串或二进制数据。
将截断字符串或二进制数据。
将截断字符串或二进制数据。
将截断字符串或二进制数据。
将截断字符串或二进制数据。
将截断字符串或二进制数据。
将截断字符串或二进制数据。
将截断字符串或二进制数据。
将截断字符串或二进制数据。
将截断字符串或二进制数据。
将截断字符串或二进制数据。
将截断字符串或二进制数据。
将截断字符串或二进制数据。
将截断字符串或二进制数据。
将截断字符串或二进制数据。
将截断字符串或二进制数据。
将截断字符串或二进制数据。
将截断字符串或二进制数据。
将截断字符串或二进制数据。
将截断字符串或二进制数据。
将截断字符串或二进制数据。
将截断字符串或二进制数据。
将截断字符串或二进制数据。
将截断字符串或二进制数据。
将截断字符串或二进制数据。
将截断字符串或二进制数据。
将截断字符串或二进制数据。
将截断字符串或二进制数据。
将截断字符串或二进制数据。
将截断字符串或二进制数据。
将截断字符串或二进制数据。
将截断字符串或二进制数据。
将截断字符串或二进制数据。
将截断字符串或二进制数据。
将截断字符串或二进制数据。
将截断字符串或二进制数据。
将截断字符串或二进制数据。
将截断字符串或二进制数据。
将截断字符串或二进制数据。
将截断字符串或二进制数据。
将截断字符串或二进制数据。
将截断字符串或二进制数据。
将截断字符串或二进制数据。
将截断字符串或二进制数据。
将截断字符串或二进制数据。
将截断字符串或二进制数据。
将截断字符串或二进制数据。
将截断字符串或二进制数据。
将截断字符串或二进制数据。
将截断字符串或二进制数据。
将截断字符串或二进制数据。
将截断字符串或二进制数据。
将截断字符串或二进制数据。
将截断字符串或二进制数据。
将截断字符串或二进制数据。
将截断字符串或二进制数据。
将截断字符串或二进制数据。
将截断字符串或二进制数据。
将截断字符串或二进制数据。
将截断字符串或二进制数据。
将截断字符串或二进制数据。
将截断字符串或二进制数据。
将截断字符串或二进制数据。
将截断字符串或二进制数据。
将截断字符串或二进制数据。
将截断字符串或二进制数据。
将截断字符串或二进制数据。
将截断字符串或二进制数据。
将截断字符串或二进制数据。
将截断字符串或二进制数据。
将截断字符串或二进制数据。
将截断字符串或二进制数据。
将截断字符串或二进制数据。
将截断字符串或二进制数据。
将截断字符串或二进制数据。
将截断字符串或二进制数据。
将截断字符串或二进制数据。
将截断字符串或二进制数据。
将截断字符串或二进制数据。
将截断字符串或二进制数据。
将截断字符串或二进制数据。
将截断字符串或二进制数据。
将截断字符串或二进制数据。
将截断字符串或二进制数据。
将截断字符串或二进制数据。
将截断字符串或二进制数据。
将截断字符串或二进制数据。
将截断字符串或二进制数据。
将截断字符串或二进制数据。
将截断字符串或二进制数据。
将截断字符串或二进制数据。
将截断字符串或二进制数据。
将截断字符串或二进制数据。
将截断字符串或二进制数据。
将截断字符串或二进制数据。
将截断字符串或二进制数据。
将截断字符串或二进制数据。
将截断字符串或二进制数据。
将截断字符串或二进制数据。
将截断字符串或二进制数据。
将截断字符串或二进制数据。
将截断字符串或二进制数据。
将截断字符串或二进制数据。
将截断字符串或二进制数据。
语句已终止。
语句已终止。
语句已终止。
语句已终止。
语句已终止。
语句已终止。
语句已终止。
语句已终止。
语句已终止。
语句已终止。
语句已终止。
语句已终止。
语句已终止。
语句已终止。
语句已终止。
语句已终止。
语句已终止。
语句已终止。
语句已终止。
语句已终止。
语句已终止。
语句已终止。
语句已终止。
语句已终止。
语句已终止。
语句已终止。
语句已终止。
语句已终止。
语句已终止。
语句已终止。
语句已终止。
语句已终止。
语句已终止。
语句已终止。
语句已终止。
语句已终止。
语句已终止。
语句已终止。
语句已终止。
语句已终止。
语句已终止。
语句已终止。
语句已终止。
语句已终止。
语句已终止。
语句已终止。
语句已终止。
语句已终止。
语句已终止。
语句已终止。
语句已终止。
语句已终止。
语句已终止。
语句已终止。
语句已终止。
语句已终止。
语句已终止。
语句已终止。
语句已终止。
语句已终止。
语句已终止。
语句已终止。
语句已终止。
语句已终止。
语句已终止。
语句已终止。
语句已终止。
语句已终止。
语句已终止。
语句已终止。
语句已终止。
语句已终止。
语句已终止。
语句已终止。
语句已终止。
语句已终止。
语句已终止。
语句已终止。
语句已终止。
语句已终止。
语句已终止。
语句已终止。
语句已终止。
语句已终止。
语句已终止。
语句已终止。
语句已终止。
语句已终止。
语句已终止。
语句已终止。
语句已终止。
语句已终止。
语句已终止。
语句已终止。
语句已终止。
语句已终止。
语句已终止。
语句已终止。
语句已终止。
语句已终止。
语句已终止。
语句已终止。
语句已终止。
语句已终止。
语句已终止。
语句已终止。
语句已终止。
语句已终止。
语句已终止。
语句已终止。
语句已终止。
语句已终止。
语句已终止。
语句已终止。
语句已终止。
语句已终止。
语句已终止。
语句已终止。
语句已终止。
语句已终止。
语句已终止。
语句已终止。
语句已终止。
语句已终止。
语句已终止。
语句已终止。
语句已终止。
语句已终止。
语句已终止。
语句已终止。
语句已终止。
语句已终止。
语句已终止。
语句已终止。
语句已终止。
语句已终止。
语句已终止。
语句已终止。
语句已终止。
语句已终止。
17:09:17  向我方插入新数据成功，【数据行数】:310211
17:15:45  获取对方原始数据成功，【执行语句】:select Year,Term_id,Class_id,student_no,Teacher_no,Sub_name,Room_name,Xqj,Zc from tmp_tkq_rank  where Year = '2012-2013' and Term_id = '2',【数据条数】:75532
17:16:17  删除我方旧数据失败，【执行语句】:truncate table tmp_tkq_rank
17:30:04  【数据库操作异常】:ORA-03135: 连接失去联系

17:30:04  获取对方原始数据出错，【执行语句】:select Year,Term_id,Class_id,student_no,Teacher_no,Sub_name,Room_name,Xqj,Zc from tmp_tkq_rank  where Year = '2009-2010' and Term_id = '2'
17:30:04  【数据库操作异常】:ORA-03114: 未连接到 ORALCE

17:30:04  获取对方原始数据出错，【执行语句】:select Year,Term_id,Class_id,student_no,Teacher_no,Sub_name,Room_name,Xqj,Zc from tmp_tkq_rank  where Year = '2010-2011' and Term_id = '2'
17:59:30  获取对方原始数据成功，【执行语句】:select Year,Term_id,Class_id,student_no,Teacher_no,Sub_name,Room_name,Xqj,Zc from tmp_tkq_rank  where Year = '2011-2012' and Term_id = '2',【数据条数】:333427
18:01:54  删除我方旧数据失败，【执行语句】:truncate table tmp_tkq_rank
18:35:32  【数据库操作异常】:ORA-03135: 连接失去联系

18:35:32  获取对方原始数据出错，【执行语句】:select Year,Term_id,Class_id,student_no,Teacher_no,Sub_name,Room_name,Xqj,Zc from tmp_tkq_rank  where Year = '2012-2013' and Term_id = '1'
18:35:32  【数据库操作异常】:ORA-03114: 未连接到 ORALCE

18:35:32  获取对方原始数据出错，【执行语句】:select Year,Term_id,Class_id,student_no,Teacher_no,Sub_name,Room_name,Xqj,Zc from tmp_tkq_rank  where Year = '2011-2012' and Term_id = '1'
18:35:32  ---------任务【失败】结束，【任务编号】:20121214133735-------↑
18:35:32  
