2017-10-24 09:22:25  开始调度
2017-10-24 09:22:32 988 【988】相同任务或其它互斥任务正在执行，当前任务加入等待列表!
2017-10-24 09:22:36 988 【988】相同任务或其它互斥任务正在执行，当前任务加入等待列表!
2017-10-24 09:22:40 988 【988】相同任务或其它互斥任务正在执行，当前任务加入等待列表!
2017-10-24 09:22:42 988 【988】任务后期处理成功{,}exec check_wt_user_up{,}True{,}
2017-10-24 09:22:44 988 【988】相同任务或其它互斥任务正在执行，当前任务加入等待列表!
2017-10-24 09:22:48 988 【988】相同任务或其它互斥任务正在执行，当前任务加入等待列表!
2017-10-24 09:22:52 988 【988】相同任务或其它互斥任务正在执行，当前任务加入等待列表!
2017-10-24 09:22:56 988 【988】相同任务或其它互斥任务正在执行，当前任务加入等待列表!
2017-10-24 09:22:58 988 【988】任务后期处理成功{,}exec check_wt_user_up{,}True{,}
2017-10-24 09:23:00 988 【988】相同任务或其它互斥任务正在执行，当前任务加入等待列表!
2017-10-24 09:23:04 988 【988】相同任务或其它互斥任务正在执行，当前任务加入等待列表!
2017-10-24 09:23:08 988 【988】相同任务或其它互斥任务正在执行，当前任务加入等待列表!
2017-10-24 09:23:12 988 【988】相同任务或其它互斥任务正在执行，当前任务加入等待列表!
2017-10-24 09:23:13 988 【988】任务后期处理成功{,}exec check_wt_user_up{,}True{,}
2017-10-24 09:23:16 988 【988】相同任务或其它互斥任务正在执行，当前任务加入等待列表!
2017-10-24 09:23:20 988 【988】相同任务或其它互斥任务正在执行，当前任务加入等待列表!
2017-10-24 09:23:28 988 【988】相同任务或其它互斥任务正在执行，当前任务加入等待列表!
2017-10-24 09:23:28 988 【988】任务后期处理成功{,}exec check_wt_user_up{,}True{,}
2017-10-24 09:23:32 988 【988】相同任务或其它互斥任务正在执行，当前任务加入等待列表!
2017-10-24 09:23:36 988 【988】相同任务或其它互斥任务正在执行，当前任务加入等待列表!
2017-10-24 09:23:40 988 【988】相同任务或其它互斥任务正在执行，当前任务加入等待列表!
2017-10-24 09:23:43 988 【988】任务后期处理成功{,}exec check_wt_user_up{,}True{,}
2017-10-24 09:23:48 988 【988】相同任务或其它互斥任务正在执行，当前任务加入等待列表!
2017-10-24 09:23:52 988 【988】相同任务或其它互斥任务正在执行，当前任务加入等待列表!
2017-10-24 09:23:56 988 【988】相同任务或其它互斥任务正在执行，当前任务加入等待列表!
2017-10-24 09:23:58 988 【988】任务后期处理成功{,}exec check_wt_user_up{,}True{,}
2017-10-24 09:24:00 988 【988】相同任务或其它互斥任务正在执行，当前任务加入等待列表!
2017-10-24 09:24:04 988 【988】相同任务或其它互斥任务正在执行，当前任务加入等待列表!
2017-10-24 09:24:08 988 【988】相同任务或其它互斥任务正在执行，当前任务加入等待列表!
2017-10-24 09:24:12 988 【988】相同任务或其它互斥任务正在执行，当前任务加入等待列表!
2017-10-24 09:24:13 988 【988】任务后期处理成功{,}exec check_wt_user_up{,}True{,}
2017-10-24 09:24:16 988 【988】相同任务或其它互斥任务正在执行，当前任务加入等待列表!
2017-10-24 09:24:20 988 【988】相同任务或其它互斥任务正在执行，当前任务加入等待列表!
2017-10-24 09:24:24 988 【988】相同任务或其它互斥任务正在执行，当前任务加入等待列表!
2017-10-24 09:24:28 988 【988】任务后期处理成功{,}exec check_wt_user_up{,}True{,}
2017-10-24 09:24:32 988 【988】相同任务或其它互斥任务正在执行，当前任务加入等待列表!
2017-10-24 09:24:36 988 【988】相同任务或其它互斥任务正在执行，当前任务加入等待列表!
2017-10-24 09:24:40 988 【988】相同任务或其它互斥任务正在执行，当前任务加入等待列表!
2017-10-24 09:24:43 988 【988】任务后期处理成功{,}exec check_wt_user_up{,}True{,}
2017-10-24 09:24:44 988 【988】相同任务或其它互斥任务正在执行，当前任务加入等待列表!
2017-10-24 09:24:48 988 【988】相同任务或其它互斥任务正在执行，当前任务加入等待列表!
2017-10-24 09:24:52 988 【988】相同任务或其它互斥任务正在执行，当前任务加入等待列表!
2017-10-24 09:24:56 988 【988】相同任务或其它互斥任务正在执行，当前任务加入等待列表!
2017-10-24 09:24:58 988 【988】任务后期处理成功{,}exec check_wt_user_up{,}True{,}
2017-10-24 09:25:00 988 【988】相同任务或其它互斥任务正在执行，当前任务加入等待列表!
2017-10-24 09:25:04 988 【988】相同任务或其它互斥任务正在执行，当前任务加入等待列表!
2017-10-24 09:25:08 988 【988】相同任务或其它互斥任务正在执行，当前任务加入等待列表!
2017-10-24 09:25:12 988 【988】相同任务或其它互斥任务正在执行，当前任务加入等待列表!
2017-10-24 09:25:12 988 【988】任务后期处理成功{,}exec check_wt_user_up{,}True{,}
2017-10-24 09:25:16 988 【988】相同任务或其它互斥任务正在执行，当前任务加入等待列表!
2017-10-24 09:25:20 988 【988】相同任务或其它互斥任务正在执行，当前任务加入等待列表!
2017-10-24 09:25:24 988 【988】相同任务或其它互斥任务正在执行，当前任务加入等待列表!
2017-10-24 09:25:28 988 【988】任务后期处理成功{,}exec check_wt_user_up{,}True{,}
2017-10-24 09:25:32 988 【988】相同任务或其它互斥任务正在执行，当前任务加入等待列表!
2017-10-24 09:25:36 988 【988】相同任务或其它互斥任务正在执行，当前任务加入等待列表!
2017-10-24 09:25:40 988 【988】相同任务或其它互斥任务正在执行，当前任务加入等待列表!
2017-10-24 09:25:43 988 【988】任务后期处理成功{,}exec check_wt_user_up{,}True{,}
2017-10-24 09:25:44 988 【988】相同任务或其它互斥任务正在执行，当前任务加入等待列表!
2017-10-24 09:25:48 988 【988】相同任务或其它互斥任务正在执行，当前任务加入等待列表!
2017-10-24 09:25:52 988 【988】相同任务或其它互斥任务正在执行，当前任务加入等待列表!
2017-10-24 09:25:56 988 【988】相同任务或其它互斥任务正在执行，当前任务加入等待列表!
2017-10-24 09:25:57 988 【988】任务后期处理成功{,}exec check_wt_user_up{,}True{,}
2017-10-24 09:26:00 988 【988】相同任务或其它互斥任务正在执行，当前任务加入等待列表!
2017-10-24 09:26:04 988 【988】相同任务或其它互斥任务正在执行，当前任务加入等待列表!
2017-10-24 09:26:08 988 【988】相同任务或其它互斥任务正在执行，当前任务加入等待列表!
2017-10-24 09:26:12 988 【988】相同任务或其它互斥任务正在执行，当前任务加入等待列表!
2017-10-24 09:26:12 988 【988】任务后期处理成功{,}exec check_wt_user_up{,}True{,}
2017-10-24 09:26:16 988 【988】相同任务或其它互斥任务正在执行，当前任务加入等待列表!
2017-10-24 09:26:20 988 【988】相同任务或其它互斥任务正在执行，当前任务加入等待列表!
2017-10-24 09:26:24 988 【988】相同任务或其它互斥任务正在执行，当前任务加入等待列表!
2017-10-24 09:26:27 988 【988】任务后期处理成功{,}exec check_wt_user_up{,}True{,}
2017-10-24 09:26:32 988 【988】相同任务或其它互斥任务正在执行，当前任务加入等待列表!
2017-10-24 09:26:36 988 【988】相同任务或其它互斥任务正在执行，当前任务加入等待列表!
2017-10-24 09:26:40 988 【988】相同任务或其它互斥任务正在执行，当前任务加入等待列表!
2017-10-24 09:26:43 988 【988】任务后期处理成功{,}exec check_wt_user_up{,}True{,}
2017-10-24 09:26:44 988 【988】相同任务或其它互斥任务正在执行，当前任务加入等待列表!
2017-10-24 09:26:48 988 【988】相同任务或其它互斥任务正在执行，当前任务加入等待列表!
2017-10-24 09:26:56 988 【988】相同任务或其它互斥任务正在执行，当前任务加入等待列表!
2017-10-24 09:26:57 988 【988】任务后期处理成功{,}exec check_wt_user_up{,}True{,}
2017-10-24 09:27:00 988 【988】相同任务或其它互斥任务正在执行，当前任务加入等待列表!
2017-10-24 09:27:04 988 【988】相同任务或其它互斥任务正在执行，当前任务加入等待列表!
2017-10-24 09:30:40  开始调度
2017-10-24 09:30:48 988 【988】相同任务或其它互斥任务正在执行，当前任务加入等待列表!
2017-10-24 09:30:52 988 【988】相同任务或其它互斥任务正在执行，当前任务加入等待列表!
2017-10-24 09:30:56 988 【988】相同任务或其它互斥任务正在执行，当前任务加入等待列表!
2017-10-24 09:30:58 988 【988】任务后期处理成功{,}exec check_wt_user_up{,}True{,}
2017-10-24 09:31:00 988 【988】相同任务或其它互斥任务正在执行，当前任务加入等待列表!
2017-10-24 09:31:04 988 【988】相同任务或其它互斥任务正在执行，当前任务加入等待列表!
2017-10-24 09:31:08 988 【988】相同任务或其它互斥任务正在执行，当前任务加入等待列表!
2017-10-24 09:31:12 988 【988】相同任务或其它互斥任务正在执行，当前任务加入等待列表!
2017-10-24 09:31:13 988 【988】任务后期处理成功{,}exec check_wt_user_up{,}True{,}
2017-10-24 09:31:16 988 【988】相同任务或其它互斥任务正在执行，当前任务加入等待列表!
2017-10-24 09:31:20 988 【988】相同任务或其它互斥任务正在执行，当前任务加入等待列表!
2017-10-24 09:31:24 988 【988】相同任务或其它互斥任务正在执行，当前任务加入等待列表!
2017-10-24 09:31:28 988 【988】相同任务或其它互斥任务正在执行，当前任务加入等待列表!
2017-10-24 09:31:29 988 【988】任务后期处理成功{,}exec check_wt_user_up{,}True{,}
2017-10-24 09:31:32 988 【988】相同任务或其它互斥任务正在执行，当前任务加入等待列表!
2017-10-24 09:31:36 988 【988】相同任务或其它互斥任务正在执行，当前任务加入等待列表!
2017-10-24 09:31:40 988 【988】相同任务或其它互斥任务正在执行，当前任务加入等待列表!
2017-10-24 09:31:44 988 【988】任务后期处理成功{,}exec check_wt_user_up{,}True{,}
2017-10-24 09:31:48 988 【988】相同任务或其它互斥任务正在执行，当前任务加入等待列表!
2017-10-24 09:33:02  开始调度
2017-10-24 09:33:08 988 【988】相同任务或其它互斥任务正在执行，当前任务加入等待列表!
2017-10-24 09:33:12 988 【988】相同任务或其它互斥任务正在执行，当前任务加入等待列表!
2017-10-24 09:33:16 988 【988】相同任务或其它互斥任务正在执行，当前任务加入等待列表!
2017-10-24 09:33:18 988 【988】任务后期处理成功{,}exec check_wt_user_up{,}True{,}
2017-10-24 09:33:20 988 【988】相同任务或其它互斥任务正在执行，当前任务加入等待列表!
2017-10-24 09:33:24 988 【988】相同任务或其它互斥任务正在执行，当前任务加入等待列表!
2017-10-24 09:33:28 988 【988】相同任务或其它互斥任务正在执行，当前任务加入等待列表!
2017-10-24 09:33:32 988 【988】相同任务或其它互斥任务正在执行，当前任务加入等待列表!
2017-10-24 09:33:34 988 【988】任务后期处理成功{,}exec check_wt_user_up{,}True{,}
2017-10-24 09:33:36 988 【988】相同任务或其它互斥任务正在执行，当前任务加入等待列表!
2017-10-24 09:33:40 988 【988】相同任务或其它互斥任务正在执行，当前任务加入等待列表!
2017-10-24 09:33:43  停止调度
2017-10-24 09:33:44 988 相同任务正在执行
2017-10-24 09:33:49 988 【988】任务后期处理成功{,}exec check_wt_user_up{,}True{,}
2017-10-24 09:34:12 988 后期处理失败{,}exec check_wt_user_up{,}True{,}
2017-10-24 09:35:09 zp 任务开始
2017-10-24 09:35:09 zp 列“ZPIsPath”不属于表 。
2017-10-24 09:48:05  开始调度
2017-10-24 09:48:12 988 【988】相同任务或其它互斥任务正在执行，当前任务加入等待列表!
2017-10-24 09:48:16 988 【988】相同任务或其它互斥任务正在执行，当前任务加入等待列表!
2017-10-24 09:48:20 988 【988】相同任务或其它互斥任务正在执行，当前任务加入等待列表!
2017-10-24 09:48:21  停止调度
2017-10-24 09:48:23 988 【988】任务后期处理成功{,}exec check_wt_user_up{,}True{,}
2017-10-24 09:48:26 zp 任务开始
2017-10-24 09:48:41  数据库操作异常在与 SQL Server 建立连接时出现与网络相关的或特定于实例的错误。未找到或无法访问服务器。请验证实例名称是否正确并且 SQL Server 已配置为允许远程连接。 (provider: 命名管道提供程序, error: 40 - 无法打开到 SQL Server 的连接)
2017-10-24 09:48:41 zp 【成功】
